2565
1
1
bhj-b 3
1331
1
b-bddb 1
178
1
a-bhi 2
4
1
bdfb-e 1
0
1
bdcd-a 1
1324
1
cjf-bdce 1
3
1
fii-d 1
385
1
d-dif 1
131
1
cie-bdb 1
13
1
dgf-bd 1
615
1
bd-gbf 1
1352
2
i-bdfc 3
j-bdfc 1
364
1
bc-dge 1
14
1
chj-be 1
7
1
bdfb-h 1
1333
1
beeg-bddd 1
8
1
bddj-i 1
1139
1
be-bbdj 1
12
1
gbe-bc 1
15
1
bbea-bf 1
278
1
bf-chi 1
990
2
ecg-jja 2
bcga-jja 1
18
2
cj-bi 1
ejj-bi 1
23
1
bebc-cd 2
26
1
ieg-cg 1
1630
3
bh-bgda 1
bj-bgda 1
cd-bgda 1
1297
1
ca-bcjh 2
845
1
cf-ief 1
17
1
cabb-bh 2
20
1
ejj-ca 1
22
1
cgd-cc 2
21
2
ejg-cb 1
fab-cb 1
19
1
bcji-bj 2
1411
1
ce-bebb 1
2012
1
bi-cabc 2
497
2
cc-ejh 1
bgda-ejh 3
262
1
cb-cgc 2
33
1
fhe-dd 2
573
1
dc-fhd 4
32
1
fah-dc 4
1994
1
dd-bjje 2
1777
1
eh-bhhh 1
49
1
bhhi-ej 1
55
1
ej-ff 1
47
1
fe-eh 1
1616
1
ei-bgbg 1
58
1
fch-fi 1
1161
2
fi-bbgb 1
beb-bbgb 2
1862
1
gb-bigc 3
371
1
ga-dhb 3
1802
1
ff-biac 1
61
2
dha-gb 1
dhe-gb 1
60
1
bigd-ga 4
54
1
biad-fe 1
1953
1
bdib-bjfd 2
68
1
baci-gi 1
1029
1
gj-bacj 2
1510
1
gi-bfba 2
75
1
bbee-hf 1
698
2
hf-gji 1
iii-gji 1
69
1
beib-gj 2
1579
1
if-bfhj 1
1704
1
ig-bhae 1
1796
2
ie-bhjg 2
bfce-bhjg 1
828
1
bjie-ici 1
2036
1
id-cadg 1
86
1
bfia-ig 2
85
1
bhad-if 1
90
1
id-ja 1
893
1
ic-ijd 1
84
1
cadh-ie 2
83
1
bhjf-id 2
82
1
bfaj-ic 1
2002
1
jd-caac 2
93
1
gje-jd 2
852
1
jh-ifc 1
99
1
chg-jj 1
105
1
bdfc-baf 1
1929
1
jf-bjcj 1
1351
2
bad-bdfb 1
bag-bdfb 1
94
1
caad-je 3
695
1
je-gjf 3
95
1
bjdi-jf 2
96
1
ifd-jg 1
98
1
bdb-ji 2
277
1
baa-chh 3
100
1
bdfc-baa 1
303
1
ji-dad 3
115
1
bebf-bbf 1
1441
1
bca-beeb 1
1409
1
bbf-beaj 1
122
1
bbi-bcc 2
1683
1
bbj-bgid 2
120
1
bdaj-bca 2
112
1
bbh-bbc 1
113
1
beaj-bbd 1
1410
1
bbc-beba 1
121
1
baaj-bcb 1
118
1
bddh-bbi 2
119
1
beea-bbj 1
1010
1
bcc-baba 1
1416
1
bbe-bebg 1
114
1
beba-bbe 1
116
1
bbd-bbg 2
1831
1
bcb-bidb 1
110
1
gab-bba 1
111
1
gcg-bbb 1
625
1
bba-gcf 1
600
1
bbb-gaa 1
106
1
bbg-bag 2
103
1
fhf-bad 2
117
1
baf-bbh 1
108
1
gic-bai 1
1197
1
bai-bbjh 1
683
1
baj-gid 1
109
1
bbji-baj 1
135
1
hhd-bdf 1
137
1
bdf-bdh 1
136
1
bdi-bdg 1
1003
1
bcj-baad 1
138
1
biac-bdi 1
774
1
bdg-hhe 1
1025
1
bcg-bacf 1
1803
1
bdh-biad 1
129
1
bbag-bcj 1
134
1
bhe-bde 1
1108
1
cde-bbai 3
968
1
ghc-jgi 1
149
1
eja-bej 1
1392
1
bej-bdjc 1
150
1
bdjd-bfa 2
488
1
bfa-eii 2
142
1
bbga-bec 2
581
1
bec-fib 1
297
1
cjc-cjh 1
141
1
fia-beb 1
179
1
hcf-bhj 3
1111
2
bbaf-bbbb 1
bbai-bbbb 1
1465
1
bfe-begf 2
159
1
bjdh-bfj 2
544
1
bfj-fee 2
153
1
ehh-bfd 1
158
1
bjde-bfi 1
546
1
bfi-feg 1
154
1
bbai-bfe 1
203
1
bfd-cad 2
156
1
bejf-bfg 1
1145
2
bfc-bbef 1
biaf-bbef 1
152
1
cac-bfc 3
157
1
beii-bfh 1
155
1
begg-bff 1
476
1
bfc-ehg 1
1487
1
bfg-beih 1
1496
1
bfh-bejg 1
160
1
fej-bga 1
1936
1
bgb-bjdg 2
1937
1
bcdi-bjdh 1
1935
1
bga-bjdf 1
161
2
fef-bgb 1
fej-bgb 1
174
1
idi-bhe 1
839
1
bhd-idj 1
183
1
ddf-bid 1
1318
1
bid-bdbi 2
784
1
bhh-hie 1
175
1
hid-bhf 2
724
1
bhi-hce 1
725
1
hcd-hcf 3
182
1
bdbj-bic 1
336
1
bic-ddg 1
173
1
bhf-bhd 1
777
1
bja-hhh 2
423
1
bif-ecd 2
187
1
iag-bih 1
191
1
hhi-bjb 1
190
1
efb-bja 2
188
1
bhjd-bii 1
1804
1
bii-biae 1
193
1
efc-bjd 1
185
1
bih-bif 2
452
1
bjb-efc 1
184
1
ecc-bie 1
194
1
chh-bje 1
186
1
bie-big 1
195
1
fca-bjf 1
1162
1
bjg-bbgc 1
201
1
cec-cab 1
1671
1
cai-bghb 1
838
1
cad-idi 2
841
1
bji-ieb 1
204
1
bdae-cae 1
198
1
cah-bji 1
208
1
bjj-cai 1
1389
1
cab-bdij 2
196
1
bghg-bjg 1
207
1
bghc-cah 1
1312
1
bjf-bdbc 2
451
1
bje-efb 2
202
1
idj-cac 3
199
1
iec-bjj 1
1451
1
bebd-befb 1
220
1
hfb-cca 1
420
1
cbi-eca 1
219
1
ecb-cbj 1
678
1
bheg-ghi 1
217
1
ccb-cbh 2
749
1
cbh-hej 1
751
1
bhda-hfb 1
218
1
beia-cbi 1
1105
1
ccg-bbaf 1
1241
1
cdd-bceb 1
234
2
bcdj-cde 1
bcec-cde 2
226
1
bhjj-ccg 1
730
1
hdf-hda 2
1798
1
ccf-bhji 1
233
2
bbaa-cdd 1
bbah-cdd 1
1238
1
cdd-bcdi 1
225
1
bbae-ccf 1
240
1
jjj-cea 2
242
1
bidj-cec 3
768
2
cea-hgi 1
cec-hgi 2
1000
1
ceb-baaa 2
237
1
bjgi-cdh 2
1969
1
bgid-bjgj 1
769
1
cea-hgj 1
239
1
bdii-cdj 2
241
1
hha-ceb 2
1840
1
ced-biea 2
760
1
cdh-hga 2
243
2
cdj-ced 1
hha-ced 1
300
1
ddg-daa 1
299
1
bejh-cjj 1
295
1
cjc-cjf 1
290
1
bfgg-cja 1
1325
1
cjh-bdcf 1
293
1
cjb-cjd 1
296
1
bdcj-cjg 1
1567
1
cjd-bfgh 1
291
2
cje-cjb 1
cjg-cjb 1
292
1
cja-cjc 2
256
1
cff-cfg 1
254
1
bfaa-cfe 1
255
1
cfe-cff 1
270
1
bcjh-cha 1
1870
1
cha-biha 1
1298
1
chb-bcji 2
1262
1
babd-bcgc 2
472
1
cgc-ehc 3
271
1
bihb-chb 2
263
1
ehd-cgd 2
283
1
bfcb-cid 2
1317
1
cid-bdbh 1
284
1
beeh-cie 1
282
1
bdbf-cic 2
279
1
bahh-chj 1
827
2
cib-ich 1
bfca-ich 2
1520
1
cic-bfca 2
281
1
bjjj-cib 1
943
1
ijh-jed 1
505
1
gfi-faf 1
302
1
bjfh-dac 2
1956
1
dab-bjfg 2
306
1
dbb-dag 1
301
1
dad-dab 2
335
1
dad-ddf 1
2023
1
hhb-cacd 1
1938
2
daa-bjdi 1
dac-bjdi 2
988
1
dcf-jii 1
1400
1
dce-beaa 2
325
1
beab-dcf 1
850
1
dch-ifa 1
324
1
jih-dce 2
642
1
ddj-gec 1
339
1
ged-ddj 1
1153
1
dhb-bbfd 3
1667
1
dge-bggh 1
375
1
dha-dhf 1
1194
1
bggh-bbje 1
415
1
dgi-ebf 1
361
1
jdd-dgb 1
369
1
ebg-dgj 1
370
1
bbfc-dha 3
365
1
bggi-dgf 1
932
1
dgb-jdc 1
1254
1
bbje-bcfe 1
378
1
dhh-dhi 1
374
1
bbfe-dhe 1
426
2
dif-ecg 1
dig-ecg 1
1192
1
dia-bbjc 2
379
1
baaa-dhj 1
381
1
bbjd-dib 2
377
1
bgje-dhh 1
380
1
bjfg-dia 2
1957
1
dib-bjfh 2
382
1
bjfi-dic 1
999
1
dhi-jjj 1
386
1
jbe-dig 1
389
1
ebi-dij 1
1156
1
dhf-bbfg 1
1315
2
dic-bdbf 1
bdbi-bdbf 1
1746
1
djf-bheg 1
417
2
dja-ebh 1
bcef-ebh 1
396
1
bheh-djg 1
1243
1
dij-bced 1
390
1
bcee-dja 1
1137
1
bbdj-bbdh 1
411
1
bcbb-ebb 1
513
1
bjcf-fbd 1
522
1
fbf-fcc 1
516
1
fbi-fbg 3
518
2
fci-fbi 1
jif-fbi 1
1692
1
fbd-bgjc 1
1923
2
fbe-bjcd 1
bfjb-bjcd 2
527
1
fbj-fch 4
735
1
fbg-hdf 3
663
1
fbh-ggd 1
515
2
hde-fbf 1
hdg-fbf 1
986
1
fcc-jig 1
514
1
bgjb-fbe 1
521
1
jie-fcb 1
519
2
fbf-fbj 1
jie-fbj 2
517
1
jif-fbh 1
418
1
hji-ebi 1
413
1
ief-ebd 1
846
1
ebe-ieg 1
670
1
ebd-gha 1
428
1
bibc-eci 1
939
1
ebf-jdj 2
422
1
bebb-ecc 1
1412
1
ecd-bebc 2
429
1
hec-ecj 1
1813
1
ecj-bibd 1
414
1
ghb-ebe 1
741
1
eci-heb 1
1554
1
ebh-bffe 2
416
1
jea-ebg 1
1834
1
gbh-bide 1
1835
1
edd-bidf 1
818
1
eei-ibi 1
442
1
bija-eec 1
432
1
bide-edc 2
1954
1
eea-bjfe 3
439
1
bjfd-edj 3
1889
1
eec-biij 1
433
1
edi-edd 1
1724
1
edj-bhce 3
440
1
bhcf-eea 3
457
1
bhaj-efh 2
856
1
eej-ifg 1
1481
1
efh-beib 2
1708
1
efi-bhai 2
450
1
iff-efa 1
449
1
baie-eej 2
456
1
bhbf-efg 1
1081
1
bcjd-baib 2
1085
1
efa-baif 2
458
1
fja-efi 2
1714
2
eff-bhbe 1
ieb-bhbe 1
448
1
bhcc-eei 1
1396
1
ijf-bdjg 1
477
1
badb-ehh 1
1030
1
ehg-bada 1
858
1
egf-ifi 1
873
1
egf-ihd 1
1995
2
ehi-bjjf 2
eie-bjjf 1
1614
2
ege-bgbe 1
ibi-bgbe 1
1944
1
ehc-bjee 3
473
1
bjef-ehd 2
465
1
bgbd-egf 1
978
1
eha-jhi 1
469
1
iha-egj 1
480
1
gia-eia 3
1886
1
eih-biig 2
1669
1
eid-bggj 1
1993
2
eia-bjjd 1
eig-bjjd 1
681
1
ehj-gib 3
770
2
eii-hha 1
ejb-hha 2
481
1
gig-eib 1
486
1
gig-eig 1
479
1
gig-ehj 1
490
1
hgi-eja 2
672
1
eja-ghc 1
487
3
eii-eih 1
hgi-eih 1
hgj-eih 1
483
1
bgha-eid 1
484
1
gig-eie 1
1553
1
ejf-bffd 1
825
1
ejh-icf 1
500
1
bgda-faa 1
991
1
faf-jjb 1
657
1
fag-gfh 1
491
1
biie-ejb 2
824
2
ejh-ice 2
faa-ice 1
1365
1
ejd-bdgf 1
501
1
icb-fab 1
499
2
icc-ejj 1
icd-ejj 2
493
1
gai-ejd 1
507
1
bjjf-fah 3
506
1
jjc-fag 1
632
1
gdg-gdc 1
659
1
gdc-gfj 2
1997
1
bhja-bjjh 1
616
1
bief-gbg 1
626
1
bieb-gcg 1
2044
2
gbf-caee 1
gbg-caee 1
617
1
caed-gbh 1
633
1
gga-gdd 2
635
1
bjjg-gdf 1
1629
1
gdf-bgcj 1
1842
1
gcf-biec 1
1790
1
gdd-bhja 2
614
1
caed-gbe 1
537
1
fch-fdh 1
528
1
fdi-fci 1
530
1
bhdh-fda 1
524
1
gge-fce 1
1019
1
fdj-babj 1
810
1
feg-iba 1
809
1
fee-iaj 2
538
1
jii-fdi 1
545
1
iah-fef 1
987
1
fdh-jih 1
559
1
gjf-ffj 1
1833
1
ffj-bidd 2
1633
1
ffg-bgdd 1
694
1
ffi-gje 2
1580
1
ffh-bfia 2
564
1
ggd-fge 1
1524
1
fgc-bfce 1
557
1
bgde-ffh 2
549
2
iah-fej 1
iai-fej 1
563
1
jhe-fgd 1
973
1
fge-jhd 1
562
1
gjf-fgc 1
664
1
fgd-gge 1
556
1
bfhj-ffg 1
558
1
bidc-ffi 1
575
1
beje-fhf 2
566
1
jaj-fgg 1
1164
1
fhg-bbge 1
812
1
fhd-ibc 3
1767
1
jdg-bhgh 1
793
2
fha-hjd 1
fhc-hjd 1
885
1
fhj-iif 1
568
1
fhb-fgi 1
580
1
igc-fia 1
914
1
fgf-jbe 1
574
2
ibf-fhe 1
ibh-fhe 1
571
1
hje-fhb 1
669
1
fgg-ggj 1
579
1
jdf-fhj 2
936
1
fhi-jdg 1
570
1
jgi-fha 1
1698
1
fhh-bgji 1
567
1
baeb-fgh 1
572
1
fgh-fhc 1
1040
2
fgi-baea 1
baab-baea 1
583
1
gag-fid 1
2006
1
fjf-caag 1
863
1
fib-igd 1
587
1
bbfg-fih 1
595
1
fjd-fjf 1
590
1
beic-fja 2
1605
2
fid-bgaf 1
bhaa-bgaf 1
1190
1
bhag-bbja 1
588
1
bbja-fii 1
1538
1
fih-bfdi 1
1686
1
gac-bgig 1
608
1
bige-gai 1
1152
2
geh-bbfc 1
bhbe-bbfc 1
603
1
beae-gad 1
601
1
bhab-gab 1
605
1
bgbi-gaf 1
606
1
bfjb-gag 1
1700
1
gaa-bhaa 1
602
1
ijc-gac 1
2038
1
gaf-cadi 1
1178
1
gad-bbhi 1
647
1
baed-geh 1
783
1
bfgb-hid 1
1044
1
gei-baee 1
1286
1
ged-bcig 1
1566
1
geg-bfgg 1
636
1
bjjg-gdg 1
648
1
bbff-gei 1
1288
1
bcij-bcii 1
1571
1
gee-bfhb 1
1290
1
gec-bcja 1
643
1
bcie-ged 1
646
1
bbgh-geg 1
644
1
bfgh-gee 1
907
1
gfj-jah 2
658
1
bdjg-gfi 1
1930
1
ggc-bjda 1
660
1
jai-gga 2
662
1
bdgf-ggc 1
1397
1
gfh-bdjh 2
674
1
ifg-ghe 1
682
1
bahd-gic 1
1041
2
ghe-baeb 1
hia-baeb 1
671
1
bcbg-ghb 1
742
1
ghi-hec 1
680
1
bjee-gia 3
679
1
heb-ghj 1
855
1
ghd-iff 2
1945
1
gib-bjef 2
1747
1
ghj-bheh 1
673
1
baea-ghd 2
1215
1
gha-bcbf 1
684
1
bggb-gie 1
688
1
bgfj-gii 1
889
1
gjh-iij 1
1245
1
gji-bcef 1
686
2
bded-gig 2
bdee-gig 3
1662
1
gif-bggc 1
1660
1
gih-bgga 1
718
1
jch-hbi 1
1255
1
hbj-bcff 1
707
1
bhcg-hah 1
1437
1
hbh-bedh 1
708
1
bdaf-hai 1
717
1
bcfe-hbh 1
1587
1
hai-bfih 1
1070
1
hcb-baha 1
807
1
hda-iah 2
808
1
hdb-iai 1
736
1
hdd-hdg 1
1375
1
hca-bdhf 1
721
1
bjff-hcb 1
733
1
iaj-hdd 2
722
1
hce-hcc 1
995
1
hcc-jjf 1
719
1
bedg-hbj 1
723
1
jjg-hcd 3
720
1
bagj-hca 1
1982
1
igf-bjic 1
744
1
bhch-hee 1
1731
1
hej-bhdb 1
1508
1
hed-bfai 1
862
1
baij-igc 1
1036
1
ige-badg 2
1202
1
bjib-bcac 1
864
1
bjif-ige 1
865
1
badh-igf 2
771
1
bbgb-hhb 1
1160
1
bbgb-bbga 1
1372
1
hga-bdhc 2
759
1
bdhd-hfj 1
2037
1
jbf-cadh 1
1314
1
hhh-bdbe 2
778
1
bdbc-hhi 1
1138
1
hhe-bbdi 1
779
1
baea-hhj 1
773
1
bbdh-hhd 2
1563
1
hie-bfgd 1
1274
1
hjd-bche 1
798
2
bgbe-hji 1
biea-hji 1
1694
1
hjj-bgje 1
1271
1
bjjh-bchb 1
794
1
bchd-hje 1
799
3
bffd-hjj 1
bffe-hjj 1
biea-hjj 1
1613
1
hjj-bgbd 2
800
1
bffe-iaa 1
1839
2
hji-bidj 1
iaa-bidj 1
1158
1
ibg-bbfi 1
816
1
bbfj-ibg 1
1591
1
ibc-bfjb 3
815
1
bjea-ibf 1
817
1
bjea-ibh 1
1521
1
icg-bfcb 2
1989
1
ich-bjij 2
1603
1
ice-bgad 4
822
1
bgac-icc 1
826
1
bjic-icg 1
1998
2
ici-bjji 1
bgdh-bjji 1
1814
1
icf-bibe 1
1985
1
ich-bjif 1
1637
1
ici-bgdh 1
823
2
bgac-icd 1
bibf-icd 2
842
1
bhbf-iec 1
1676
1
idj-bghg 1
1066
1
ifa-bagg 1
1984
1
ihh-bjie 2
875
1
bchj-ihf 1
1277
2
ihg-bchh 1
iia-bchh 1
877
1
bhce-ihh 3
1725
1
ihi-bhcf 3
1628
1
ihf-bgci 1
870
1
ihd-iha 1
886
1
cacd-iig 1
992
1
iig-jjc 1
878
1
bjij-ihi 2
880
1
baaa-iia 1
1217
1
iij-bcbh 1
895
1
ijg-ijf 1
887
1
jjb-iih 1
892
1
bjhd-ijc 1
1404
1
ijd-beae 1
894
1
bhhj-ije 1
1216
1
iij-bcbg 1
897
1
ije-ijh 1
2022
1
iih-cacc 1
888
1
bcbf-iii 1
1097
1
jba-bajh 2
915
1
bcbh-jbf 1
910
1
bjhi-jba 2
1388
1
jah-bdii 1
911
1
bajg-jbb 1
917
1
bhbc-jbh 1
1785
1
jbh-bhif 1
908
1
bdij-jai 2
909
1
bcga-jaj 1
1979
1
jbb-bjhj 1
928
1
jee-jci 1
929
1
bbch-jcj 1
933
1
bebh-jdd 1
935
1
bhgi-jdf 2
1126
1
jci-bbcg 1
1165
1
jdj-bbgf 1
1417
1
jed-bebh 1
1799
1
jge-bhjj 1
964
1
beeb-jge 1
965
1
bhji-jgf 1
1440
1
jgf-beea 1
1534
1
jhi-bfde 1
1863
1
jic-bigd 4
982
1
bgad-jic 4
984
2
baib-jie 1
bdbe-jie 2
1602
1
jid-bgac 4
985
1
baib-jif 1
1083
1
jig-baid 1
1919
1
jhd-bjbj 1
974
1
bjca-jhe 1
2020
1
jhd-caca 1
983
1
bigc-jid 4
1001
1
bdjc-baab 1
1393
1
baac-bdjd 2
996
1
bdeg-jjg 3
1260
2
jja-bcga 2
bcfh-bcga 2
1002
1
baeb-baac 2
1958
1
baad-bjfi 1
2021
1
jja-cacb 2
1717
1
jjf-bhbh 1
1608
2
baba-bgai 1
babb-bgai 1
1606
1
babe-bgag 1
1013
1
bgaf-babd 3
1615
1
bcdb-bgbf 1
1736
1
babj-bhdg 1
1023
1
beef-bacd 1
1439
1
bacc-bedj 1
1009
1
bgah-baaj 1
1902
1
baai-bjac 1
1014
1
bcgd-babe 2
1084
1
badg-baie 2
1495
1
bada-bejf 1
1028
1
bibe-baci 2
1709
1
badi-bhaj 2
1042
1
bfjf-baec 1
1815
1
bacj-bibf 2
1037
1
baif-badh 2
1031
1
bejg-badb 1
1038
1
bghj-badi 2
1046
1
bjdb-baeg 1
1595
1
baeg-bfjf 1
1231
1
baee-bcdb 1
1618
1
baej-bgbi 1
1049
1
bbdf-baej 1
1970
1
baec-bjha 1
1043
1
bcda-baed 1
1058
1
bjcj-bafi 1
1446
1
bafi-beeg 1
1135
1
bahf-bbdf 1
1292
1
baid-bcjc 1
1069
1
bdgc-bagj 1
1075
1
bjha-bahf 1
1073
1
bjeh-bahd 1
1363
1
baha-bdgd 1
1113
1
bhjg-bbbd 2
1104
1
bbbd-bbae 1
1089
1
beaa-baij 1
1401
1
baja-beab 1
1096
1
bcgf-bajg 1
1267
1
bajh-bcgh 2
1644
1
bbbg-bgee 1
1795
1
bbbb-bhjf 2
1116
1
befi-bbbg 1
1109
1
bfec-bbaj 1
1541
1
bbbc-bfeb 1
1523
1
bbbb-bfcd 1
1117
1
bhjg-bbbh 1
1607
1
bbce-bgah 1
1841
1
bdha-bieb 1
1384
1
bdig-bdie 1
1376
1
bfjj-bdhg 2
1382
1
bjfe-bdic 2
1385
1
bdhi-bdif 1
1381
1
biig-bdib 2
1387
1
bdif-bdih 1
1955
1
bdhg-bjff 1
1443
1
bdhb-beed 4
1378
1
bdie-bdhi 1
1370
1
beee-bdha 1
1598
1
bdhf-bfji 1
1884
1
bdic-biie 2
1120
1
bgai-bbca 1
1829
1
bbci-bicj 2
1140
1
bbdi-bbea 1
1128
1
bfid-bbci 2
1303
1
bbca-bdad 2
1436
1
bbcg-bedg 1
1584
1
bbcj-bfie 2
1129
1
bida-bbcj 2
1127
1
bedh-bbch 1
1289
1
bbej-bcij 1
1805
1
bbfa-biaf 1
1144
1
bcga-bbee 1
1361
1
bbef-bdgb 1
1150
1
bcja-bbfa 1
1357
1
bbef-bdfh 1
1149
1
biae-bbej 1
1691
1
bbfi-bgjb 1
1159
1
bgjc-bbfj 1
1715
1
bbfd-bhbf 2
1494
2
bbgf-beje 1
bfcc-beje 1
1846
1
bbhb-bieg 1
1167
1
bfha-bbgh 1
1176
1
bdfh-bbhg 1
1681
1
bbjb-bgib 1
1832
1
bbjc-bidc 2
1191
1
bhai-bbjb 2
1193
1
bidd-bbjd 2
1195
1
bcff-bbjf 1
1668
1
bbjf-bggi 1
1972
1
bbhi-bjhc 1
1645
1
bbjh-bgef 1
1198
1
bgeg-bbji 1
1203
1
caca-bcad 1
2019
1
bcac-cabj 1
1909
1
bcai-bjaj 1
1910
1
bccf-bjba 1
1227
1
beih-bcch 1
1226
1
bcce-bccg 1
1225
1
bcch-bccf 1
1230
1
bgbg-bcda 1
1488
1
bccg-beii 1
1224
1
bjaj-bcce 1
1874
1
bcdh-bihe 1
1257
1
bgib-bcfh 2
1242
2
bjdf-bcec 1
bjdg-bcec 1
1258
1
cacb-bcfi 2
1996
2
bcha-bjjg 1
bchd-bjjg 1
1266
1
bchb-bcgg 1
1270
1
bcgg-bcha 1
1263
1
caee-bcgd 2
1273
1
bcgh-bchd 2
2043
1
bcgc-caed 2
1679
1
bcfi-bghj 2
1279
2
bfih-bchj 1
bgcj-bchj 1
1722
1
bchj-bhcc 1
1284
1
bcii-bcie 1
1726
1
bchh-bhcg 2
1323
1
bcjc-bdcd 1
1309
1
bgic-bdaj 2
1302
1
bdea-bdac 1
1293
2
bdcf-bcjd 1
bddb-bcjd 1
1344
1
bdad-bdee 2
1319
1
bdbh-bdbj 1
1415
1
bdce-bebf 1
1329
1
bebg-bdcj 1
1346
2
bebe-bdeg 1
bfdb-bdeg 1
1336
1
bidb-bddg 1
1485
1
bdea-beif 2
1343
1
bjje-bded 2
1413
1
bdef-bebd 1
1339
1
beed-bddj 3
1447
1
bddj-beeh 1
1444
2
bddd-beee 2
bddf-beee 1
1340
1
bjjd-bdea 3
1334
1
beed-bdde 1
1345
1
bhbh-bdef 1
1362
1
bggj-bdgc 1
1793
1
bdga-bhjd 1
1670
1
bdgd-bgha 1
1371
2
bdhc-bdhb 2
biec-bdhb 1
1659
1
bggc-bgfj 1
1664
1
bjgj-bgge 1
1661
1
bgga-bggb 1
1951
1
bjeg-bjfb 1
1968
1
bggd-bjgi 2
2013
1
bgge-cabd 1
1779
1
bdjh-bhhj 2
1492
1
bdih-bejc 1
1386
1
bejb-bdig 1
1414
1
befc-bebe 1
1491
1
befb-bejb 1
1542
1
befg-bfec 1
1452
1
bejc-befc 1
1586
1
befj-bfig 1
1454
1
bhaf-befe 1
1599
1
befe-bfjj 1
1459
1
bfji-befj 1
1466
1
beif-begg 1
1674
1
befh-bghe 1
1484
1
begf-beie 1
1516
1
behd-bfbg 1
1482
1
bfba-beic 2
1690
1
beie-bgja 1
1475
1
bhgh-behf 1
1768
1
behe-bhgi 2
1473
1
behf-behd 1
1502
1
bibd-bfac 1
1812
1
bfab-bibc 1
1727
1
bfai-bhch 1
1501
1
bhdd-bfab 1
1732
1
bfac-bhdc 1
1682
2
bjgf-bgic 1
bjgg-bgic 1
1518
1
bjbj-bfbi 1
1522
1
bihe-bfcc 1
1920
1
bfbj-bjca 1
1754
1
bfcd-bhfe 1
1533
1
bgih-bfdd 2
1810
1
bfde-biba 1
1663
2
bfdd-bggd 2
bghf-bggd 1
1847
1
bfdc-bieh 1
1544
1
bhif-bfee 1
1539
1
bfdi-bfdj 1
1898
1
bfee-biji 1
1531
1
bieg-bfdb 2
1706
1
bfdj-bhag 1
1565
1
bfgd-bfgf 1
1561
1
bfge-bfgb 1
1564
1
bfhb-bfge 1
1570
1
bfgf-bfha 1
1573
1
bgee-bfhd 1
1583
1
caac-bfid 2
2003
1
bfie-caad 2
1585
1
bhae-bfif 1
1703
1
bfig-bhad 1
1705
1
bfif-bhaf 1
1701
1
bgag-bhab 1
1965
1
bggd-bjgf 1
1807
1
bgbc-biah 1
1623
1
biha-bgcd 1
1952
1
bgcd-bjfc 1
1612
1
cabd-bgbc 1
1624
1
bjfb-bgce 2
1871
1
bgce-bihb 2
1999
1
bgdg-bjjj 1
1635
1
bjji-bgdf 2
1634
1
bgdf-bgde 2
1673
1
bgef-bghd 1
1646
1
bghe-bgeg 1
1636
1
bgdd-bgdg 1
1648
1
caag-bgei 1
1864
1
bgei-bige 1
1675
1
bjag-bghf 1
1778
1
bghb-bhhi 1
1672
1
bhhh-bghc 1
1687
1
bjdc-bgih 2
1712
1
bhba-bhbc 1
1710
1
bjac-bhba 1
1730
1
bhdc-bhda 1
1737
1
bhfc-bhdh 1
1733
1
bhdb-bhdd 1
1751
1
bhdg-bhfb 1
1752
1
caab-bhfc 1
2000
1
bhfb-caaa 1
1906
1
biag-bjag 1
1806
1
bjcd-biag 1
1925
1
biah-bjcf 1
1828
1
cabc-bici 2
2011
1
bich-cabb 2
1827
1
bicj-bich 2
1830
1
bici-bida 2
1845
1
bidf-bief 1
1890
1
bjhj-bija 1
1978
1
biij-bjhi 2
1931
1
bjda-bjdb 1
1218
1
bjba-bcbi 1
1932
1
bjcd-bjdc 2
1947
1
bjfc-bjeh 1
3125
1
dcfe-dbcf 3
3493
2
cfce-dejd 1
dccb-dejd 3
3494
2
deff-deje 5
dgig-deje 1
2533
1
cfef-cfdd 1
2537
1
cfdg-cfdh 1
2524
2
dbjf-cfce 1
dbji-cfce 1
2860
2
cfce-ciga 1
dhdf-ciga 1
2540
1
cfdh-cfea 1
2072
1
cagh-cahc 1
2062
1
cage-cagc 1
2063
1
cahb-cagd 1
3732
1
cagf-dhdc 1
2065
1
cagj-cagf 1
2066
1
cagi-cagg 1
2068
1
cahd-cagi 1
2071
1
cagc-cahb 1
2067
1
cagd-cagh 1
2064
1
dhdd-cage 1
2069
1
caha-cagj 1
3305
1
cahc-ddaf 1
2070
1
cagg-caha 1
2073
1
ddag-cahd 1
2122
2
cijj-cbcc 1
cjbf-cbcc 1
2916
2
cbcb-cjbg 1
dhii-cjbg 3
2123
1
cbcc-cbcd 2
2121
1
cbcd-cbcb 2
2914
1
cbcb-cjbe 1
2844
1
cbec-ciee 1
2129
1
cbdc-cbcj 1
2130
1
cceb-cbda 1
2134
1
cbdd-cbde 1
2131
1
cbde-cbdb 1
2242
1
cbdb-ccec 1
3527
1
cbcj-dfch 1
2132
1
cbda-cbdc 1
2142
1
cbfh-cbec 1
2133
1
dfci-cbdd 1
2136
1
cbfc-cbdg 1
2169
1
cbdj-cbgj 1
2192
1
cbea-cbjc 1
2139
2
cbha-cbdj 1
cbjd-cbdj 1
2150
1
cbdg-cbfa 2
2193
1
cbfa-cbjd 1
2174
1
cbfa-cbhe 1
2159
1
cbed-cbfj 1
2167
1
cbhi-cbgh 1
2178
1
cbhe-cbhi 1
2184
1
cbia-cbie 1
2180
1
cbge-cbia 1
2170
1
cbgh-cbha 1
2165
1
cbgb-cbgf 1
2161
1
cbgj-cbgb 1
2164
1
cbgf-cbge 1
2185
1
cbic-cbif 2
3556
1
cbjf-dffg 1
2182
1
cbie-cbic 1
2151
1
cbjc-cbfb 1
2183
1
cbig-cbid 1
4132
1
cbif-ebdc 1
2194
1
dffh-cbje 1
2196
1
cbje-cbjg 1
3804
1
cbjg-diae 1
2195
1
cbjj-cbjf 1
2240
1
cccj-ccea 1
2230
1
ccdj-ccda 1
2243
1
ccec-cced 1
2244
1
ccea-ccee 1
2241
1
ccee-cceb 1
2239
1
cced-ccdj 1
2276
1
cchj-cchg 1
2363
1
cchg-cdgd 1
2347
1
cfdd-cdeh 1
2536
1
cdei-cfdg 1
2349
1
eahi-cdej 1
3022
1
cdeh-dacc 1
2355
2
cdfa-cdff 1
cdfd-cdff 2
2354
1
cdff-cdfe 1
2350
1
cdej-cdfa 1
2353
1
dgdf-cdfd 2
2352
1
cdfb-cdfc 2
3636
1
cdfe-dgdg 1
4077
1
cdfc-eahh 2
2351
1
cdff-cdfb 2
2387
1
cdif-cdih 1
2563
1
cdie-cfgd 1
2385
1
dfff-cdif 1
2383
1
ciaj-cdid 1
3331
1
cdih-dddb 1
2525
1
ceab-cfcf 1
2401
1
cfcg-ceab 1
3299
1
dcji-dcjj 1
2450
1
dijd-cefa 1
2452
1
ceej-cefc 2
2447
1
didi-ceeh 2
2453
1
cefa-cefd 1
2449
1
ceeh-ceej 2
2454
1
cefc-cefe 2
2827
1
cefg-cich 1
2441
1
ceec-ceeb 1
2442
1
cefd-ceec 1
2448
1
ceeb-ceei 1
3839
1
ceei-didj 1
2455
1
cefe-ceff 2
2456
1
ciea-cefg 1
3896
2
ceff-dijg 1
cici-dijg 1
2858
1
cifg-cifi 2
2487
1
cehi-ceih 3
2481
1
cehc-ceib 2
2855
1
ceib-ciff 2
2478
1
cigi-cehi 3
2488
1
cehb-ceii 3
2477
1
ceii-cehh 3
2473
1
ceih-cehd 3
2867
1
cehh-cigh 3
2511
1
cfbg-cfbb 5
4031
2
ceje-eadb 2
cejg-eadb 1
2502
1
cfaa-cfac 2
2495
1
eada-cejf 1
2501
1
cfad-cfab 1
2503
1
cfaf-cfad 1
2505
1
cfae-cfaf 1
2506
1
cfac-cfag 2
2497
1
cfag-cejh 2
4110
1
cfab-ebba 1
2496
1
cejj-cejg 1
2499
1
dicb-cejj 1
2500
1
ebaj-cfaa 2
2494
1
cejh-ceje 2
2504
1
cejf-cfae 1
3747
1
dheg-dheh 1
2515
1
cfbb-cfbf 5
2514
1
cfbc-cfbe 4
3748
1
cfbi-dhei 2
2516
3
cfbh-cfbg 1
cifd-cfbg 1
cjac-cfbg 2
2513
1
cfbe-cfbd 4
2512
1
ebib-cfbc 4
2919
1
cfbd-cjbj 2
2517
1
dheh-cfbh 2
2518
1
cfbd-cfbi 1
4180
1
cfbf-ebia 5
3062
1
dagj-dagc 1
3065
1
dagi-dagf 1
3072
1
daia-dahc 3
3076
1
dahc-dahg 3
3060
1
dafg-daga 2
3063
1
dagc-dagd 1
3068
1
dagb-dagi 2
3073
1
dahh-dahd 3
3054
1
dagd-dafe 1
3047
1
dagf-daeh 1
3069
1
daha-dagj 1
3061
1
daga-dagb 2
2545
1
cfeb-cfef 1
2566
1
cfhb-cfgg 1
2571
1
cgaa-cfhb 1
2574
1
cfgg-cfhe 1
2601
1
cfgf-cgab 1
2565
1
cfgh-cfgf 1
2600
1
cfjj-cgaa 1
2594
1
dffd-cfje 1
2602
1
cfje-cgac 1
3552
1
cfjf-dffc 1
2604
1
cgag-cgae 1
2595
1
cgaf-cfjf 1
2599
1
cgad-cfjj 1
2603
1
cgac-cgad 1
2605
1
cgae-cgaf 1
2606
1
cgab-cgag 1
3325
1
cgcb-ddcf 3
2619
1
cgca-cgbj 2
2621
1
cgbh-cgcb 3
2620
1
ddce-cgca 2
4029
1
cgbd-eacj 2
2618
1
cgbj-cgbi 2
2612
1
cgbi-cgbc 2
2613
1
cgbc-cgbd 2
2615
1
cgbe-cgbf 3
2616
1
cgbf-cgbg 3
2617
1
cgbg-cgbh 3
2614
1
eaci-cgbe 3
2685
1
djhd-cgif 1
3143
1
cghj-dbed 1
2682
1
cgib-cgic 1
3443
1
cgic-deed 1
2679
1
cgie-cghj 1
2681
1
cgia-cgib 1
2680
1
dbeh-cgia 1
2684
1
cgid-cgie 1
2686
1
chhi-cgig 1
2687
1
cgii-cgih 1
2706
1
cgih-chag 1
2777
1
cgif-chhh 1
3974
1
cgig-djhe 1
3239
1
dcdi-dcdj 1
2759
1
cjge-chfj 1
2761
1
chfj-chgb 1
2760
1
chgb-chga 1
4161
2
chgi-ebgb 1
ebgd-ebgb 2
2770
1
chhg-chha 1
3741
1
dhdj-dheb 1
3738
1
chgi-dhdi 1
2769
1
chha-chgj 1
2768
2
dhdh-chgi 1
ebgc-chgi 1
2778
1
dhdc-chhi 1
2788
1
chif-chii 2
2790
1
chii-chja 2
2875
1
chie-cihf 2
2791
1
dhdb-chjb 2
3730
1
chig-dhda 2
2789
1
chhj-chij 2
2785
1
chjb-chif 2
2781
1
chia-chib 2
2784
1
chib-chie 2
2779
1
chic-chhj 2
2787
1
chij-chih 2
2782
1
chid-chic 2
2783
1
cihg-chid 2
2780
1
chja-chia 2
2786
1
chih-chig 2
3733
1
chhh-dhdd 1
3925
1
ciai-djcf 2
3928
1
ciah-djci 2
3391
1
ciag-ddjb 1
2808
1
djcj-ciai 2
2807
1
djcg-ciah 2
2831
1
cidc-cidb 1
3926
1
cjbb-djcg 1
2833
1
cicg-cidd 1
2829
1
cida-cicj 1
2839
1
cicj-cidj 1
2830
1
dijc-cida 1
3996
1
cidb-djjg 1
2832
1
cieg-cidc 1
2845
1
cidd-cief 1
2828
1
cich-cici 1
3835
1
cieh-didf 1
2834
1
ciec-cide 1
2842
1
djjf-ciec 1
2840
1
cidf-ciea 1
2853
1
ciej-cifd 1
2841
1
dgfd-cieb 1
3836
1
cidh-didg 1
2836
1
ciee-cidg 1
3998
1
cied-djji 1
2835
1
didf-cidf 1
2849
1
ebdd-ciej 1
2861
2
dbaf-cigb 2
dhja-cigb 1
2837
1
cidi-cidh 1
2838
1
cidj-cidi 1
2847
1
cide-cieh 1
2846
1
didg-cieg 1
2843
1
cieb-cied 1
2848
1
djjh-ciei 1
3651
1
ciei-dgfb 1
3565
1
ciff-dfgf 2
3846
1
cifi-dieg 2
3791
2
ciga-dhjb 1
daji-dhjb 2
3734
1
cigb-dhde 2
3841
2
dieg-dieb 2
difa-dieb 3
3106
1
ciga-dbag 1
3198
1
cigb-dbji 1
2856
1
eadc-cifg 2
3122
1
dbbf-dbcc 1
2871
1
cigh-cihb 3
4109
1
cihf-ebaj 2
2872
1
dahg-cihc 3
2868
1
cihc-cigi 3
3077
1
cihb-dahh 3
2876
1
ebba-cihg 2
2921
1
cjad-cjcb 2
2903
1
cjcd-cjad 2
2904
1
cjca-cjae 2
2899
1
dhii-cijj 1
2922
1
cjae-cjcc 2
2902
1
cjcb-cjac 2
2920
1
cjbj-cjca 2
3654
1
cjcc-dgfe 1
2911
1
dhbi-cjbb 1
3056
1
dgff-dafg 1
2923
1
dgff-cjcd 2
3789
2
cjbe-dhij 1
cjbf-dhij 4
2915
1
dddi-cjbf 5
3333
1
cjbg-dddd 4
3719
1
cjba-dhbj 1
2926
1
cjji-cjcg 3
2910
1
djcf-cjba 1
3535
1
cjcg-dfdf 3
2927
1
dfdg-cjch 2
3504
1
dfah-dfae 1
2997
1
cjch-cjjh 2
3537
1
cjef-dfdh 2
2946
1
dfdi-cjeg 3
3541
1
cjeg-dfeb 3
2945
1
dfed-cjef 2
4211
1
cjej-ecbb 1
2957
1
cjha-cjfh 1
2956
1
dgej-cjfg 1
2963
1
cjfh-cjgd 1
2966
1
cjgd-cjgg 1
3506
1
cjff-dfag 1
2955
1
cjfc-cjff 1
2950
1
ecbc-cjfa 1
2951
1
cjfg-cjfb 1
2965
1
cjig-cjgf 1
2964
1
cjgf-cjge 1
2987
1
cjgg-cjih 1
2970
1
cjgj-cjha 1
3000
1
daac-daaa 3
2998
1
daaa-cjji 3
2986
1
cjjd-cjig 1
3001
1
daac-daab 2
3324
1
daab-ddce 2
3002
1
cjjg-daac 6
2996
1
cjjj-cjjg 6
2999
2
cjjh-cjjj 2
ddcf-cjjj 3
3006
2
dabf-daag 1
djgj-daag 1
3003
2
daag-daad 1
dcfd-daad 6
3970
1
daag-djha 1
3016
1
dacc-dabg 1
3021
1
dabg-dacb 1
3271
1
daad-dchb 7
3015
1
dcha-dabf 4
3254
1
dabf-dcfe 3
3028
1
dgia-daci 4
3030
1
dacb-dada 1
3029
1
eabi-dacj 7
4019
1
daci-eabj 4
3681
1
dacj-dgib 7
3053
1
dafe-dafd 1
3081
1
dahd-daib 3
3080
1
dahe-daia 2
3075
1
daib-dahf 2
3078
1
dhda-dahi 2
3731
1
dahj-dhdb 2
3074
1
dahi-dahe 2
3816
1
daib-dibg 1
3079
1
dahf-dahj 2
3114
1
dbca-dbbe 1
3124
1
dhfa-dbce 6
3097
1
dbae-dajh 2
3101
1
dbag-dbab 1
3103
1
dbac-dbad 2
3099
1
dhja-dajj 3
3105
1
dbaa-dbaf 2
3102
1
dbab-dbac 1
3104
1
dajj-dbae 2
3860
1
dhej-diga 4
3100
1
dajh-dbaa 2
3098
1
dbad-daji 2
3118
1
dbcb-dbbi 2
3119
1
dche-dbbj 1
3123
1
dbbj-dbcd 1
3253
1
dbce-dcfd 6
3121
1
dbcc-dbcb 2
3120
1
dbcd-dbca 1
3749
1
dbcf-dhej 3
3273
1
dbbi-dchd 2
3717
1
dbfd-dhbh 1
3154
2
dbff-dbfe 3
dbfg-dbfe 2
3162
1
dbgf-dbgc 6
3195
2
dbgc-dbjf 2
djid-dbjf 1
3158
1
dbfe-dbfi 2
3156
2
dbfe-dbfg 3
dbfj-dbfg 2
3186
1
dbgb-dbig 2
3197
1
dbgc-dbjh 2
3160
1
dbif-dbga 2
3153
1
dbfi-dbfd 1
3157
1
dbfg-dbfh 3
3161
1
dbfh-dbgb 3
3211
1
dbfi-dcbb 1
3155
1
dcba-dbff 3
3159
1
dbga-dbfj 2
3165
1
dbii-dbgf 6
3164
1
dbgd-dbge 3
3184
1
dbhb-dbie 1
3169
1
dbih-dbgj 2
3163
1
dbjf-dbgd 2
3220
1
dbge-dcca 3
3187
1
dbig-dbih 2
3185
1
dbie-dbif 2
3188
1
djid-dbii 6
3209
1
dcbb-dcaj 1
3593
1
dcaj-dfjd 1
3210
2
dgaj-dcba 1
dhbg-dcba 1
3226
1
ddef-dccg 1
3341
2
dcce-ddeb 1
dccf-ddeb 1
3224
1
dcci-dcce 1
3221
1
dcca-dccb 3
3251
1
dcef-dcfb 1
3242
2
dcfg-dcec 2
ddbi-dcec 4
3258
1
dcec-dcfi 1
3240
1
dchb-dcea 7
3316
2
dceb-ddbg 6
dcfg-ddbg 1
3241
2
dcea-dceb 7
dcgh-dceb 1
3245
1
dcdj-dcef 1
3257
1
dceb-dcfh 2
3250
1
dcec-dcfa 4
3238
1
dcfc-dcdi 1
3269
1
dcfj-dcgj 1
3265
1
dcgj-dcgf 1
3264
1
dcfi-dcge 1
3270
1
dcfa-dcha 4
3261
1
dcgd-dcgb 1
3256
1
dchf-dcfg 3
3259
1
dcgc-dcfj 1
3268
1
dcgg-dcgi 1
3275
2
dcfh-dchf 2
dchd-dchf 1
3263
1
dcgi-dcgd 1
3267
1
dcgb-dcgh 1
3252
1
dcgf-dcfc 1
3266
1
dcfb-dcgg 1
3262
1
dcge-dcgc 1
3295
1
dcjj-dcjf 1
3312
1
ddbf-ddbc 1
3296
1
ddae-dcjg 1
3300
1
dcjg-ddaa 1
3303
1
dcjf-ddad 1
3298
1
dfed-dcji 1
3302
1
ddad-ddac 1
3297
1
ddaa-dcjh 1
3304
1
ddab-ddae 1
3319
1
ddca-ddbj 5
3559
1
ddcb-dffj 7
3317
1
ddbg-ddbh 7
3318
1
ddbj-ddbi 5
3321
1
ddbh-ddcb 7
3320
1
dfge-ddca 5
3742
1
dddd-dhec 1
3336
1
dddd-dddg 2
3877
1
ddec-dihh 1
3349
1
dded-ddej 1
3329
1
dddb-ddcj 1
3338
2
dddh-dddi 3
dhed-dddi 1
3340
1
ddeb-ddea 2
3342
1
ddea-ddec 1
3343
1
dihf-dded 1
4171
1
dddf-ebhb 3
3334
1
ebhc-ddde 4
3335
1
dddg-dddf 2
3337
1
ddde-dddh 3
3471
2
defg-dehb 1
defi-dehb 1
3345
1
ddei-ddef 1
3348
1
ddej-ddei 1
3359
1
ddfh-ddfj 1
3520
1
dfce-dfca 1
3437
1
ddhb-dedh 1
3373
1
ddhi-ddhd 3
3367
1
ddhf-ddgh 1
3371
2
ddgi-ddhb 1
ddhe-ddhb 1
3370
1
ddhd-ddha 3
3456
1
ddha-defg 1
3375
1
ddhb-ddhf 1
3523
1
ddgh-dfcd 1
3376
2
dfbj-ddhg 1
dfcc-ddhg 1
3378
1
ddhg-ddhi 3
3455
2
deaj-deff 1
debb-deff 8
3469
1
deba-degj 1
3411
1
debe-debb 8
3414
3
defe-debe 8
dehb-debe 2
dehh-debe 1
3441
1
dehf-deeb 1
3521
1
dedh-dfcb 1
3685
1
deff-dgif 3
3458
1
deeg-defi 1
3454
2
dejd-defe 4
dgig-defe 5
3449
1
dibb-deej 1
3983
1
djhf-djid 7
3976
1
dege-djhg 1
3477
1
dehe-dehh 1
3505
1
dfhg-dfaf 1
3648
1
dfag-dgei 1
3975
1
deje-djhf 7
3575
1
dfae-dfhf 2
3508
1
dfaf-dfai 1
3524
1
dfcb-dfce 1
3509
1
dfca-dfaj 1
3513
1
dfcd-dfbd 1
3647
1
dfai-dgeh 1
3519
1
dfba-dfbj 1
3507
1
dgei-dfah 1
3635
1
dfee-dgdf 2
4014
2
dfeb-eabe 3
dfec-eabe 1
3545
1
dfeg-dfef 1
4001
2
dfef-eaab 1
eaad-eaab 2
3546
1
dgdg-dfeg 1
3539
1
dfdf-dfdj 3
3540
1
dfdh-dfea 2
3538
1
dfdj-dfdi 3
3543
1
eabd-dfed 4
3536
1
dfea-dfdg 2
3544
1
eaab-dfee 2
3553
1
dffg-dffd 1
3560
1
eabj-dfga 4
3557
1
dffc-dffh 1
4018
1
dffj-eabi 7
3564
1
dfga-dfge 4
3576
1
dfhj-dfhg 1
3580
1
dfhf-dfia 2
3568
1
dfia-dfgi 2
4032
1
dfgf-eadc 2
4133
1
ebdc-ebdd 1
3594
1
dfji-dfje 2
3602
1
dfjh-dgac 1
3609
1
dfje-dgaj 2
3597
1
dfjf-dfjh 1
3595
1
dfjd-dfjf 1
3598
1
dgad-dfji 2
3603
1
djdd-dgad 2
3934
1
dgac-djde 1
3653
1
dgfc-dgfd 1
3667
1
dgfi-dggh 1
3655
2
dgfg-dgff 1
dggh-dgff 2
3656
1
dgfb-dgfg 1
3658
1
dggi-dgfi 1
3652
1
dgfe-dgfc 1
3668
1
dgfe-dggi 1
3649
1
dgeh-dgej 1
3674
1
dhab-dghe 7
3675
1
dghe-dghf 7
3687
1
dghf-dgih 7
3676
1
dgie-dghg 4
3699
1
dghi-dgjj 4
3686
1
dgih-dgig 7
3677
1
dghg-dghh 4
3678
1
dghh-dghi 4
3684
1
dgif-dgie 4
3700
1
dgib-dhaa 7
3680
1
dgjj-dgia 4
3716
1
dhbj-dhbg 1
3701
1
dhaa-dhab 7
3735
1
dife-dhdf 2
3736
1
dhea-dhdg 1
3737
1
dhdg-dhdh 1
3853
1
dhde-difd 3
3850
1
difc-difa 3
3718
1
dhbh-dhbi 1
3745
1
dheb-dhef 1
3746
1
dhei-dheg 2
3739
1
dhdi-dhdj 1
3743
1
dhef-dhed 1
3740
1
dhee-dhea 2
3744
1
dhec-dhee 2
3750
1
difj-dhfa 7
3790
1
dhij-dhja 5
3788
1
dhjb-dhii 4
3813
1
diae-dibd 1
3817
1
dibg-dibh 1
3821
1
dica-dicb 1
3820
1
dibh-dica 1
3840
1
didh-diea 2
3833
2
dide-didd 1
eahg-didd 2
4015
1
eabh-eabf 6
3842
1
eabg-diec 3
3838
1
diea-didi 2
3854
1
dieh-dife 2
3834
1
didj-dide 1
3848
1
difd-diei 3
4080
1
didd-eaia 1
3849
1
diec-diej 2
4017
1
dieb-eabh 6
3851
1
diej-difb 2
3837
1
didd-didh 2
3847
1
difb-dieh 2
3929
1
djaa-djcj 2
3871
2
dijf-dihb 1
dijg-dihb 1
4012
1
ecca-eabc 1
3859
1
difh-difj 7
4220
1
difi-ecca 4
3858
1
diga-difi 4
3852
1
diei-difc 3
3857
1
ecbj-difh 7
3876
1
dihb-dihg 1
3874
1
dihb-dihe 2
3933
1
dihe-djdd 2
3878
1
dihh-dihi 1
3873
2
dihc-dihd 1
dihi-dihd 1
3892
1
diji-dijc 1
3893
1
dihd-dijd 1
3875
1
dihg-dihf 1
3872
1
djde-dihc 1
3898
1
dijj-diji 2
3900
1
diij-djaa 1
3899
1
djci-dijj 2
3967
1
djhb-djgh 1
3973
1
djgi-djhd 1
3971
1
djha-djhb 1
3966
1
djhe-djgg 1
3972
1
djgg-djhc 1
3968
1
djgh-djgi 1
3965
1
djhc-djgf 1
3969
1
djgf-djgj 1
4006
1
djjb-eaag 1
3995
1
djji-djjf 1
4002
2
eaaa-eaac 1
eaah-eaac 1
4219
2
eabb-ecbj 3
eabf-ecbj 3
4016
1
eabc-eabg 3
4011
2
eabe-eabb 4
ecca-eabb 2
4007
1
eaag-eaah 1
4005
1
eaae-eaaf 1
4003
1
eaac-eaad 2
4013
1
eabb-eabd 4
4004
1
eaab-eaae 1
3997
1
djjg-djjh 1
4028
1
eadb-eaci 3
4030
1
eacj-eada 2
4076
1
eahh-eahg 2
4079
1
eaia-eahj 1
4078
1
eahj-eahi 1
4721
1
ehbf-ehcb 1
4714
1
ehcb-ehbe 1
4717
1
ehbe-ehbh 1
5378
1
ehbh-fdhi 1
4715
1
gjec-ehbf 1
4153
1
ebhb-ebfd 2
4173
1
ebfd-ebhd 2
4164
1
ebgc-ebge 2
4160
1
ebfe-ebga 4
4154
1
ebgb-ebfe 4
4157
1
ebga-ebfh 4
4159
2
ebfg-ebfj 2
ebfi-ebfj 1
4152
1
ebhe-ebfc 2
4155
1
ebfj-ebff 4
4172
2
ebfc-ebhc 3
ebhf-ebhc 1
4162
1
ebff-ebgc 4
4158
1
ebgj-ebfi 4
4170
1
ebfh-ebha 4
4156
1
ebfi-ebfg 2
4175
1
ebgg-ebhf 1
4163
1
ebhd-ebgd 2
4174
1
ebge-ebhe 2
4178
1
ebhh-ebhi 4
4181
1
ebhi-ebib 4
4177
1
ebha-ebhh 4
4165
1
ebia-ebgf 5
4169
1
ebgg-ebgj 4
4166
1
ebgf-ebgg 5
4215
1
ecah-ecbf 1
4216
1
ecbh-ecbg 1
4293
1
ecjg-ecjd 2
4292
1
faae-ecjc 1
4218
1
ecbf-ecbi 1
4987
1
ecjd-ejih 2
4294
1
ecjf-ecje 2
5920
1
ecje-fjca 2
4217
1
ecbb-ecbh 1
4207
1
ecbg-ecah 1
4295
1
ecjc-ecjf 1
4212
1
ecbi-ecbc 1
5825
1
edad-ficf 2
4301
1
ecjj-edab 1
4711
1
ehbc-ehbb 1
4296
1
ecjh-ecjg 4
4299
1
ehbb-ecjj 1
4316
2
edab-edbg 1
edbe-edbg 2
4306
2
edaf-edag 2
edba-edag 1
4305
1
edaj-edaf 3
4297
1
fjcb-ecjh 4
5919
1
ecjg-fjbj 1
4302
1
edbb-edac 2
6446
1
edag-geeg 4
4303
1
edbg-edad 3
5688
1
edad-fgii 1
4307
1
edai-edah 1
4315
1
edac-edbf 2
4317
1
edah-edbh 1
4311
1
fida-edbb 2
4314
1
fici-edbe 2
4308
1
geeh-edai 1
4309
1
ehba-edaj 3
4931
1
ejeb-ejdb 1
4709
1
edbh-ehaj 1
5829
1
edbf-ficj 2
4359
1
edea-edfj 3
4661
1
eggc-eggb 1
4340
1
eded-edea 3
4342
1
edeb-edec 1
6986
1
eddc-gjig 2
4662
2
edde-eggc 1
egga-eggc 2
4333
1
gjif-eddd 1
4341
1
edga-edeb 1
4348
1
eddj-edei 1
4334
1
eddh-edde 1
4343
1
edfi-eded 3
4332
1
eddi-eddc 2
4337
1
eddd-eddh 1
4338
1
edda-eddi 1
4330
1
eggc-edda 2
4339
1
edec-eddj 1
4353
1
edej-edfd 3
4354
1
edei-edfe 1
4350
1
edfe-edfa 1
4360
1
ghii-edga 1
4347
1
edfd-edeh 3
6789
1
edfj-ghij 3
4358
1
edeh-edfi 3
4363
1
gdjb-edgd 4
4390
1
edhh-edja 1
4365
1
edgi-edgf 4
4364
1
edgj-edge 3
4371
1
fihe-edhb 1
6390
1
edge-gdja 3
4377
1
eeaf-edhh 1
6960
1
edgf-gjga 4
4367
1
edgg-edgh 3
4370
1
edgd-edha 4
4366
1
gjgb-edgg 3
4369
1
edgh-edgj 3
4368
1
edha-edgi 4
4386
1
edja-edig 1
4401
1
edjf-eeab 1
4382
1
edig-edic 1
4381
1
edif-edib 1
4388
1
edic-edii 1
4385
1
edii-edif 1
4397
1
edji-edjh 1
4398
1
eeab-edji 1
4405
1
eeaj-eeaf 1
5874
1
eeac-fihe 1
4409
1
ejdd-eeaj 1
4418
1
eecd-eebi 1
4402
1
gjhf-eeac 1
4422
1
eebi-eecc 1
4645
1
eecc-egef 1
4432
2
eedd-eedc 1
eede-eedc 1
4441
1
eedc-eeeb 1
5499
1
eebj-fejj 1
4433
1
ejac-eedd 1
4421
1
ffaa-eecb 2
4420
1
egeg-eeca 1
4425
1
eeca-eecf 1
4423
1
eecb-eecd 1
4435
1
eedc-eedf 1
4419
1
eecf-eebj 1
4437
2
eedf-eedh 1
eeed-eedh 1
4904
1
eeeb-ejae 2
4436
2
eeeg-eedg 1
eefc-eedg 1
4451
1
eedh-eefb 1
4446
2
eedh-eeeg 1
fcda-eeeg 1
5231
1
eeeg-fcdb 1
4434
1
eedg-eede 1
4442
1
eedg-eeec 1
6138
1
eefb-gbdi 1
4452
1
gbdh-eefc 1
5212
1
eege-fcbc 1
4473
1
geeg-eehd 1
4486
1
eeii-eeig 1
5311
1
eeig-fdbb 1
4488
1
eehd-eeii 1
4482
1
fdei-eeic 1
5422
1
fdjd-fecc 1
4500
1
efaj-efaa 1
4493
1
ggjc-eejd 1
4496
1
eejd-eejg 2
6134
3
ejje-gbde 3
fefd-gbde 1
fhid-gbde 1
4494
1
feca-eeje 1
5421
1
eejg-fecb 1
4495
1
eeje-eejf 1
6688
1
eejf-ggii 1
5753
1
efbh-fhfd 1
4509
1
efai-efaj 1
4508
1
efba-efai 1
4510
1
efab-efba 1
5145
1
fbff-fbef 1
4522
2
efdh-efcc 1
fjdi-efcc 1
4539
2
efcc-efdj 1
efcd-efdj 1
5934
1
efcc-fjde 1
4523
1
fegg-efcd 1
4517
1
fbbi-efbh 1
4527
1
efeb-efch 1
4540
1
efdf-efea 3
5467
2
efce-fegh 1
efch-fegh 1
4524
1
efdh-efce 1
4525
1
efda-efcf 2
4534
1
efcf-efde 2
4526
1
efdd-efcg 2
4532
1
efcg-efdc 2
6744
1
gheh-ghee 1
4549
1
efeh-efej 2
4535
1
efdg-efdf 3
4536
1
efdj-efdg 3
4546
1
efei-efeg 1
4545
1
fhbj-efef 2
4531
1
efda-efdb 1
4530
1
fcfc-efda 3
4544
1
efeg-efee 1
5720
1
efee-fhca 1
5251
1
efdc-fcfb 3
4547
1
efef-efeh 2
4541
1
efdb-efeb 1
4538
1
efec-efdi 2
4533
1
efed-efdd 2
4542
1
efde-efec 2
4537
1
efdi-efdh 2
4543
1
efea-efed 3
4563
1
ffbc-efgd 1
6937
1
effg-gjdh 1
4548
1
ejfg-efei 1
4562
1
efgd-efgc 1
4957
1
efej-ejfh 2
4550
1
fadb-effa 1
5795
1
effb-fhjf 1
4551
1
fgff-effb 1
4559
1
efgc-effj 1
4561
1
effj-efgb 1
5648
1
effa-fgei 1
4556
1
efgb-effg 1
4587
1
efjb-efih 2
4589
1
efia-efij 2
4582
1
efja-efic 2
4580
1
fadh-efia 1
6743
2
efic-ghed 1
fadh-ghed 1
4583
1
gheg-efid 1
4584
1
efid-efie 1
5036
1
efic-fadg 1
4592
1
efii-efjc 2
5763
1
fejh-fhgd 1
4588
1
faee-efii 3
4591
1
efij-efjb 2
4590
1
efjc-efja 2
5043
1
efih-faed 2
5045
1
efie-faef 1
4625
1
egce-egcf 1
4629
1
egdb-egcj 2
4634
1
egci-egde 1
4628
2
egcd-egci 1
egdc-egci 2
4624
1
egcd-egce 1
5830
1
egcj-fida 2
4630
1
ficf-egda 2
4632
1
egda-egdc 2
4631
1
egci-egdb 2
4623
1
egcg-egcd 1
4626
1
egch-egcg 1
5506
1
egde-ffag 1
4641
1
egee-egeb 1
4643
1
egef-eged 2
4646
1
egeb-egeg 1
5641
1
egec-fgeb 2
4647
1
fgea-egeh 1
4660
1
fhfc-egga 2
4642
1
eged-egec 2
4644
1
egeh-egee 1
4676
1
eghe-eghg 2
4678
1
eghg-eghi 2
4675
1
eghh-eghf 1
5640
1
eghf-fgea 1
4674
1
fgeb-eghe 2
5751
1
eggb-fhfb 1
4677
1
egia-eghh 1
4679
1
eghi-eghj 2
4703
1
egjf-ehad 1
4686
1
eghj-egig 1
4695
2
ehag-egjf 1
gaji-egjf 1
6982
1
gjid-gjic 1
5221
1
fcah-fccb 9
4702
1
ehae-ehac 1
4706
1
egji-ehag 1
4698
1
ghjh-egji 1
4704
1
ehad-ehae 1
4707
1
fdie-ehah 2
4708
1
fadg-ehai 2
5383
1
ehai-fdid 2
6983
1
ehac-gjid 1
5037
1
ehah-fadh 2
6096
1
egjg-gajg 1
5848
1
ehaj-fiei 2
4710
1
fiej-ehba 5
4712
1
ehba-ehbc 1
4749
1
ehei-ehej 1
6129
1
ehid-gbcj 1
5824
1
fiah-fice 1
4748
1
gebb-ehei 1
5832
1
ehej-fidc 1
5807
1
fiai-fiah 1
5778
1
ehhd-fhhi 2
4776
1
ehjb-ehhg 1
4781
1
ehhe-ehib 1
4773
1
ehhg-ehhd 2
4774
1
fhjg-ehhe 1
4785
1
ehic-ehif 1
4790
1
ehib-ehja 1
4784
1
ehja-ehie 1
4783
1
ehie-ehid 1
4791
1
ehif-ehjb 1
4782
1
gbci-ehic 1
5303
1
eiaf-fdad 1
4806
1
fdac-eiag 2
4805
1
fiec-eiaf 1
5853
1
eiag-fifd 2
4827
1
fgfb-eich 2
4831
1
eide-eidb 4
4824
1
eici-eice 3
4825
1
faei-eicf 3
4819
1
eibh-eibj 1
4832
1
gccd-eidc 2
6224
1
eidb-gcce 4
5845
1
ficg-fief 2
4828
1
eicf-eici 3
4826
1
eich-eicg 2
5058
2
eicg-fafi 2
faga-fafi 1
4818
1
eibj-eibi 1
5652
1
eice-fgfc 3
4833
1
eidc-eidd 2
4835
1
eidd-eidf 2
6966
1
eidh-gjgg 2
4837
1
eidf-eidh 2
4834
1
eidg-eide 4
4838
1
gjgi-eidi 4
4836
1
eidi-eidg 4
4889
1
eijh-eiij 1
5111
1
eiie-fbbb 1
4885
1
geei-eiif 1
4884
1
eiif-eiie 1
4888
1
eije-eiii 1
4895
1
eiii-eijf 1
4894
1
eiij-eije 1
4902
1
ejaf-ejac 2
6441
1
eijb-geeb 1
4903
1
ejae-ejad 2
4891
1
eijf-eijb 1
4919
1
ejad-ejbj 1
4905
1
ejbj-ejaf 1
4897
1
gbfc-eijh 1
4909
1
fcbg-ejaj 9
4910
1
ejag-ejba 7
4908
1
ejbb-ejai 9
5218
1
ejah-fcbi 7
4911
1
ejaj-ejbb 9
4906
3
ejbc-ejag 1
ejbd-ejag 1
ejbe-ejag 1
4926
1
ejai-ejcg 1
4913
1
ejai-ejbd 2
4907
1
ejba-ejah 7
4932
1
ejea-ejdc 1
4936
1
ejcj-ejdg 1
4929
1
ejde-ejcj 1
4933
1
ejdb-ejdd 1
4943
1
ejdg-ejed 1
4940
1
ejed-ejea 1
4941
1
ejdc-ejeb 1
4954
1
ejfh-ejfe 2
4955
1
gjch-ejff 1
5188
1
ffgi-fbii 1
4956
1
ejff-ejfg 1
6928
1
ejfe-gjci 2
5013
1
ejii-fabd 1
5005
1
ejih-faaf 2
4994
1
ejjh-ejje 5
4995
2
fefe-ejjf 1
gbdc-ejjf 1
4999
1
faaa-ejjj 3
4990
1
faai-ejja 2
4992
1
ejje-ejjc 2
5462
3
ejjc-fegc 2
ghgf-fegc 2
ghgg-fegc 2
4997
2
ejjd-ejjh 1
ejjj-ejjh 3
4996
1
ejjf-ejjg 2
4998
1
ejjg-ejji 2
4991
1
fabc-ejjb 2
4989
1
ejjf-ejij 1
5012
1
ejja-fabc 2
4993
1
ejjb-ejjd 1
4988
1
ejij-ejii 1
5001
1
ejji-faab 2
5000
1
gcfb-faaa 3
5035
1
faaf-fadf 3
5016
1
fabj-fabg 1
5007
1
fade-faah 1
5009
1
fehb-faaj 1
5002
1
faaj-faac 1
5015
1
geeb-fabf 1
6060
1
fabd-gaga 1
5471
1
faba-fehb 1
6252
1
faab-gcfc 2
5008
1
gagd-faai 2
5020
1
fabg-faca 1
5004
1
faah-faae 1
6114
1
fabf-gbbe 1
5019
1
faeg-fabj 1
5069
1
fahj-fagj 1
5032
1
fadf-fadc 3
6763
1
fadc-ghgd 2
5031
1
fhic-fadb 1
5083
1
faia-faid 2
6476
2
fadj-gehg 2
faef-gehg 1
6827
1
faej-gich 1
5048
1
faid-faei 3
5049
1
fafa-faej 1
5033
1
ghgc-fadd 1
5062
1
faeh-fagc 1
5034
1
fadd-fade 1
5050
1
fafi-fafa 1
5044
1
faeb-faee 2
5041
1
gehe-faeb 2
5046
1
faib-faeg 1
5047
1
gdad-faeh 1
5039
1
faed-fadj 2
5082
1
fafi-faic 2
5071
1
fagd-fahb 2
5066
1
fagj-fagg 2
5063
1
fagh-fagd 2
5064
1
fagi-fage 2
5067
1
fagg-fagh 2
5060
1
fagc-faga 1
5065
1
fahc-fagf 2
5079
2
fage-fahj 2
faib-fahj 1
5070
1
fagf-faha 2
5068
1
faha-fagi 2
5074
1
fahh-fahe 1
5077
2
fahd-fahh 1
fahf-fahh 1
5081
1
faic-faib 2
5080
1
fahj-faia 2
5087
1
faif-faih 1
5072
1
faij-fahc 1
5078
1
fahh-fahi 1
5086
1
faii-faig 1
5090
1
fahb-faja 1
5323
2
fahg-fdcd 1
ffec-fdcd 1
5075
1
fahg-fahf 1
5076
2
fahi-fahg 1
fdcd-fahg 1
5089
1
faih-faij 1
5088
1
faja-faii 1
5120
2
fbda-fbca 2
gcbh-fbca 3
5129
1
fbca-fbcj 3
6218
1
fbca-gcbi 2
5118
1
fbbb-fbbi 1
5139
1
fbec-fbdj 6
5617
1
fbdj-fgbh 6
6161
1
gbfi-gbgb 1
5134
1
gjjh-fbde 1
5290
1
fbch-fcja 4
5133
1
gedh-fbdd 1
6508
1
gecj-gfai 4
6996
1
fbdd-gjjg 1
6708
1
fbea-ghai 6
5141
1
ghah-fbeb 6
5130
1
fbci-fbda 2
6436
1
fbde-gedg 1
5140
1
fbed-fbea 5
5127
1
fbcj-fbch 3
5128
1
fcih-fbci 2
5142
1
fbeb-fbec 5
5147
1
fbfe-fbeh 1
5144
1
fgbf-fbee 6
5143
1
fbee-fbed 6
6276
1
fbfd-gchg 1
5146
1
fbef-fbeg 1
5153
1
fbfa-fbfd 1
5154
1
fbeg-fbfe 1
5150
1
fbfb-fbfa 1
5418
1
fbge-febi 1
5164
1
fbfj-fbge 1
5166
1
fbhb-fbgg 2
5189
1
fbjc-fbij 1
5171
1
fbii-fbhb 2
5202
1
gedb-fcac 1
6323
1
fcac-gdcd 1
5206
1
fcbi-fcag 1
5614
4
fcag-fgbe 2
fcai-fgbe 2
fcba-fgbe 1
fcef-fgbe 2
6428
1
fcad-geci 2
5569
1
fbij-ffgj 1
5203
1
gdce-fcad 2
5243
2
fcaj-fced 1
fgbg-fced 2
5215
1
fcbc-fcbf 1
5210
1
fcbi-fcba 1
5229
1
fcah-fccj 1
5207
2
fcef-fcah 1
fgbg-fcah 9
5220
1
fcbi-fcca 1
5217
1
fccb-fcbh 10
5208
1
fcbi-fcai 2
5216
1
fcbh-fcbg 9
5209
1
fcdc-fcaj 1
5232
1
fcdb-fcdc 1
5230
1
fccj-fcda 1
5245
1
gbdc-fcef 3
5928
1
fcej-fjci 4
5252
1
fcgb-fcfc 3
5784
1
gbdc-fhie 1
5249
2
ffga-fcej 1
fihd-fcej 2
5261
2
fcfe-fcgb 1
fcfh-fcgb 1
5260
1
fcfb-fcga 3
6133
1
fced-gbdd 3
5259
1
ffgh-fcfj 1
5257
1
fcfj-fcfh 1
5254
1
fihd-fcfe 2
5560
1
fihd-ffga 1
5868
1
fcff-figi 6
5255
2
fcga-fcff 3
fjdb-fcff 3
5285
1
fcij-fcif 2
6371
1
gdhe-gdhb 1
5287
1
fcif-fcih 2
5286
1
fcja-fcig 4
5288
1
fcig-fcii 4
5305
1
ghij-fdaf 1
6389
1
fdaf-gdij 1
5289
1
fjcd-fcij 2
5301
1
gdig-fdab 2
5922
1
fcii-fjcc 3
5300
1
fdad-fdaa 1
6387
1
fdaa-gdih 1
5302
1
fdab-fdac 2
6788
1
fdae-ghii 1
5306
1
fdbh-fdag 1
6083
2
fdbe-gaid 1
fgig-gaid 1
5315
1
fdcc-fdbf 1
5309
1
fdbf-fdaj 1
5314
1
fdaj-fdbe 1
5513
1
fdcd-ffbd 1
5324
1
gdaa-fdce 1
5317
1
fdbj-fdbh 1
6147
1
fdce-gbeh 1
5322
1
fdag-fdcc 1
5319
1
fdbb-fdbj 1
5360
1
fice-fdga 1
5359
1
fdfi-fdfj 1
5819
1
fibc-fibj 2
5358
1
fdga-fdfi 1
5348
1
fdfb-fdei 1
5374
1
fdhi-fdhe 1
5380
1
fdib-fdia 1
5564
1
fdia-ffge 1
5381
1
fdhe-fdib 1
5420
1
fdjf-feca 1
5393
1
gifi-fdjd 1
5395
1
fdih-fdjf 1
5384
1
fijc-fdie 2
5891
1
fdid-fijb 2
5386
1
fdjc-fdig 1
5392
1
fecb-fdjc 1
5398
1
fecc-fdji 2
5627
1
fgci-fgch 1
5404
1
fdji-feae 1
5402
1
feae-feac 1
6854
1
gidb-gife 1
5626
1
feaa-fgcg 3
5400
2
feac-feaa 1
febj-feaa 1
5431
1
fede-fedb 1
5426
1
fecj-fecg 1
6254
1
gcfg-gcfe 1
5433
1
fedc-fedd 2
5429
1
fedb-fecj 1
5428
1
feda-feci 2
5432
1
fefa-fedc 2
5427
1
feci-fech 2
5430
1
fedd-feda 2
5436
1
fecg-fedg 2
5437
1
fech-fedh 3
5419
1
febi-febj 1
5445
1
feeh-feef 1
5451
1
fedf-fefb 1
5435
1
fedg-fedf 2
5449
1
feef-feej 1
5450
1
fefg-fefa 2
5458
1
fefb-fefi 1
5434
1
fhca-fede 1
5719
1
fedh-fhbj 2
5460
1
fefi-fega 1
5461
1
fega-fegb 1
5453
1
fegb-fefd 1
5468
1
ghfg-fegi 2
6766
1
fegi-ghgg 2
5465
1
fegh-fegf 2
5454
1
fefc-fefe 3
5459
1
fefh-fefj 2
5723
1
fegc-fhcd 5
5464
1
fegc-fege 1
6750
1
fegd-ghfa 4
5456
1
fefj-fefg 2
5457
2
fefe-fefh 1
gbdc-fefh 1
5466
1
fege-fegg 1
5724
2
fegf-fhce 2
fjda-fhce 5
5463
1
fhce-fegd 8
5452
1
fegd-fefc 3
5480
1
fehi-feia 2
5479
1
feia-fehj 2
5483
1
fehh-feid 1
5478
1
feie-fehi 2
5485
1
feid-feif 1
5484
1
feig-feie 2
6345
1
fehg-gdef 1
5473
1
ghfa-fehd 2
6076
1
feif-gahg 1
5477
1
feic-fehh 1
5482
1
feib-feic 1
5474
1
fehd-fehe 2
5486
1
gahh-feig 2
5481
1
fehf-feib 1
6755
1
fehe-ghff 2
5476
1
fehj-fehg 2
5502
1
fejf-ffac 2
6000
1
ffai-gaaa 1
5495
1
feji-fejf 2
5496
1
ffab-fejg 1
5501
1
fejj-ffab 1
5498
1
fhge-feji 2
5507
1
ffae-ffah 1
5497
1
fejg-fejh 1
5500
1
ffac-ffaa 2
5508
1
ffad-ffai 1
5503
1
ffag-ffad 1
5543
1
ffbd-ffed 1
5512
1
ffeb-ffbc 1
5541
1
ffed-ffeb 1
5567
1
ffgc-ffgh 1
5562
1
ffge-ffgc 1
5568
1
fhie-ffgi 1
5783
1
ffgj-fhid 1
5621
1
fgca-fgcb 9
5615
1
fgcb-fgbf 6
5628
1
fgcb-fgci 1
6449
1
fgba-geej 1
5632
1
fgcb-fgdc 1
5622
1
fgcg-fgcc 2
5620
1
fgbe-fgca 9
5611
1
geef-fgbb 1
5613
3
fgbh-fgbd 6
fgcc-fgbd 2
fgdg-fgbd 1
5616
1
fgbi-fgbg 10
5619
1
fgbd-fgbj 10
5618
1
fgbj-fgbi 10
5610
1
fgbb-fgba 1
5631
1
fgdc-fgdb 1
5625
1
fhej-fgcf 1
5642
1
fgej-fgec 1
5623
1
fgcf-fgcd 1
5750
1
fgce-fhfa 1
5636
1
fgcd-fgdg 1
5644
2
fgec-fgee 1
fgff-fgee 1
5624
1
fgdb-fgce 1
5643
1
fgeg-fged 1
5646
1
ggid-fgeg 1
5656
1
fgjj-fgfg 1
5689
1
fgfg-fgij 1
5682
1
fgie-fgic 10
5653
1
fgfe-fgfd 2
5667
1
fgfh-fggh 10
5658
1
fggi-fgfi 8
6682
1
fgee-ggic 2
5657
2
gbdd-fgfh 2
gbde-fgfh 8
5654
2
fgeg-fgfe 1
fgei-fgfe 1
5655
1
fgfc-fgff 3
5650
1
fged-fgfa 1
5651
1
fgfd-fgfb 2
5668
1
fggg-fggi 8
5663
1
fgge-fggd 1
5662
1
fggd-fggc 1
5660
1
fggb-fgga 1
5681
1
fgga-fgib 1
5684
1
fggf-fgie 10
5669
1
fghe-fggj 9
5693
1
fggj-fgjd 2
5664
1
fgic-fgge 4
5665
1
fggh-fggf 10
5661
1
fgfj-fggb 1
5697
1
fggj-fgjh 4
5691
1
fggj-fgjb 1
5666
1
fgid-fggg 8
5674
2
fgge-fghe 2
fgic-fghe 6
5659
1
fggc-fgfj 1
6132
1
fgfi-gbdc 8
5683
5
fgjb-fgid 1
fgjd-fgid 2
fgje-fgid 1
fgjf-fgid 1
fgjh-fgid 2
5680
1
fgib-fgia 1
5679
1
fgia-fghj 1
5686
1
fgjc-fgig 1
5672
1
gbdd-fghc 1
5698
1
fghc-fgji 1
5699
1
fgji-fgjj 1
5927
1
fhcd-fjch 5
5743
1
fheg-fhed 1
5752
1
ggch-fhfc 2
5748
1
gcjj-fhei 1
6626
1
fhfb-ggcg 1
6298
1
fheh-gcji 1
5768
1
fhfd-fhgi 1
5744
1
fhed-fhee 1
5747
1
fheg-fheh 1
5745
1
fhfa-fhef 1
5749
1
fhee-fhej 1
5746
2
fhef-fheg 1
fhei-fheg 1
5758
1
fhgd-fhfi 1
5757
1
fhfg-fhfh 3
5764
1
fhfh-fhge 2
5769
1
fhff-fhgj 1
5755
1
fhfi-fhff 2
5756
2
fhff-fhfg 1
fhgi-fhfg 2
5781
1
fhjf-fhib 1
5785
1
fhib-fhif 2
6741
1
fhhh-gheb 2
5777
1
fhje-fhhh 2
5792
1
fhhi-fhjc 2
5794
1
fhjc-fhje 2
5782
1
gheb-fhic 2
5796
1
fhjd-fhjg 2
5793
1
fhif-fhjd 2
5801
1
fifc-fiab 2
5802
1
fiab-fiac 2
5805
1
fiag-fiaf 2
5812
1
fiaf-fibc 2
5806
2
fiah-fiag 1
fiff-fiag 1
5808
1
fied-fiai 1
5827
1
fiac-fich 2
5855
1
fidc-fiff 1
5833
1
fiaj-fidd 1
5834
3
fibj-fide 1
fidj-fide 1
fifa-fide 1
5822
1
fidh-ficc 1
5826
1
ficj-ficg 2
5837
1
fifa-fidh 1
5835
1
fifa-fidf 2
5828
1
fich-fici 2
5843
1
fica-fied 1
5844
1
fieh-fiee 2
5850
2
fiee-fifa 3
fifb-fifa 2
5839
1
figc-fidj 2
5847
1
fief-fieh 2
5842
1
fidd-fiec 1
5841
3
fide-fieb 3
fidf-fieb 2
fidi-fieb 1
5840
1
fieb-fiea 7
5852
1
fiea-fifc 7
5851
1
fiei-fifb 2
5862
1
fifd-figc 2
5849
1
fifc-fiej 5
5872
1
ghaf-fihc 6
5871
1
fihc-fihb 6
6706
1
fiha-ghag 6
5870
1
figj-fiha 6
5873
1
fihb-fihd 6
5869
1
figi-figj 6
5921
1
fije-fjcb 4
5898
1
fjab-fiji 3
5895
2
fiij-fijf 2
fjaf-fijf 1
5905
2
fiii-fjaf 1
fijj-fjaf 3
5899
1
fjac-fijj 3
5904
1
fjaa-fjae 2
5889
1
fijb-fiij 3
5900
1
gehb-fjaa 3
5901
1
fjac-fjab 3
5896
1
fijd-fijg 2
5892
1
fija-fijc 2
5890
2
fijg-fija 1
fjaf-fija 1
5893
1
fjca-fijd 2
5897
1
fjaf-fijh 3
5902
2
fijh-fjac 3
fjae-fjac 3
5894
1
fijf-fije 4
5903
1
fiji-fjad 3
5917
1
fjbj-fjbh 1
6472
1
fjad-gehc 3
5912
1
fjbb-fjbc 1
5911
1
fjba-fjbb 1
5930
1
fjcj-fjda 5
5931
1
fjdc-fjdb 4
5929
2
fjci-fjcj 4
fjdh-fjcj 1
5923
1
gcfc-fjcd 2
5933
1
fjdc-fjdd 1
5937
1
fjde-fjdh 1
5932
1
fjch-fjdc 5
6251
1
fjcc-gcfb 3
5938
1
fjdd-fjdi 1
5953
1
fjfc-fjfd 1
5952
1
fjib-fjfc 1
6300
1
fjfd-gdaa 1
5983
1
fjgd-fjid 1
5965
1
fjgh-fjgf 1
5967
1
fjhb-fjgh 1
5971
1
fjgg-fjhb 1
5973
1
fjge-fjhd 2
6985
1
gjic-gjif 1
5968
1
gjih-fjgi 2
5969
1
fjgf-fjgj 1
5963
1
fjhd-fjgd 2
5964
1
fjgi-fjge 2
5987
1
fjjf-fjih 1
5989
1
fjjc-fjij 1
5992
1
fjjb-fjjc 1
5994
1
fjij-fjje 1
5997
1
fjih-fjjh 1
6002
1
fjjh-gaac 2
5998
1
gaaa-fjji 1
5995
1
fjje-fjjf 1
5981
1
fjid-fjib 1
5999
1
fjji-fjjj 1
6426
1
gecc-gecg 1
6056
1
gaff-gafg 1
6054
1
gagf-gafe 3
6059
1
gafe-gafj 3
6062
1
gafh-gagc 1
6058
1
gafj-gafi 3
6063
1
gafi-gagd 2
6057
1
gafg-gafh 1
6055
1
gaga-gaff 1
6079
1
gahd-gahj 2
6075
1
gahi-gahf 1
6078
1
gaia-gahi 1
6081
1
gahj-gaib 2
6068
1
gaha-gagi 1
6065
1
gagb-gagf 3
6215
1
gahc-gcbf 1
6077
1
gahb-gahh 2
6064
1
gagc-gage 1
6071
1
gagj-gahb 2
6253
1
gage-gcfd 1
6066
1
gaib-gagg 2
6070
1
gahg-gaha 1
6082
1
gajd-gaic 1
6072
1
gahf-gahc 1
6074
1
gcbg-gahe 2
6080
1
gagh-gaia 1
6061
1
gcfe-gagb 3
6073
1
gahe-gahd 2
6069
1
gagg-gagj 2
6067
1
gagi-gagh 1
6084
1
gajh-gaie 1
6093
1
gajg-gajd 1
6098
1
gaje-gaji 2
6794
1
gaie-ghje 1
6094
1
gaid-gaje 2
6930
1
gbbe-gjda 1
6097
1
gaji-gajh 1
6125
1
gbcj-gbcf 2
6137
1
gbcf-gbdh 1
6126
1
gbdj-gbcg 2
6128
1
gbda-gbci 1
6130
1
gbcg-gbda 1
6139
1
gbdi-gbdj 1
6145
1
gbei-gbef 1
6154
1
gbeh-gbfe 1
6148
1
gbfe-gbei 1
6150
1
gbef-gbfa 1
6163
1
gcji-gbgd 1
6158
1
gbge-gbfi 1
6299
1
gbgc-gcjj 1
6165
1
gbfh-gbgf 1
6162
1
gbgf-gbgc 1
6164
1
gbgd-gbge 1
6152
1
gbfa-gbfc 1
6192
1
gbhj-gbjc 2
6182
1
gbia-gbic 2
6180
1
gcba-gbia 2
6183
1
gbje-gbid 2
6179
1
gbid-gbhj 1
6212
1
gcai-gcbc 1
6181
1
gbij-gbib 1
6214
1
gbib-gcbe 1
6194
1
gbic-gbje 2
6193
1
gcbf-gbjd 1
6216
1
gbja-gcbg 2
6188
1
gbig-gbii 1
6186
1
gbjd-gbig 1
6189
1
gbii-gbij 1
6190
1
gbjc-gbja 1
6223
1
gccb-gccd 2
6213
1
gcbe-gcbd 1
6211
1
gcda-gcbb 2
6229
1
gcbc-gccj 1
6217
1
gcbj-gcbh 3
6220
1
gcbi-gcca 2
6221
1
gcca-gccb 2
6210
1
gcaj-gcba 2
6208
1
gcbd-gcai 1
6209
1
gcbb-gcaj 2
6219
1
gccc-gcbj 3
6230
1
gcdf-gcda 2
6222
1
gcce-gccc 3
6235
1
gccj-gcdf 1
6257
1
gcfd-gcfh 1
6262
1
gcfh-gcgc 1
6336
1
gcgc-gddg 1
6261
1
gddf-gcgb 1
6256
1
gcgb-gcfg 1
6274
1
ghja-gche 1
6407
1
gche-geah 1
6303
1
gdaf-gdad 1
6341
1
gded-gdeb 1
6927
1
gdcd-gjch 1
6324
1
gjci-gdce 2
6424
1
gebh-gece 1
6343
1
gddg-gded 1
6340
1
gddi-gdea 2
6338
1
gdec-gddi 1
6350
1
gddj-gdfa 1
6339
1
gdeb-gddj 1
6335
1
gdea-gddf 2
6342
1
gdfb-gdec 1
6356
1
gdgc-gdfg 2
6362
1
gdfi-gdgc 1
6357
1
gdej-gdfh 1
6351
1
gdfc-gdfb 2
6352
1
gdfg-gdfc 2
6363
1
gdfh-gdgd 1
6354
1
gdfj-gdfe 1
6361
1
gdfe-gdgb 1
6359
1
gdgd-gdfj 1
6355
1
gdga-gdff 1
6360
1
gdef-gdga 1
6349
1
gdfa-gdej 1
6358
1
gdff-gdfi 1
6374
1
gdha-gdhe 1
6372
1
gdhb-gdhc 1
6370
1
gdhd-gdha 1
6400
1
gdjj-geaa 3
6396
1
gdji-gdjg 4
6398
1
geab-gdji 4
6392
1
gdja-gdjc 3
6599
1
geaa-gfjj 3
6401
1
ggaa-geab 4
6393
1
gdje-gdjd 4
6402
1
gebe-geac 1
6388
1
gdih-gdii 1
6412
1
geac-gebc 1
6391
1
gdjd-gdjb 4
6397
1
gdjf-gdjh 3
6395
1
gdjc-gdjf 3
6386
1
gdij-gdig 2
6399
1
gdjh-gdjj 3
6394
1
gdjg-gdje 4
6419
1
gecg-gebj 1
6420
1
gecf-geca 1
6417
1
gebj-gebh 1
6433
1
geca-gedd 1
6431
1
gecc-gedb 1
6422
1
gedf-gecc 3
6405
1
geah-geaf 1
6411
1
gebc-gebb 1
6414
1
geae-gebe 1
6404
1
geaf-geae 1
6434
3
gech-gede 1
gedc-gede 2
gedd-gede 1
6432
1
geci-gedc 2
6429
1
gede-gecj 4
6435
1
gech-gedf 3
6430
1
gfaj-geda 3
6427
2
geda-gech 3
gedg-gech 1
6437
1
gede-gedh 1
6448
1
gefa-geei 1
6450
1
geej-gefa 1
6445
1
geeg-geef 1
6469
1
geha-gegj 3
6492
1
gehj-gejc 4
6479
1
gegi-gehj 3
6463
1
geja-gegd 2
6470
1
geia-geha 3
6484
1
geij-geie 1
6475
1
geih-gehf 3
6480
1
gegd-geia 3
6471
1
gegj-gehb 3
6468
1
gehc-gegi 3
6474
1
gehf-gehe 3
6478
1
gehg-gehi 3
6477
1
gehi-gehh 3
6486
1
gehh-geig 3
6485
1
geig-geif 3
6488
1
gejc-geii 1
6487
1
geie-geih 3
6490
1
geif-geja 2
6489
1
gejc-geij 1
6514
1
gfba-gfbe 4
6513
1
gfbb-gfbd 3
6509
1
gfbh-gfaj 3
6510
1
gfbc-gfba 4
6517
1
gfbd-gfbh 3
6516
1
gfai-gfbg 4
6512
1
gfbg-gfbc 4
6511
1
gfbf-gfbb 3
6542
1
gfbe-gfec 1
6515
2
gfdh-gfbf 2
gfec-gfbf 1
6537
1
gfbe-gfdh 1
6539
1
gfbe-gfdj 1
6550
1
gffi-gffa 1
6571
1
gffa-gfhb 1
6611
1
ggag-ggbb 1
6649
1
ggbj-ggej 4
6606
2
gffd-ggag 1
gfff-ggag 2
6605
1
ggbc-ggaf 2
6600
1
ggac-ggaa 4
6602
1
ggej-ggac 4
6647
1
ggab-ggeh 3
6604
1
ggaf-ggae 2
6627
1
ggae-ggch 2
6601
1
gfjj-ggab 3
6613
1
ggai-ggbd 1
6607
1
ggcg-ggah 1
6612
1
ggbb-ggbc 2
6608
1
ggah-ggai 1
6609
1
ggbd-ggaj 1
6623
1
ggaj-ggcd 1
6556
1
ggcd-gffg 1
6620
1
ggeh-ggca 3
6683
1
ggii-ggid 1
6692
1
ggic-ggjc 2
6831
1
gifa-gidb 1
6705
1
ghai-ghaf 6
6707
1
ghag-ghah 6
6715
1
ghcd-ghbf 1
6756
1
ghfi-ghfg 2
6765
1
ghei-ghgf 2
6746
1
gheh-gheg 1
6748
1
ghef-ghei 2
6757
1
ghff-ghfh 2
6761
1
ghfh-ghgb 2
6747
1
ghfa-gheh 2
6758
1
ghge-ghfi 2
6745
2
ghed-ghef 2
ghfj-ghef 1
6762
1
ghgb-ghgc 1
6767
1
ghgi-ghgh 1
6764
1
ghgd-ghge 1
6759
1
ghgb-ghfj 1
6784
1
ghid-ghie 1
6795
1
ghje-ghjf 1
6797
1
ghjf-ghjh 1
6785
1
ghij-ghif 1
6790
1
ghif-ghja 1
6820
1
gich-gica 1
6821
1
gica-gicb 1
6826
1
gicb-gicg 1
6850
1
gifb-gifa 1
6858
1
gifj-gifi 1
6860
1
gife-giga 1
6856
1
giga-gifg 1
6859
1
gifg-gifj 1
6964
1
gjdc-gjge 1
6932
1
gjda-gjdc 1
6954
1
gjgc-gjfe 3
6961
1
gjfe-gjgb 3
6955
1
gjga-gjff 4
6947
1
gjdi-gjeh 1
6962
2
gjff-gjgc 4
gjfh-gjgc 3
6940
1
gjeg-gjea 1
6946
1
gjed-gjeg 1
6938
1
gjdh-gjdi 1
6943
1
gjeh-gjed 1
6956
1
gjgc-gjfg 4
6958
1
gjfg-gjfi 4
6942
1
gjea-gjec 1
6965
1
gjgg-gjgf 2
6976
1
gjgj-gjhg 1
6971
1
gjha-gjhb 4
6967
1
gjha-gjgh 4
6957
1
gjfj-gjfh 3
6963
1
gjhb-gjgd 1
6959
1
gjhb-gjfj 3
6969
2
gjfi-gjgj 4
gjge-gjgj 1
6968
1
gjgh-gjgi 4
6970
2
gjgf-gjha 3
gjgj-gjha 5
6987
1
gjig-gjih 1
6975
1
gjhg-gjhf 1
6990
1
gjjd-gjja 1
6993
1
gjjj-gjjd 1
7003
1
gjjg-haad 1
6999
1
haac-gjjj 1
7002
1
haad-haac 1
4289
2
echi-ecij 1
ecib-ecij 2
7035
2
ecij-hadf 1
hagg-hadf 1
4281
2
ecii-ecib 2
ecij-ecib 2
4288
2
ecib-ecii 2
hadh-ecii 1
4284
1
ecjb-ecie 1
4290
1
ecie-ecja 1
4278
1
ecij-echi 1
7037
1
hafe-hadh 1
7025
1
haec-hacf 1
7024
1
hade-hace 1
7062
2
hacc-hagc 1
haeh-hagc 1
7034
1
hacf-hade 1
7038
1
hagj-hadi 1
7069
1
hace-hagj 1
7022
2
haeg-hacc 2
hagc-hacc 1
7046
2
hacc-haeg 1
hafa-haeg 2
4291
1
ecig-ecjb 1
7029
1
hafj-hacj 1
7058
2
hacg-hafi 1
hahc-hafi 1
7042
1
haeb-haec 1
7030
2
haga-hada 1
hagb-hada 2
7059
2
hacj-hafj 1
hagh-hafj 1
7047
2
hacg-haeh 1
hagc-haeh 1
7053
1
hadj-hafd 1
7061
2
hada-hagb 1
hagg-hagb 2
7026
2
haeh-hacg 1
hafi-hacg 1
7060
2
hada-haga 2
hafa-haga 1
7066
2
hadf-hagg 2
hagb-hagg 1
7051
1
haea-hafb 1
7055
1
hagi-haff 1
7054
2
hadh-hafe 1
hafc-hafe 1
7041
1
haff-haeb 1
7036
2
hage-hadg 1
hagh-hadg 1
7067
2
hadg-hagh 1
hafj-hagh 1
7056
1
hahb-hafg 1
7043
1
hafb-haed 1
7064
2
hadg-hage 1
hafc-hage 1
7039
1
hafg-hadj 1
7070
1
haed-haha 1
7050
2
haeg-hafa 1
haga-hafa 2
7071
1
haha-hahb 1
7052
2
hafe-hafc 1
hage-hafc 1
7068
1
hafd-hagi 1
7072
1
hafi-hahc 1
