3309
3141
1
dagj-dbeb 2
3069
1
dagi-dagj 2
3229
1
dbeb-dccj 2
9529
1
jebb-jfcj 2
9411
1
jeba-jebb 2
1386
1
bdbe-bdig 2
8905
1
ijhh-ijaf 2
1314
1
bdbd-bdbe 2
7662
1
hfii-hggc 2
7664
1
hhdi-hgge 2
8833
1
ijaf-iidd 2
1458
1
bdig-befi 2
8761
1
iidd-ihgb 2
4706
1
ehhi-ehag 2
9076
1
jahf-jahg 2
9075
1
jahe-jahf 2
5622
1
fhba-fgcc 2
9077
1
jahg-jahh 2
5620
1
ffei-fgca 2
3952
1
eadc-djfc 2
5709
1
fhai-fhaj 2
4580
1
efib-efia 2
4763
1
ehge-ehgd 2
4834
1
ejfa-eide 2
4651
1
efhj-egfb 2
3250
1
dcej-dcfa 2
4724
1
ehcd-ehce 2
6815
1
gibe-gibf 2
4836
1
eidh-eidg 2
2471
2
cfej-cehb 2
cdff-cehb 2
2470
1
cehb-ceha 2
2469
1
ceha-cegj 2
550
1
gcc-ffa 2
2354
1
ceha-cdfe 2
622
1
gcd-gcc 2
3249
1
dcei-dcej 2
478
1
ffa-ehi 2
3251
1
dcfa-dcfb 2
6214
1
gcig-gcbe 2
6287
1
gcii-gcih 2
7364
1
hdgf-hdge 2
2198
1
cbjh-cbji 2
2199
1
cbji-cbjj 2
2271
1
cbjj-cchb 2
4007
1
ebcd-eaah 2
9868
1
jigj-jigi 2
7241
1
hcec-hceb 2
4122
1
ebcb-ebcc 2
4552
2
effd-effc 2
effb-effc 2
7474
1
hdge-hehe 2
7365
1
hdgg-hdgf 2
1713
3
bhbe-bhbd 2
bhbc-bhbd 2
bhih-bhbd 2
1626
2
bhbc-bgcg 2
bgcf-bgcg 2
1628
2
bhbe-bgci 2
bgcj-bgci 2
9832
1
jidb-jidc 2
9833
1
jidc-jidd 2
9753
1
jidd-jhfd 2
7992
1
hjca-hjjc 2
2628
1
chac-cgci 2
2121
1
cbjd-cbcb 2
2554
1
cgci-cffe 2
2396
1
cdjh-cdjg 2
2395
1
cdjg-cdjf 2
8063
1
iage-iagd 2
2394
1
cdjf-cdje 2
2702
1
chab-chac 2
1134
1
bbdf-bbde 2
4019
1
ebeb-eabj 2
1133
1
bbde-bbdd 2
1251
1
bbdd-bcfb 2
7504
1
hfhi-hfae 2
7577
1
hfhg-hfhh 2
4119
1
ecab-ebbj 2
8763
1
igif-ihgd 2
6415
2
gebe-gebf 2
gebg-gebf 2
6487
1
gebf-geih 2
4201
1
ecaa-ecab 2
7578
1
hfhh-hfhi 2
4120
1
ebbj-ebca 2
6416
1
gdee-gebg 2
3107
1
dbhj-dbah 2
1438
1
bdgg-bedi 2
1618
1
bgbj-bgbi 2
7484
1
hffi-heie 2
3036
2
cjge-dadg 2
dadh-dadg 2
1511
1
bedj-bfbb 2
4987
2
ejii-ejih 2
eihh-ejih 2
7421
1
heca-hecb 2
9681
1
jhfd-jgib 2
7420
1
hebj-heca 2
1106
1
bbaf-bbag 2
7419
2
hdbb-hebj 2
hfaf-hebj 2
1031
1
bada-badb 2
5060
1
fagb-faga 2
5061
1
ejih-fagb 2
9608
1
jgia-jgai 2
9680
1
jgib-jgia 2
958
1
jfh-jfi 2
1033
1
jfj-badd 2
9515
1
jfbe-jfbf 2
2197
1
cbjg-cbjh 2
9398
1
jfbg-jdji 2
3782
1
dgjg-dhic 2
9516
1
jfbf-jfbg 2
1867
1
bigi-bigh 2
2239
1
ccdi-ccdj 2
1942
1
cafg-bjec 2
1940
2
bjdj-bjea 2
bigg-bjea 2
2055
1
cafe-caff 2
4745
1
eghd-ehef 2
2311
1
cdbc-cdbb 2
2081
1
caia-caib 2
2312
1
cdbd-cdbc 2
2080
1
cbfc-caia 2
2152
1
ccce-cbfc 2
2310
2
cdbb-cdba 2
cdaj-cdba 2
7029
2
haci-hacj 2
gjbb-hacj 2
3115
2
dbih-dbbf 2
dbbg-dbbf 2
2971
1
cijh-cjhb 2
2584
1
cfba-cfie 2
8177
1
ibhi-ibhh 2
1239
1
bcea-bcdj 2
1240
1
bceb-bcea 2
6911
2
hacj-gjbb 2
gidh-gjbb 2
1313
2
bcdj-bdbd 2
bdbc-bdbd 2
1238
1
bbca-bcdi 2
6673
1
gheh-gghd 2
6768
1
ghgh-ghgi 2
1967
1
caib-bjgh 2
6694
1
ghgi-ggje 2
6616
1
ggje-ggbg 2
3266
1
dcgf-dcgg 2
2951
1
dacd-cjfb 2
2866
1
cigf-cigg 2
2864
1
cigd-cige 2
2865
2
cige-cigf 2
cjfb-cigf 2
9040
1
jadj-jaea 2
8944
1
jaea-ijee 2
9039
1
jadi-jadj 2
7304
1
hdad-hdae 2
1261
2
bcgc-bcgb 2
bddd-bcgb 2
7409
1
heai-heaj 2
6718
1
ghjc-ghbi 2
3687
1
dfib-dgih 2
9015
1
jabg-jabf 2
6682
2
ggib-ggic 2
gfjg-ggic 2
7863
1
hjdh-higd 2
7861
1
higc-higb 2
6600
1
geii-ggaa 2
6488
1
geih-geii 2
7492
1
hfgg-hejc 2
7862
1
higd-higc 2
6514
2
gfbf-gfbe 2
ggdc-gfbe 2
864
1
igd-ige 2
5102
1
fbab-fbac 2
6001
1
fjch-gaab 2
767
1
hgg-hgh 2
6075
1
gaab-gahf 2
5927
1
fjcg-fjch 2
5104
2
fbhi-fbae 2
fada-fbae 2
766
1
ige-hgg 2
5029
2
ejeh-facj 2
fada-facj 2
5884
1
fjfi-fiie 2
5049
2
faei-faej 2
fbcd-faej 2
5048
1
ejhe-faei 2
5123
2
faej-fbcd 2
fbce-fbcd 2
5958
1
fjfj-fjfi 2
4975
1
faej-ejhf 2
7754
1
hhff-hhfe 2
3466
1
degh-degg 2
4082
1
eaib-eaic 2
7753
1
hhfe-hhfd 2
7871
1
hiha-hihb 2
3468
1
ddje-degi 2
3982
1
eaic-djic 2
7569
1
hfgi-hfgj 2
7496
1
hejf-hejg 2
3467
1
degi-degh 2
7752
2
hhfd-hhfc 2
hghi-hhfc 2
4081
1
eaia-eaib 2
5176
1
fbac-fbhg 2
5199
1
fbji-fbjj 2
5101
1
fach-fbab 2
5249
1
fcfa-fcej 2
5276
1
fchf-fchg 2
2788
1
cjag-chii 2
6945
1
gjee-gjef 2
7055
2
hbch-haff 2
gjef-haff 2
7056
1
haff-hafg 2
7127
1
hbci-hbch 2
7134
1
hbdd-hbde 2
7054
1
haff-hafe 2
7344
1
hded-hdee 2
5185
1
fbie-fbif 2
5186
1
fbif-fbig 2
5184
1
fbba-fbie 2
4718
1
ehbh-ehbi 2
1636
1
bgdf-bgdg 2
380
2
che-dia 2
egg-dia 2
381
1
egh-dib 2
379
1
dia-dhj 2
466
2
dia-egg 2
egh-egg 2
6681
2
ggia-ggib 2
ggic-ggib 2
274
1
caa-che 2
1637
1
bgdg-bgdh 2
7088
1
haih-haii 2
1976
1
bije-bjhg 2
7244
1
hdbg-hcee 2
7526
1
hgaa-hfcg 2
1633
1
bgdc-bgdd 2
1634
1
bhbg-bgde 2
1715
1
bhij-bhbf 2
701
1
gcj-hab 2
1204
1
bcad-bcae 2
1632
1
bgdb-bgdc 2
629
1
ffh-gcj 2
4656
1
egff-egfg 2
6337
1
gcgf-gddh 2
6409
1
gddh-geaj 2
6265
1
gcgg-gcgf 2
557
1
ffi-ffh 2
2767
2
cgjd-chgh 2
ciib-chgh 2
2694
2
chgi-cgje 2
cgjf-cgje 2
1521
1
bgdd-bfcb 2
4150
1
ecce-ebfa 2
342
1
deb-dec 2
7938
1
iaba-hjdi 2
2768
1
chgh-chgi 2
693
1
gcb-gjd 2
887
1
iaf-iih 2
341
1
eed-deb 2
343
1
dec-ded 2
2956
1
cihe-cjfg 2
2875
1
cihg-cihf 2
8477
1
iead-iehh 2
2874
1
cihf-cihe 2
8403
1
idcj-iead 2
8329
1
idda-idcj 2
3394
1
ddca-ddje 2
7516
1
hfja-hfbg 2
6189
1
gbii-gbij 2
7433
1
hede-hedd 2
6270
1
gcgj-gcha 2
7514
2
hfbf-hfbe 2
hedc-hfbe 2
7515
1
hedd-hfbf 2
9307
1
jdag-jdah 2
271
1
cha-chb 2
2914
1
ciae-cjbe 2
1517
1
bgcj-bfbh 2
2986
1
cjbe-cjig 2
376
1
dhf-dhg 2
4655
1
ehch-egff 2
2987
1
cjig-cjih 2
2017
1
cabg-cabh 2
2111
1
cabh-cbbb 2
4584
1
egfg-efie 2
2016
1
cabf-cabg 2
2647
2
cgeg-cgeh 2
cfhd-cgeh 2
1382
1
bdib-bdic 2
742
1
gfe-hec 2
743
1
hec-hed 2
6286
1
gcih-gcig 2
6220
1
gcjc-gcca 2
5548
1
fehg-ffei 2
6222
1
gccd-gccc 2
9574
1
jgeg-jfhe 2
9312
1
jdbb-jdbc 2
9646
1
jhbi-jgeg 2
9311
1
jdif-jdbb 2
9385
1
jdie-jdif 2
9488
2
jfhe-jeii 2
jdic-jeii 2
3423
1
ddej-decd 2
6293
1
gcje-gcjd 2
1635
1
bgde-bgdf 2
1716
1
bhbf-bhbg 2
1224
1
bccd-bcce 2
9575
1
jeij-jfhf 2
1791
1
bhjc-bhjb 2
1223
1
bccc-bccd 2
4540
1
egbi-efea 2
9510
1
jfii-jfba 2
9587
1
jfig-jfih 2
7679
1
hgia-hghj 2
7757
2
hghj-hhfh 2
hhfg-hhfh 2
776
1
hhf-hhg 2
870
1
hhg-iha 2
9508
1
jfah-jfai 2
4332
1
eddd-eddc 2
4184
1
ebid-ebie 2
8516
1
ifji-ifbg 2
8598
1
ifjh-ifji 2
8597
1
ifjg-ifjh 2
5450
1
ffcc-fefa 2
2316
1
cdbh-cdbg 2
5372
1
fefa-fdhc 2
5522
1
ffcd-ffcc 2
1196
1
bbjf-bbjg 2
542
1
fed-fec 2
470
1
fec-eha 2
614
2
fec-gbe 2
gbf-gbe 2
7343
1
hdec-hded 2
5878
1
fjfc-fihi 2
543
2
gbf-fed 2
ehb-fed 2
1197
1
bbjg-bbjh 2
7342
1
hdeb-hdec 2
793
1
gif-hjd 2
3445
2
dfbj-deef 2
deeg-deef 2
7822
1
hicd-hicc 2
3593
1
dhah-dfjd 2
3519
1
dfjd-dfbj 2
3520
1
dfcb-dfca 2
684
1
gid-gie 2
791
1
hjc-hjb 2
792
1
hjd-hjc 2
277
1
dih-chh 2
275
1
cab-chf 2
5270
1
fdii-fcha 2
386
1
dif-dig 2
4923
1
ejcc-ejcd 2
7984
1
iafg-hjie 2
7913
1
hjif-hjbd 2
4819
1
ejcd-eibj 2
2487
1
cdgf-ceih 2
2365
1
cdgg-cdgf 2
4491
1
efij-eejb 2
3336
1
dcda-dddg 2
8993
1
ijje-ijjd 2
2224
1
cccf-ccce 2
2225
1
ccjh-cccf 2
3338
1
dddh-dddi 2
3337
1
dddg-dddh 2
2486
1
ceih-ceig 2
9473
1
jdhb-jehd 2
4589
1
efja-efij 2
4490
1
eejb-eeja 2
7316
1
hdbh-hdbg 2
7317
1
hecj-hdbh 2
4748
1
eica-ehei 2
5771
2
fhhc-fhhb 2
fhha-fhhb 2
5772
1
fhhd-fhhc 2
5198
2
fchg-fbji 2
fbjh-fbji 2
3836
2
didf-didg 2
dhge-didg 2
3835
1
dhgd-didf 2
3764
1
dhgf-dhge 2
5659
1
fhhb-fgfj 2
6626
1
ghaa-ggcg 2
5275
1
fche-fchf 2
4436
1
eedh-eedg 2
4362
2
eedg-edgc 2
ecii-edgc 2
4437
2
edgd-eedh 2
eedi-eedh 2
1777
1
bifb-bhhh 2
4228
1
eccj-ecci 2
1925
2
bifb-bjcf 2
cadb-bjcf 2
9193
1
jbje-jbjd 2
9268
2
jcgj-jcgi 2
jdec-jcgi 2
9341
1
jecd-jdeb 2
5436
1
ffai-fedg 2
447
1
def-eeh 2
7252
1
hdce-hcfc 2
7044
1
haef-haee 2
880
2
jfe-iia 2
hja-iia 2
5506
1
ffhi-ffag 2
7181
1
hbia-hbib 2
953
1
jfc-jfd 2
1028
1
jfe-baci 2
954
2
jfd-jfe 2
iia-jfe 2
4525
1
egbb-efcf 2
5507
1
ffag-ffah 2
7414
1
hfae-hebe 2
4416
1
efcg-eebg 2
5578
1
fgfa-ffhi 2
7234
1
hdag-hcde 2
2211
1
ccba-ccbb 2
7306
1
hebe-hdag 2
2138
1
cbdh-cbdi 2
7333
2
hddc-hddd 2
hdde-hddd 2
5982
1
fjid-fjic 2
7455
1
hddd-heff 2
6767
1
gieb-ghgh 2
2230
1
cbfi-ccda 2
7637
1
hgdg-hgdh 2
7562
1
hfgb-hfgc 2
2302
1
ccda-cdac 2
2158
1
caig-cbfi 2
4392
1
eeig-edjc 2
4485
1
eeie-eeif 2
3150
1
dahi-dbfa 2
3152
1
dbfb-dbfc 2
3151
1
dbfa-dbfb 2
3667
1
dggi-dggh 2
2377
1
cdhg-cdhh 2
687
1
hjf-gih 2
795
2
hje-hjf 2
iib-hjf 2
3765
1
dggh-dhgf 2
6915
1
gjbg-gjbf 2
615
1
gih-gbf 2
2376
2
ccjg-cdhg 2
cdhf-cdhg 2
3820
1
dicb-dica 2
5178
1
fbhj-fbhi 2
609
1
gai-gaj 2
5030
2
fbae-fada 2
facj-fada 2
5105
1
fbae-fbaf 2
537
2
gaj-fdh 2
egf-fdh 2
608
2
gah-gai 2
fdg-gai 2
3749
1
dhfa-dhej 2
2297
1
cdhh-ccjh 2
681
1
gia-gib 2
8630
1
ifdg-igda 2
673
1
ghc-ghd 2
4200
1
ebjj-ecaa 2
6173
1
gbhc-gbhd 2
6068
1
gbhe-gagi 2
4348
1
edej-edei 2
4273
1
edeh-echd 2
8874
1
ijeg-iihe 2
384
2
did-die 2
eha-die 2
3867
1
digg-digh 2
385
2
die-dif 2
chf-dif 2
3387
1
ddii-ddih 2
8875
1
iihe-iihf 2
383
2
dic-did 2
egj-did 2
3462
1
degd-degc 2
360
2
dfj-dga 2
efe-dga 2
359
1
cgb-dfj 2
763
1
hgc-hgd 2
667
1
hgd-ggh 2
762
1
hgb-hgc 2
7739
1
hggf-hhdj 2
7857
1
hhdj-hifh 2
7740
1
hhdj-hhea 2
2426
1
cech-cecg 2
468
1
egh-egi 2
382
1
dib-dic 2
809
1
ijb-iaj 2
1058
1
jie-bafi 2
891
1
ija-ijb 2
454
1
fcg-efe 2
6602
1
ggab-ggac 2
9631
1
jgda-jgdb 2
2732
1
chdd-chdc 2
6684
1
ggac-ggie 2
6758
1
ggie-ghfi 2
2137
1
cbdg-cbdh 2
6717
1
ghbi-ghbh 2
9185
1
jbbb-jbif 2
9704
1
jgdc-jhae 2
6792
1
ghjd-ghjc 2
9258
1
jbie-jcfi 2
6865
1
gige-gigf 2
9082
1
ijha-jaic 2
9080
1
jahj-jaia 2
863
1
jdh-igd 2
8932
1
iiga-ijdc 2
9020
1
ijdc-jaca 2
7259
1
hcfi-hcfj 2
8864
1
ijdg-iige 2
9130
1
jaca-jbda 2
7186
1
hbih-hbig 2
8793
1
iigf-ihjd 2
3038
1
dadh-dadi 2
2967
1
dadj-cjgh 2
3514
1
dfbf-dfbe 2
3441
1
deea-deeb 2
4526
1
efcf-efcg 2
6256
1
gbgg-gcfg 2
6257
1
gcfg-gcfh 2
3039
2
dadi-dadj 2
dbbb-dadj 2
3111
1
dbid-dbbb 2
3916
1
diee-djbg 2
3219
1
dcbi-dcbj 2
3180
1
dbai-dbia 2
4092
1
eajb-eajc 2
8788
1
ihij-ihii 2
1677
1
bghi-bghh 2
1624
2
bgcf-bgce 2
bgcd-bgce 2
1709
1
bhid-bhaj 2
7085
1
haie-haif 2
1784
1
bifi-bhie 2
2891
1
cija-cijb 2
6902
1
gjad-gjac 2
2774
1
cijc-chhe 2
3773
1
dhhe-dhhd 2
3261
1
dcga-dcgb 2
2065
1
bjeh-cagf 2
3682
1
dhhc-dgic 2
3684
1
dgif-dgie 2
3262
1
dcgb-dcgc 2
3356
1
dcgc-ddfg 2
8890
1
iibi-iija 2
689
1
gja-gij 2
2615
1
cgbe-cgbf 2
800
1
gii-iaa 2
6690
1
ggbc-ggja 2
8818
1
iheg-iibi 2
6613
1
ggbe-ggbd 2
8746
1
igga-iheg 2
2542
2
cgbg-cfec 2
cefg-cfec 2
2616
1
cgbf-cgbg 2
3448
1
ddhe-deei 2
3521
1
dfjf-dfcb 2
3373
1
ddhc-ddhd 2
2906
1
cjaf-cjag 2
3446
1
dfca-deeg 2
2905
1
cjhh-cjaf 2
805
1
gjd-iaf 2
8570
1
ifhb-ifha 2
692
1
gjd-gjc 2
8689
1
igja-igij 2
6863
1
gjej-gigd 2
7059
1
hbdb-hafj 2
1110
1
bcce-bbba 2
6949
1
hafj-gjej 2
3914
1
djbd-djbe 2
2444
1
ceef-ceee 2
2691
1
cgbh-cgjb 2
389
1
chj-dij 2
2543
1
cegb-cfed 2
4726
1
ehji-ehcg 2
2617
1
cfed-cgbh 2
279
1
caf-chj 2
7758
1
hhfh-hhfi 2
390
1
dij-dja 2
7681
1
hhfj-hgib 2
7759
2
hhga-hhfj 2
hhfi-hhfj 2
4798
1
eija-ehji 2
4890
1
eiij-eija 2
7760
2
hhfj-hhga 2
hhgb-hhga 2
2533
1
ceed-cfdd 2
761
1
hga-hgb 2
759
1
hfi-hfj 2
3710
1
dhbb-dhba 2
3340
1
dddj-ddea 2
3339
1
dddi-dddj 2
5038
1
fbbc-fadi 2
7719
1
hhca-hhbj 2
7720
1
hicc-hhca 2
7951
1
iacd-hjfb 2
7440
1
hedj-heea 2
3878
1
djfa-dihi 2
7439
2
hfbh-hedj 2
hdcd-hedj 2
7323
2
hedj-hdcd 2
hcfb-hdcd 2
5152
1
fccg-fbfc 2
5225
1
fdcd-fccf 2
4548
1
efej-efei 2
9318
1
jcee-jdbi 2
4040
1
eadj-eaea 2
4538
1
efdj-efdi 2
1464
1
bdjc-bege 2
4537
1
efdi-efdh 2
7250
2
hcfb-hcfa 2
hcej-hcfa 2
7249
2
hcfa-hcej 2
hbhh-hcej 2
2578
1
cfhj-cfhi 2
4216
1
ebec-ecbg 2
2653
1
chch-cgfd 2
7178
1
hbag-hbhi 2
7251
2
hcfa-hcfb 2
hdcd-hcfb 2
2805
1
ciag-ciaf 2
2804
1
ciaf-ciae 2
5582
1
ffba-ffic 2
4829
1
eici-eicj 2
9018
1
jbci-jabi 2
4942
1
eida-ejec 2
4940
1
ejdj-ejea 2
9828
1
jich-jici 2
5981
1
fjic-fjib 2
3248
1
dbfc-dcei 2
3089
1
daja-daij 2
2621
1
cgcc-cgcb 2
8387
1
idbd-idih 2
8461
2
idih-iegb 2
iega-iegb 2
7248
1
hcej-hcei 2
9551
1
jgcd-jffb 2
3295
2
dcjg-dcjf 2
dcje-dcjf 2
3296
1
dbia-dcjg 2
6851
1
ghhh-gifb 2
6930
2
gjcj-gjda 2
gifc-gjda 2
4501
1
efaa-efab 2
6929
2
gjda-gjcj 2
gifb-gjcj 2
4598
1
egha-efji 2
4504
2
efji-efae 2
efaf-efae 2
4670
1
ehec-egha 2
2443
1
ceee-ceed 2
3275
1
dche-dchf 2
4287
1
edgb-ecih 2
7826
1
hich-hicg 2
5125
1
fbjj-fbcf 2
7915
1
hicf-hjbf 2
1241
1
bcec-bceb 2
2966
1
cjgh-cjgg 2
4220
1
ecbj-ecca 2
680
2
gai-gia 2
ghj-gia 2
4219
1
ebef-ecbj 2
5124
1
fbji-fbce 2
129
1
cad-bcj 2
794
1
hjd-hje 2
3526
1
defc-dfcg 2
3601
1
dgaa-dgab 2
770
1
igi-hha 2
671
1
gha-ghb 2
7351
1
hdfa-hdfb 2
2984
1
cjbc-cjie 2
2428
1
cecj-ceci 2
4885
1
ehjh-eiif 2
2427
1
ceci-cech 2
258
1
cfh-cfi 2
185
1
bie-bif 2
1434
1
bedf-bede 2
1507
1
bgbb-bfah 2
7612
1
hfdi-hgbc 2
7539
1
hegf-hfdj 2
5797
1
fhjg-fhjh 2
4887
2
eiig-eiih 2
ejjd-eiih 2
4993
1
ejjc-ejjd 2
4886
1
ejjc-eiig 2
4888
1
eiih-eiii 2
7106
1
haci-hbag 2
2429
1
cdcj-cecj 2
7177
2
hbhi-hbhh 2
hbhg-hbhh 2
8463
1
ifdh-iegd 2
3670
1
dfhc-dgha 2
6611
1
ggij-ggbb 2
6689
1
ghgd-ggij 2
3572
1
deji-dfhc 2
3498
1
dejh-deji 2
6763
2
ghge-ghgd 2
gidh-ghgd 2
2214
1
ccbd-ccbe 2
4041
1
eaea-eaeb 2
8951
1
iihj-ijfb 2
3651
1
dfgb-dgfb 2
7150
1
hccc-hbfa 2
3650
1
dgfb-dgfa 2
3581
1
dfic-dfib 2
3649
1
dgfa-dgej 2
7222
1
hccd-hccc 2
8879
1
iiia-iihj 2
8880
1
iiib-iiia 2
685
1
gbd-gif 2
3507
1
dfib-dfah 2
1863
1
bjdh-bigd 2
1865
1
bhjb-bigf 2
3451
2
ddhh-defb 2
dfcf-defb 2
4073
1
eahc-eahd 2
471
1
dif-ehb 2
4075
1
djhj-eahf 2
7678
2
hgae-hghi 2
hhfc-hghi 2
3525
1
dfjj-dfcf 2
5676
1
fghf-fghg 2
6360
1
gedc-gdga 2
6431
1
gfah-gedb 2
3452
1
defb-defc 2
5675
1
fhjh-fghf 2
3377
1
dcjj-ddhh 2
7898
1
hjha-hiji 2
7970
1
hjgj-hjha 2
7969
1
hjgi-hjgj 2
398
1
djj-dji 2
4628
1
ehaa-egci 2
9079
1
jahi-jahj 2
5083
1
faie-faid 2
1449
1
bfcb-beej 2
1855
1
bhib-biff 2
898
2
ica-iji 2
ijh-iji 2
7469
1
heha-hegj 2
469
1
egi-egj 2
7640
1
hgdj-hgea 2
821
1
ica-icb 2
4797
1
ehcf-ehjh 2
3806
2
dihi-diag 2
dhde-diag 2
4725
1
ehce-ehcf 2
822
1
icb-icc 2
3804
2
dihg-diae 2
dhdc-diae 2
1377
1
beej-bdhh 2
6026
1
gach-gacg 2
2982
1
dafe-cjic 2
4784
1
ehif-ehie 2
2479
1
cehi-cehj 2
4551
2
effa-effb 2
effc-effb 2
2481
2
ceia-ceib 2
cdgb-ceib 2
9423
1
jecc-jecd 2
9342
1
jdeb-jdec 2
4549
2
effa-efej 2
eedb-efej 2
2480
1
cehj-ceia 2
9094
1
jajf-jaje 2
4032
1
ebfa-eadc 2
8003
1
iaac-iaad 2
2022
1
cacd-cacc 2
7258
2
hbig-hcfi 2
hdde-hcfi 2
2024
1
cacf-cace 2
7930
1
hifc-hjda 2
7853
1
hife-hifd 2
7334
2
hcfi-hdde 2
hddd-hdde 2
7932
1
hjdd-hjdc 2
1429
1
bfab-becj 2
2023
1
cace-cacd 2
3955
1
djfe-djff 2
2810
1
chce-ciba 2
3028
1
cjfg-daci 2
2457
1
cefg-cefh 2
5274
1
fchd-fche 2
6677
1
ghfb-gghh 2
2098
1
cbha-caji 2
2170
1
ccec-cbha 2
6483
1
gfjb-geid 2
5197
1
fbcd-fbjh 2
3607
2
dgag-dgah 2
dfdd-dgah 2
2705
1
cgdb-chaf 2
7797
1
hhjg-hhjh 2
5419
1
fejb-febj 2
6111
1
gbbc-gbbb 2
8903
1
iidb-ijad 2
2778
1
chae-chhi 2
6224
1
gbba-gcce 2
8902
1
ijad-ijac 2
9370
1
jegi-jdha 2
2048
1
caeh-caei 2
7004
2
haad-haae 2
haaf-haae 2
3617
2
dhdf-dgbh 2
dfdj-dgbh 2
3540
1
degg-dfea 2
137
1
cbb-bdh 2
3487
1
deii-deih 2
3007
1
cjdf-daah 2
2936
1
cjdh-cjdg 2
4080
1
eahj-eaia 2
9444
1
jeef-jeee 2
3561
1
deih-dfgb 2
9445
1
jdff-jeef 2
9443
1
jeee-jeed 2
4679
1
egah-eghj 2
5425
1
fecg-fecf 2
3280
2
ddgg-dcia 2
dchj-dcia 2
3016
1
daii-dabg 2
5332
1
fddd-fddc 2
9675
2
jghe-jghf 2
jgad-jghf 2
5983
1
fjaj-fjid 2
7583
1
hfic-hfid 2
885
1
jfj-iif 2
399
1
eaa-djj 2
400
1
ehi-eaa 2
4289
1
ecii-ecij 2
3648
1
dgej-dgei 2
2573
1
cejj-cfhd 2
3294
2
dcjf-dcje 2
dcjd-dcje 2
2436
1
cfda-cedg 2
3179
1
dcjf-dbhj 2
2530
1
cgae-cfda 2
2437
1
cedg-cedh 2
3316
1
dbje-ddbg 2
4905
1
ejag-ejaf 2
3464
2
degd-dege 2
dfdi-dege 2
3389
1
ddbf-ddij 2
6330
1
gdcj-gdda 2
749
1
hei-hej 2
5154
1
fbfd-fbfe 2
1283
1
bdff-bcid 2
1282
1
bcid-bcic 2
1355
1
bdfg-bdff 2
4423
2
eecc-eecd 2
efdh-eecd 2
9513
1
jfbc-jfbd 2
1752
1
bicg-bhfc 2
6903
1
gjae-gjad 2
6901
1
gich-gjab 2
6828
1
gjac-gici 2
1825
1
bice-bicf 2
2155
1
cbfg-cbff 2
1969
1
bjgi-bjgj 2
5476
1
feae-fehg 2
1630
1
bgdb-bgda 2
1403
1
beae-bead 2
2206
2
ccah-ccag 2
cbde-ccag 2
2208
1
ccah-ccai 2
1629
2
bgda-bgcj 2
bgci-bgcj 2
9824
1
jicd-jice 2
7224
2
hccf-hcce 2
hcjg-hcce 2
604
1
fdc-gae 2
2303
1
cdac-cdad 2
676
1
gae-ghg 2
1037
2
badg-badh 2
bbbb-badh 2
1036
1
badf-badg 2
532
1
fdd-fdc 2
612
1
gie-gbc 2
3191
1
dbja-dbjb 2
8209
2
idbb-icaj 2
icba-icaj 2
2460
1
cdei-cega 2
2458
2
cefj-cefi 2
cefh-cefi 2
1371
1
beed-bdhb 2
1299
1
bdhb-bcjj 2
3068
1
cjjg-dagi 2
5796
1
fiha-fhjg 2
3690
1
dgjb-dgja 2
8215
1
icbg-icbf 2
7588
1
hfbe-hfii 2
7324
1
heee-hdce 2
9017
1
jabi-jabh 2
1195
1
bajd-bbjf 2
1019
1
babi-babj 2
2492
2
cejd-cejc 2
cejb-cejc 2
890
1
jge-ija 2
2494
1
cdhg-ceje 2
2375
1
cdhe-cdhf 2
2493
1
ceje-cejd 2
1093
1
babj-bajd 2
964
1
badi-jge 2
4105
1
ebag-ebaf 2
4104
2
djjg-ebae 2
ebaf-ebae 2
8851
1
ijcd-iifb 2
3925
1
difd-djcf 2
8779
1
iifb-ihhj 2
8923
1
jaad-ijcd 2
4103
1
ebae-ebad 2
344
1
ded-dee 2
3996
1
djjh-djjg 2
345
1
dee-def 2
3129
1
dafh-dbcj 2
9632
1
jgdb-jgdc 2
3596
2
dfjh-dfjg 2
dhba-dfjg 2
9462
1
jegd-jegc 2
3128
1
dbcj-dbci 2
3057
1
cjif-dafh 2
44
1
bbi-ee 2
4349
1
eecd-edej 2
7937
1
hjdi-hjdh 2
1995
1
bjjg-bjjf 2
1996
1
caji-bjjg 2
1994
1
bjjf-bjje 2
6859
1
giga-gifj 2
5156
1
fcda-fbfg 2
5229
1
fcci-fccj 2
812
1
ibb-ibc 2
5230
1
fccj-fcda 2
811
1
iba-ibb 2
4238
1
ebge-ecdi 2
5568
1
ffgj-ffgi 2
5497
1
fecf-fejh 2
4163
1
eafh-ebgd 2
4311
1
edbc-edbb 2
6860
1
gjec-giga 2
810
1
iaj-iba 2
6942
1
gjed-gjec 2
2879
3
chgf-cihj 2
cjgb-cihj 2
ciia-cihj 2
2765
1
cgjb-chgf 2
2961
2
cihj-cjgb 2
cjga-cjgb 2
2880
2
cihj-ciia 2
ciib-ciia 2
6329
1
gcfh-gdcj 2
6402
1
gdda-geac 2
2985
1
cjie-cjif 2
4256
1
ecfh-ecfg 2
4258
1
eddc-ecfi 2
1528
1
befg-bfci 2
5681
1
fgic-fgib 2
1312
2
bdbd-bdbc 2
bcdi-bdbc 2
1384
1
bdbc-bdie 2
4257
2
ecfi-ecfh 2
eddb-ecfh 2
1726
1
bgei-bhcg 2
4331
1
edda-eddb 2
1648
1
bfci-bgei 2
4183
1
ecfh-ebid 2
6408
1
geaj-geai 2
1439
2
bedi-bedj 2
bdgh-bedj 2
1512
1
bfbb-bfbc 2
1619
1
bfbb-bgbj 2
8726
1
ihji-ihcg 2
8681
1
igic-igib 2
8798
2
ihcg-ihji 2
ihjh-ihji 2
5738
1
fhdj-fhdi 2
8797
1
iigj-ihjh 2
8759
1
igib-ihfj 2
8870
1
ihji-iiha 2
5655
1
ffid-fgff 2
5583
1
ffic-ffid 2
5763
2
fgff-fhgd 2
fhge-fhgd 2
4682
1
egib-egic 2
8831
1
ihfj-iidb 2
2343
1
cchb-cded 2
3613
1
dhdb-dgbd 2
3731
2
dhda-dhdb 2
diad-dhdb 2
3612
2
dgbd-dgbc 2
dfdi-dgbc 2
7350
1
hdej-hdfa 2
7538
1
hfdj-hfdi 2
7465
1
hdfb-hegf 2
3917
1
djbg-djbh 2
4093
1
eajc-eajd 2
5637
1
fhdd-fgdh 2
5831
1
fjaf-fidb 2
5253
1
fcfe-fcfd 2
5733
1
fidb-fhdd 2
5254
1
fdgi-fcfe 2
2556
1
cfff-cffg 2
3990
1
djbi-djja 2
5368
1
fdgj-fdgi 2
2557
1
cffg-cffh 2
2631
1
cffh-cgdb 2
6263
1
gddf-gcgd 2
2132
2
cbdb-cbdc 2
cafa-cbdc 2
5440
1
feeb-feea 2
6177
1
gbhi-gbhh 2
2131
2
caej-cbdb 2
ccad-cbdb 2
6176
1
gcgc-gbhg 2
5010
1
ejbg-faba 2
2050
2
cbdc-cafa 2
cafb-cafa 2
9862
1
jigd-jigc 2
1011
1
babc-babb 2
1012
1
babd-babc 2
937
1
babb-jdh 2
9769
1
jigb-jhgj 2
6178
1
gbhj-gbhi 2
9861
1
jigc-jigb 2
3117
1
dbbg-dbbh 2
3954
1
djfd-djfe 2
4955
1
eidj-ejff 2
4956
1
ejff-ejfg 2
1433
1
bede-bedd 2
5034
1
ejfg-fade 2
3750
1
dgee-dhfa 2
3369
1
ddgi-ddgj 2
3823
1
dijf-dicd 2
3283
1
ddgj-dcid 2
3370
1
dcie-ddha 2
3821
1
dhej-dicb 2
3368
1
deec-ddgi 2
5007
1
faib-faah 2
5082
1
fbfg-faic 2
3443
1
ddgj-deed 2
3894
1
djgg-dije 2
4857
1
ejhf-eifh 2
1631
1
bfbj-bgdb 2
1519
1
beeh-bfbj 2
8154
1
ibfd-ibfe 2
1447
1
beeg-beeh 2
4558
1
effj-effi 2
4630
2
effi-egda 2
ehac-egda 2
4559
2
egdb-effj 2
eeeb-effj 2
8153
1
ibfc-ibfd 2
4440
2
eedj-eeea 2
eeeb-eeea 2
8152
1
ichc-ibfc 2
6339
1
gebb-gddj 2
6267
2
gddj-gcgh 2
gbib-gcgh 2
6266
1
gcgh-gcgg 2
6181
2
gcgh-gbib 2
gbic-gbib 2
1950
1
bjej-bjfa 2
4321
1
edjf-edcb 2
4396
1
eeja-edjg 2
4988
1
ejij-ejii 2
9968
1
jjgj-jjgi 2
9175
1
jcej-jbhf 2
7341
1
hefj-hdeb 2
9967
1
jjgi-jjgh 2
7533
1
hgah-hfdd 2
9966
1
jjgh-jjgg 2
7459
1
hfdd-hefj 2
3528
1
dfch-dfci 2
5322
1
feca-fdcc 2
5323
1
fdcc-fdcd 2
3453
1
defc-defd 2
813
1
ibc-ibd 2
4550
2
efej-effa 2
effb-effa 2
5682
1
fgid-fgic 2
5605
1
fgib-fgaf 2
4431
1
edfh-eedb 2
9415
1
jebe-jebf 2
2807
1
ciai-ciah 2
2809
1
ciba-ciaj 2
739
1
iej-hdj 2
5420
1
febj-feca 2
9414
1
jebd-jebe 2
2808
1
ciaj-ciai 2
8531
1
igcf-ifdb 2
8533
1
ifde-ifdd 2
6335
1
geah-gddf 2
1446
2
beef-beeg 2
bdhe-beeg 2
8939
1
jadb-ijdj 2
1373
1
bdhc-bdhd 2
3134
1
dbdd-dbde 2
9030
1
jbdg-jada 2
3709
1
dfjf-dhaj 2
3708
1
dhaj-dhai 2
1445
1
bfbh-beef 2
3218
1
dbde-dcbi 2
3133
1
dagb-dbdd 2
5404
1
fcji-feae 2
1116
1
bbbf-bbbg 2
1851
2
bifc-bifb 2
bjcf-bifb 2
825
1
ice-icf 2
899
1
icf-ijj 2
824
1
hae-ice 2
1042
1
bbbg-baec 2
1043
1
baec-baed 2
1852
1
bhhi-bifc 2
590
1
fbi-fja 2
1233
1
bdbb-bcdd 2
519
1
eeh-fbj 2
961
1
iih-jgb 2
3644
1
dgef-dgee 2
1778
2
bhhh-bhhi 2
bhhj-bhhi 2
1311
1
bdid-bdbb 2
3645
1
dgeg-dgef 2
9541
1
jfec-jfeb 2
1035
1
jgb-badf 2
1115
1
bcdd-bbbf 2
2545
1
cfeg-cfef 2
2462
1
cegd-cegc 2
3527
1
defd-dfch 2
3284
2
dcif-dcie 2
dcid-dcie 2
3529
1
dfci-dfcj 2
3602
1
dgab-dgac 2
2463
1
cfef-cegd 2
9293
1
jcbj-jcjd 2
9366
1
jcjc-jdgg 2
3126
1
dbch-dbcg 2
3641
1
dgea-dgeb 2
3640
1
dgdj-dgea 2
3555
1
dgeb-dfff 2
7511
1
hfif-hfbb 2
4770
1
eiec-ehha 2
4842
1
eieb-eiec 2
7659
1
hhdd-hgfj 2
7585
1
hgfj-hfif 2
4771
1
ehha-ehhb 2
1226
1
bbbc-bccg 2
7028
2
hach-haci 2
hacj-haci 2
9530
1
jfcj-jfda 2
4717
1
ehbg-ehbh 2
4790
1
ehbi-ehja 2
1111
1
bbba-bbbb 2
1112
1
badi-bbbc 2
7027
1
hacg-hach 2
7026
2
hacf-hacg 2
hbae-hacg 2
1038
1
badh-badi 2
6275
1
gdeh-gchf 2
6816
1
gibf-gibg 2
4404
1
edda-eeae 2
4507
1
efag-efah 2
3482
1
dffg-deic 2
205
1
cag-caf 2
7949
1
hjfa-hjej 2
2596
1
cfcc-cfjg 2
7295
1
hdjf-hcjf 2
7394
1
hejc-hdje 2
5767
1
fhgi-fhgh 2
1538
1
bfdj-bfdi 2
3950
1
djfb-djfa 2
1463
1
bege-begd 2
3320
1
dcac-ddca 2
7855
1
hjdd-hiff 2
9340
1
jddj-jdea 2
7854
2
hiff-hife 2
hjdc-hife 2
2295
1
cdhb-ccjf 2
2789
1
chii-chij 2
2711
1
chij-chbb 2
6516
2
gfbf-gfbg 2
gedg-gfbg 2
6515
2
gfbe-gfbf 2
gfbg-gfbf 2
3371
1
deef-ddhb 2
2637
1
chbb-cgdh 2
476
1
dje-ehg 2
549
1
ehh-fej 2
8733
1
iiaf-ihdd 2
7485
1
heie-heif 2
2935
1
cjdg-cjdf 2
3463
2
ddij-degd 2
dege-degd 2
9511
1
jfba-jfbb 2
3538
2
dgbc-dfdi 2
dege-dfdi 2
1729
1
biad-bhcj 2
2570
1
cgee-cfha 2
8203
1
ibbb-icad 2
2644
1
chbi-cgee 2
8989
1
ijja-ijij 2
3230
1
dccj-dcda 2
3997
1
djcf-djjh 2
9111
1
ijij-jbbb 2
1018
1
jee-babi 2
375
2
egf-dhf 2
cgj-dhf 2
465
2
fdh-egf 2
dhf-egf 2
944
1
iha-jee 2
9409
1
jeai-jeaj 2
2650
1
cgej-cgfa 2
3799
2
diaa-dhjj 2
dihb-dhjj 2
2724
1
cgfa-chce 2
3116
2
dbbf-dbbg 2
dbii-dbbg 2
3187
1
dbig-dbih 2
3114
1
dbbf-dbbe 2
5696
1
fiba-fgjg 2
5695
1
fgjg-fgjf 2
5694
1
fgjf-fgje 2
8112
1
ibbd-ibbc 2
8517
1
ifbg-ifbh 2
8443
1
ifbh-ieed 2
4010
1
eaaj-eaba 2
3553
1
dffc-dffd 2
4011
2
djdj-eabb 2
eaba-eabb 2
3939
1
digh-djdj 2
2910
1
cjic-cjba 2
4127
1
eabb-ebch 2
3639
1
dffd-dgdj 2
9035
1
ijed-jadf 2
8943
1
iihb-ijed 2
4297
1
ecjg-ecjh 2
6908
1
gide-gjai 2
7104
2
hacg-hbae 2
hbhg-hbae 2
3334
1
deai-ddde 2
5849
1
fhgd-fiej 2
4224
1
ecji-ecce 2
2317
1
ccef-cdbh 2
9463
1
jdgf-jegd 2
261
1
bih-cgb 2
2245
1
cbhd-ccef 2
9365
1
jdgg-jdgf 2
2839
1
cheb-cidj 2
7086
1
haif-haig 2
677
2
hib-ghh 2
ghg-ghh 2
780
1
ihe-hia 2
2741
1
chec-cheb 2
2157
1
caif-cbfh 2
9507
1
jfag-jfah 2
2816
1
cibh-cibg 2
2156
1
cbfh-cbfg 2
781
2
ghh-hib 2
hia-hib 2
2937
1
cidj-cjdh 2
8370
1
ieee-idha 2
2678
1
cghh-cghi 2
4284
1
ecid-ecie 2
2604
1
cghi-cgae 2
3907
1
djai-djah 2
4357
1
edfg-edfh 2
3763
1
dggf-dhgd 2
1122
1
baei-bbcc 2
1048
1
jhe-baei 2
5909
1
fjba-fjaj 2
2180
1
cbhj-cbia 2
2969
1
cjha-cjgj 2
3305
1
ddae-ddaf 2
3306
1
ddaf-ddag 2
3186
1
ddag-dbig 2
4177
1
ecfb-ebhh 2
2265
1
cddh-ccgf 2
47
1
ei-eh 2
2441
1
ceea-ceeb 2
8536
1
iegc-ifdg 2
7880
1
hiib-hiia 2
8462
1
iegb-iegc 2
7881
1
hhgh-hiib 2
2337
1
ceeb-cddh 2
8537
1
igdf-ifdh 2
1734
1
bgga-bhde 2
5480
1
fffc-feia 2
5409
1
feib-feaj 2
1882
1
biai-biic 2
2071
1
cbef-cahb 2
1808
1
bhde-biai 2
6849
1
gjcd-giej 2
5084
1
faba-faie 2
1949
1
cahb-bjej 2
2145
2
ccbh-cbef 2
cbee-cbef 2
9479
1
jehi-jehj 2
6852
1
gifd-gifc 2
4830
1
eicj-eida 2
4758
1
egig-ehfi 2
9478
1
jfgi-jehi 2
6931
1
gjda-gjdb 2
2649
1
cfhf-cgej 2
2575
1
cfab-cfhf 2
2126
1
cbji-cbcg 2
3797
1
dhji-dhjh 2
8981
1
jbab-ijib 2
4742
1
eibe-ehec 2
4215
2
ecbg-ecbf 2
ecij-ecbf 2
1899
1
bicf-bijj 2
1986
1
bjif-bjig 2
3388
1
degc-ddii 2
7934
2
hifg-hjde 2
hjdf-hjde 2
7856
1
hifh-hifg 2
7124
1
hafc-hbce 2
3106
1
dbah-dbag 2
9168
1
jaig-jbgi 2
9086
1
jaif-jaig 2
365
1
efj-dgf 2
1993
1
bjje-bjjd 2
4193
1
ecgh-ebjd 2
4106
1
ebah-ebag 2
264
1
dgg-cge 2
4107
1
ebjd-ebah 2
6853
1
gife-gifd 2
2451
2
cded-cefb 2
cefc-cefb 2
6854
1
ghia-gife 2
4363
1
edgc-edgd 2
6615
1
ggbg-ggbf 2
7164
1
hbgd-hbge 2
670
1
hha-gha 2
1400
1
bdjj-beaa 2
2867
1
cigg-cigh 2
672
2
ghb-ghc 2
gaa-ghc 2
3892
1
dica-dijc 2
3965
1
djge-djgf 2
5996
1
fjjf-fjjg 2
2051
2
cafa-cafb 2
cafc-cafb 2
3259
1
ddfd-dcfj 2
9864
1
jjgg-jige 2
8629
1
igda-igcj 2
8772
1
iiee-ihhc 2
3353
1
dech-ddfd 2
4703
1
ehac-ehad 2
7566
1
hgea-hfgg 2
526
1
fch-fcg 2
7243
1
hcee-hced 2
7639
1
hgdi-hgdj 2
4702
2
ehhe-ehac 2
egda-ehac 2
4631
1
egda-egdb 2
527
1
fci-fch 2
2499
1
cdif-cejj 2
2385
1
cdig-cdif 2
3668
1
dggj-dggi 2
4939
1
facf-ejdj 2
4828
1
ejea-eici 2
1070
1
bagj-baha 2
606
1
ghi-gag 2
194
1
bca-bje 2
951
1
ihh-jfb 2
120
1
eg-bca 2
533
1
egb-fdd 2
8240
1
iceb-icea 2
7738
1
hifc-hhdi 2
7590
1
hgge-hfja 2
3716
1
dhbh-dhbg 2
5955
1
fiib-fjff 2
7346
2
hdef-hdeg 2
hcgg-hdeg 2
6030
1
fjfg-gada 2
6857
2
ghid-gifh 2
gjdj-gifh 2
1435
1
bfah-bedf 2
2445
1
ceeg-ceef 2
8078
1
iahh-iahi 2
5952
1
gacg-fjfc 2
587
1
gfj-fih 2
625
1
gcg-gcf 2
8614
1
igbf-igbe 2
2898
1
cijj-ciji 2
8721
1
ihjd-ihcb 2
8914
1
iiec-ijbe 2
7152
1
hcce-hbfc 2
7079
1
hahi-hahj 2
6986
2
haia-gjig 2
gjif-gjig 2
8990
1
ijbe-ijja 2
2623
1
cgjh-cgcd 2
1826
1
bicf-bicg 2
366
1
dgf-dgg 2
453
1
fcf-efd 2
1231
1
bcda-bcdb 2
3883
2
djff-diid 2
diie-diid 2
2357
1
cdfg-cdfh 2
6027
1
gbaf-gach 2
982
1
jai-jic 2
2195
1
cbje-cbjf 2
4839
2
ehgh-eidj 2
ejff-eidj 2
4838
1
eidj-eidi 2
2196
1
cbjf-cbjg 2
2194
1
cbcc-cbje 2
2040
1
cbcg-caea 2
3449
1
deei-deej 2
2041
1
caea-caeb 2
2996
1
cjce-cjjg 2
2955
1
cigj-cjff 2
2085
1
bjhb-caif 2
9206
1
jcaf-jcag 2
3408
1
deic-deai 2
9323
1
jdce-jdcd 2
1366
1
bcje-bdgg 2
6437
1
gdgf-gedh 2
7638
1
hgdh-hgdi 2
8974
1
ijac-ijhe 2
9090
1
ijhe-jaja 2
9172
1
jaja-jbhc 2
7023
1
gjaj-hacd 2
9027
1
jacg-jach 2
6117
1
gcch-gbbh 2
6116
1
gbbh-gbbg 2
113
1
bbc-bbd 2
112
1
bbb-bbc 2
8690
1
ihge-igja 2
1015
1
babg-babf 2
3735
1
diah-dhdf 2
3715
1
dhbg-dhbf 2
9171
1
jbhc-jbhb 2
3616
1
dgbh-dgbg 2
3539
1
dfea-dfdj 2
6904
1
habe-gjae 2
2655
1
cgfg-cgff 2
9747
1
jghf-jheh 2
8216
1
icbh-icbg 2
2729
1
cgff-chcj 2
7842
1
hhdc-hiec 2
9603
1
jgac-jgad 2
3720
1
dhcb-dhca 2
5362
2
feee-fdgc 2
fdgd-fdgc 2
3722
2
dhcd-dhcc 2
dgae-dhcc 2
2994
2
cjcc-cjje 2
dagg-cjje 2
5361
1
fdgc-fdgb 2
5360
1
fdgb-fdga 2
3721
1
dhcc-dhcb 2
1295
2
bcje-bcjf 2
bcjg-bcjf 2
2892
1
cijb-cijc 2
1991
1
bjjc-bjjb 2
7968
1
iaea-hjgi 2
8421
1
ideh-iecb 2
4752
1
egia-ehfc 2
8494
2
ieca-ieje 2
iejf-ieje 2
4681
1
egia-egib 2
8965
1
ijge-ijgf 2
7876
1
hihh-hihg 2
4345
1
echb-edef 2
2862
1
cigb-cigc 2
7432
1
hedd-hedc 2
7434
2
hedf-hede 2
hfbg-hede 2
998
1
bahc-jji 2
923
1
jce-jcd 2
8269
1
icgi-icgj 2
8268
1
icgh-icgi 2
9184
1
jbif-jbie 2
8727
1
ihcg-ihch 2
5025
1
fajj-facf 2
678
1
ghh-ghi 2
4672
1
egaa-eghc 2
4938
1
face-ejdi 2
1219
1
bcca-bcbj 2
1220
1
bccb-bcca 2
1218
2
bcbj-bcbi 2
bcbh-bcbi 2
2200
1
ccab-ccaa 2
2223
1
ccjf-cccd 2
7852
1
hifd-hifc 2
9723
1
jgfb-jhcd 2
4205
1
ebch-ecaf 2
4094
1
eajd-eaje 2
7722
1
hhcd-hhcc 2
3991
2
eajf-djjb 2
djja-djjb 2
8628
1
igcj-igci 2
127
1
bci-bch 2
973
1
ijj-jhd 2
7827
1
hhcb-hich 2
3832
1
djae-didc 2
3905
1
djhh-djaf 2
8534
1
igci-ifde 2
3162
1
dcgg-dbgc 2
1970
1
bjgj-bjha 2
7658
1
hgfh-hgfi 2
1971
1
bjha-bjhb 2
1800
1
bhcg-biaa 2
4102
1
ebad-ebac 2
3994
1
ebac-djje 2
2093
2
bjih-cajd 2
caje-cajd 2
1987
1
bjig-bjih 2
7230
1
hccj-hcda 2
8917
1
ijjd-ijbh 2
8844
1
ijbg-iiee 2
1156
1
baha-bbfg 2
1069
1
bagi-bagj 2
8916
1
ijbh-ijbg 2
2372
1
cdhd-cdhc 2
2491
1
ceja-cejb 2
2374
1
cejc-cdhe 2
2373
1
cdhe-cdhd 2
8135
1
iagd-ibdf 2
4694
1
egcc-egje 2
4249
1
ebhf-ecej 2
4250
1
ecej-ecfa 2
6403
1
geac-gead 2
1788
1
bigc-bhii 2
9136
1
jbdf-jbdg 2
7620
1
hgcb-hgca 2
7035
1
hadg-hadf 2
7545
1
hfeg-hfef 2
4503
1
efae-efad 2
2466
1
cegh-cegg 2
2958
1
cjfj-cjfi 2
6610
1
ggbb-ggba 2
3969
1
dijh-djgj 2
2959
1
cjga-cjfj 2
2782
1
chai-chic 2
6951
1
gigf-gjfb 2
2783
1
chic-chid 2
2784
1
chid-chie 2
7487
1
hdij-heih 2
7561
1
heih-hfgb 2
3202
1
dcad-dcac 2
3203
1
dcae-dcad 2
6171
1
gcgb-gbhb 2
6261
1
gddd-gcgb 2
1222
1
bdae-bccc 2
4841
1
eiea-eieb 2
7835
1
hidg-hidf 2
7836
1
hidh-hidg 2
7399
2
hcjj-hdjj 2
heaa-hdjj 2
7299
1
hcch-hcjj 2
9003
1
jaae-jaad 2
4175
1
eahh-ebhf 2
959
2
jfi-jfj 2
jga-jfj 2
6112
1
gada-gbbc 2
1923
1
biej-bjcd 2
2476
1
cffe-cehg 2
2863
1
cigc-cigd 2
7703
1
hhjh-hhad 2
3800
3
dhjj-diaa 2
dihc-diaa 2
diab-diaa 2
3078
1
daag-dahi 2
6785
1
gifj-ghif 2
4135
1
ebdg-ebdf 2
7223
1
hcce-hccd 2
5298
1
fcjh-fcji 2
459
1
efi-efj 2
8347
1
icgj-ideh 2
6511
1
gfba-gfbb 2
2134
2
cafg-cbde 2
ccag-cbde 2
1873
1
bhjj-bihd 2
2056
2
cbde-cafg 2
caff-cafg 2
2193
1
ccgf-cbjd 2
2329
1
ccfh-cdcj 2
8149
2
icgf-ibej 2
ibei-ibej 2
1920
1
cacc-bjca 2
8266
2
icgf-icgg 2
icgh-icgg 2
1919
1
bjca-bjbj 2
7721
1
hhcc-hhcb 2
745
1
hee-hef 2
6010
1
gaie-gaba 2
3299
1
ddaa-dcjj 2
6680
2
ggib-ggia 2
gghj-ggia 2
9222
1
jcjg-jccc 2
7768
1
hgig-hhgi 2
7686
1
hgbc-hgig 2
7767
1
hhgi-hhgh 2
7920
1
hjcb-hjca 2
2560
1
ceig-cfga 2
2555
1
ceib-cfff 2
2634
1
cfga-cgde 2
2523
1
cecf-cfcd 2
7367
1
hdgi-hdgh 2
3598
1
dfce-dfji 2
3711
1
dhbc-dhbb 2
272
1
chb-chc 2
198
2
chc-bji 2
bjj-bji 2
5544
1
ffef-ffee 2
3790
1
digc-dhja 2
9630
1
jffi-jgda 2
273
1
dhj-chd 2
9460
1
jegb-jega 2
654
1
gfd-gfe 2
3712
2
dfji-dhbc 2
dhja-dhbc 2
9558
1
jega-jffi 2
9750
1
jhej-jhfa 2
9749
1
jicj-jhej 2
3374
2
ddhd-ddhe 2
dcjc-ddhe 2
9751
1
jhfa-jhfb 2
2851
1
cifc-cifb 2
2852
1
cifd-cifc 2
2749
1
cifb-chej 2
3372
1
ddhb-ddhc 2
8994
1
ijjf-ijje 2
8995
1
ijbj-ijjf 2
2143
1
ccbf-cbed 2
2215
1
ccbe-ccbf 2
4268
1
edec-ecgi 2
2144
1
cbed-cbee 2
2183
1
cbbb-cbid 2
1803
1
bihh-biad 2
1876
1
bjfa-bihg 2
5773
1
fggb-fhhd 2
4267
1
ecgi-ecgh 2
1877
1
bihg-bihh 2
4342
1
eebg-edec 2
1956
1
biic-bjfg 2
6060
1
gafj-gaga 2
1895
1
bjib-bijf 2
6591
1
gghh-gfjb 2
6059
1
gbgb-gafj 2
5437
1
fedg-fedh 2
2401
1
cdbd-ceab 2
5352
1
fdfd-fdfc 2
3195
2
dbbj-dbjf 2
dbje-dbjf 2
5510
1
fedi-ffba 2
5438
2
fdfc-fedi 2
fedh-fedi 2
132
1
fi-bdc 2
58
1
fh-fi 2
4820
1
eibj-eica 2
4921
1
eibh-ejcb 2
4922
1
ejcb-ejcc 2
2504
2
cdje-cfae 2
cfhi-cfae 2
4749
1
ehei-ehej 2
57
1
fg-fh 2
4817
1
ehef-eibh 2
3432
1
dedb-dedc 2
3431
1
deda-dedb 2
6174
1
gbhd-gbhe 2
3430
1
ddfg-deda 2
4014
2
eabd-eabe 2
eabf-eabe 2
9432
1
jedd-jedc 2
9433
1
jede-jedd 2
9542
1
jedc-jfec 2
6069
2
gbhf-gagj 2
gagi-gagj 2
9125
1
jabf-jbcf 2
9199
1
jbcf-jbjj 2
5564
1
fgdg-ffge 2
908
1
ide-jai 2
5491
1
ffgd-fejb 2
5563
1
ffge-ffgd 2
8722
1
igca-ihcc 2
6614
1
ggbf-ggbe 2
6612
1
ggbd-ggbc 2
2944
1
dabg-cjee 2
8385
2
idie-idif 2
iefj-idif 2
2160
1
ccdc-cbga 2
457
1
dgd-efh 2
7131
1
hcad-hbdb 2
9135
1
jbde-jbdf 2
2770
1
cgjg-chha 2
9134
1
jaci-jbde 2
9028
1
jach-jaci 2
2696
1
cgcc-cgjg 2
7874
1
hihd-hihe 2
4435
1
eede-eedf 2
7176
2
hcei-hbhg 2
hbae-hbhg 2
700
1
hab-haa 2
1300
1
bcbi-bdaa 2
1372
1
bdaa-bdhc 2
820
2
haa-ica 2
iji-ica 2
974
1
jhd-jhe 2
7756
2
hihe-hhfg 2
hhfh-hhfg 2
2869
1
cigi-cigj 2
8615
1
ihcb-igbf 2
8595
1
ihaj-ifjf 2
2760
1
chfj-chga 2
8178
1
ibhj-ibhi 2
8770
1
igji-ihha 2
8842
1
ihha-iiec 2
3027
1
cjff-dach 2
3922
1
djje-djcc 2
515
1
fih-fbf 2
2819
1
chcj-cibj 2
2818
1
cibj-cibi 2
5109
1
fadf-fbaj 2
4071
1
eaha-eahb 2
4072
1
eahb-eahc 2
2222
1
cccd-cccc 2
4561
1
efga-efgb 2
1262
2
bcgd-bcgc 2
bcgb-bcgc 2
3992
1
djjb-djjc 2
3428
1
dfac-deci 2
4946
2
ejeh-ejeg 2
ejef-ejeg 2
8211
1
icbc-icbb 2
8212
1
icbd-icbc 2
4096
1
djjc-eajg 2
4095
1
eaje-eajf 2
4097
1
eajg-eajh 2
2614
1
cgbd-cgbe 2
6491
1
ggah-gejb 2
6607
1
ggag-ggah 2
2397
1
cdji-cdjh 2
2308
1
ccdg-cdai 2
2309
1
cdai-cdaj 2
6419
2
gejb-gebj 2
geca-gebj 2
3006
1
daah-daag 2
6399
1
gehb-gdjj 2
3680
1
dgib-dgia 2
7727
1
hgfd-hhch 2
7653
1
hgfe-hgfd 2
1564
1
bghe-bfge 2
1479
1
bfgd-behj 2
1563
1
bfge-bfgd 2
4393
1
edjc-edjd 2
4486
1
eeif-eeig 2
1985
1
bijj-bjif 2
682
1
hja-gic 2
7629
1
hhad-hgcj 2
5353
1
fced-fdfd 2
5710
1
fhaj-fhba 2
5623
1
fgcc-fgcd 2
7630
1
hgcj-hgda 2
265
1
cge-cgf 2
7042
1
haed-haec 2
4705
1
ehag-ehaf 2
2755
1
chfe-chff 2
4776
1
ehae-ehhg 2
2861
1
chff-cigb 2
4605
1
eghh-egaf 2
5684
1
fgif-fgie 2
2015
1
bjbh-cabf 2
7486
1
heif-heig 2
1917
1
bied-bjbh 2
2450
1
cefb-cefa 2
4916
1
ejbf-ejbg 2
3597
1
dhbb-dfjh 2
9823
1
jheh-jicd 2
3173
1
dbab-dbhd 2
2909
1
cjba-cjaj 2
883
1
hjh-iid 2
881
2
iic-iib 2
hjf-iib 2
7500
1
heba-hfaa 2
882
1
iid-iic 2
956
1
jff-jfg 2
6479
1
gehi-gehj 2
524
1
fjg-fce 2
3064
1
dbdg-dage 2
2992
1
cjjd-cjjc 2
4621
1
egca-egcb 2
3192
1
dbjb-dbjc 2
3315
1
ddbg-ddbf 2
7368
1
hcia-hdgi 2
7281
1
hcaj-hcib 2
3194
2
dbjd-dbje 2
dbjf-dbje 2
3193
1
dbjc-dbjd 2
2300
1
ccjj-cdaa 2
9696
1
jgjh-jgjg 2
2299
1
ccch-ccjj 2
3516
1
dfbh-dfbg 2
5112
1
fbig-fbbc 2
5602
1
fghi-fgac 2
2227
1
cbff-ccch 2
5530
1
fgac-ffda 2
7641
1
hhbf-hgeb 2
7715
1
hhbg-hhbf 2
7180
1
hcfc-hbia 2
7567
1
hgeb-hfgh 2
2136
1
ccai-cbdg 2
972
1
iji-jhc 2
9495
1
jejg-jejf 2
8129
1
ibda-ibcj 2
8056
1
ibci-iafg 2
7582
1
hfai-hfic 2
1894
1
bica-bije 2
7345
1
hdee-hdef 2
1820
1
bheg-bica 2
1746
1
bghc-bheg 2
4622
1
egcb-egcc 2
3099
1
dach-dajj 2
3171
1
dajj-dbhb 2
9371
1
jdhc-jdhb 2
7050
1
hbcc-hafa 2
1727
1
bgfd-bhch 2
1654
1
bhci-bgfe 2
7051
1
hafa-hafb 2
2908
1
cjaj-cjai 2
2980
1
cjai-cjia 2
2315
1
cdbg-cdbf 2
2313
1
cceb-cdbd 2
2314
1
cdbf-cdbe 2
2242
1
cdbe-ccec 2
652
1
hea-gfc 2
2753
1
cghj-chfd 2
1558
1
bffj-bffi 2
1559
1
behf-bffj 2
6676
1
gfig-gghg 2
1098
1
bcae-baji 2
6924
1
haec-gjce 2
9434
1
jedf-jede 2
7043
1
haee-haed 2
4619
1
egjb-egbj 2
9435
1
jdej-jedf 2
9349
1
jchf-jdej 2
9016
1
jabh-jabg 2
3803
1
diae-diad 2
3730
1
dgbc-dhda 2
2255
1
cbid-ccff 2
9200
1
jbjj-jcaa 2
4214
1
ecbf-ecbe 2
4500
1
eeac-efaa 2
1443
1
beec-beed 2
3304
1
dbie-ddae 2
7227
1
hccg-hcch 2
7225
1
hccg-hccf 2
7154
1
haic-hbfe 2
9170
2
jbgj-jbha 2
jbhb-jbha 2
7226
2
hbfe-hccg 2
hcji-hccg 2
7298
1
hdji-hcji 2
3303
1
ddae-ddad 2
9536
1
jgai-jfdg 2
9422
1
jfdg-jecc 2
3302
1
ddad-ddac 2
5173
1
fceh-fbhd 2
2381
1
cdab-cdib 2
2496
1
cfha-cejg 2
3358
1
dedc-ddfi 2
1968
1
bjgh-bjgi 2
2210
1
cbdi-ccba 2
9129
1
jbda-jbcj 2
9128
1
jbcj-jbci 2
3265
1
dcge-dcgf 2
3717
2
dfjj-dhbh 2
dhbi-dhbh 2
2283
1
ccbb-ccid 2
6333
1
gddc-gddd 2
6404
1
gead-geae 2
7386
1
hdif-hdig 2
6332
1
geae-gddc 2
6268
1
gbig-gcgi 2
4875
1
ehjb-eihf 2
9514
1
jfbd-jfbe 2
2695
1
cgcb-cgjf 2
5945
1
gabj-fjef 2
5870
1
fjee-fiha 2
2046
2
cbci-caeg 2
bjdg-caeg 2
4560
1
effj-efga 2
1936
2
caeg-bjdg 2
bigc-bjdg 2
859
1
ifi-ifj 2
2047
1
caeg-caeh 2
3478
1
dehh-dehi 2
4441
3
eeec-eeeb 2
eeea-eeeb 2
effj-eeeb 2
2128
1
ccaa-cbci 2
4442
1
eeed-eeec 2
4079
1
ebhh-eahj 2
4508
1
efah-efai 2
2140
1
cagg-cbea 2
2141
1
cbea-cbeb 2
3876
2
diae-dihg 2
djei-dihg 2
2761
1
chga-chgb 2
2213
1
cbeb-ccbd 2
4077
2
eahg-eahh 2
djib-eahh 2
3582
2
dfid-dfic 2
dfai-dfic 2
3583
1
dgij-dfid 2
9194
1
jcgi-jbje 2
3689
1
dgja-dgij 2
2066
1
cagf-cagg 2
1947
1
bihd-bjeh 2
7950
1
hjfb-hjfa 2
7879
1
hiia-hihj 2
4695
1
egje-egjf 2
8635
1
ihdd-igdf 2
404
1
ead-eae 2
2446
1
cddi-ceeg 2
482
1
eae-eic 2
4812
1
ehea-eibc 2
4740
1
eggi-ehea 2
2338
1
cddj-cddi 2
2339
1
cdea-cddj 2
5179
1
fcfd-fbhj 2
4852
1
ehhg-eifc 2
4704
2
ehad-ehae 2
ehaf-ehae 2
391
1
dja-djb 2
2605
1
cgag-cgaf 2
5333
1
fcdb-fddd 2
2256
1
ccff-ccfg 2
5231
1
fbfh-fcdb 2
5157
1
faid-fbfh 2
703
1
hac-had 2
658
1
hfa-gfi 2
9472
1
jehd-jehc 2
8023
1
iace-iacd 2
702
1
icc-hac 2
750
1
hej-hfa 2
659
1
gfi-gfj 2
9219
1
jcca-jcbj 2
9292
1
jcjd-jcjc 2
704
1
had-hae 2
5272
1
fchb-fchc 2
9244
1
jbha-jcee 2
9169
1
jbgi-jbgj 2
6783
2
ghaj-ghid 2
gifh-ghid 2
7398
1
hdjj-hdji 2
2977
1
daej-cjhh 2
1990
1
bjjb-bjja 2
1988
1
bjij-bjii 2
123
1
bjh-bcd 2
2032
1
cadb-cadc 2
4700
1
egjj-ehaa 2
49
1
bcd-ej 2
48
1
ej-ei 2
9900
1
jijj-jjaa 2
8869
1
ijeb-iigj 2
9899
1
jiji-jijj 2
8871
1
iiha-iihb 2
5441
1
feec-feeb 2
8764
1
iidg-ihge 2
408
1
eah-eai 2
7987
1
hjbf-hjih 2
5639
1
fgea-fgdj 2
407
1
eag-eah 2
4960
1
fadi-ejga 2
7558
1
hffh-hffi 2
9191
1
jbjc-jbjb 2
2438
1
cedh-cedi 2
7557
1
hffg-hffh 2
2440
1
cedj-ceea 2
7556
1
hgda-hffg 2
2439
1
cedi-cedj 2
9192
1
jcgg-jbjc 2
9266
1
jdea-jcgg 2
6365
1
gcjd-gdgf 2
7607
1
hgai-hgah 2
6294
1
gccc-gcje 2
7680
1
hgib-hgia 2
2205
1
ccae-ccaf 2
2204
1
cbdc-ccae 2
9829
1
jici-jicj 2
2277
1
ccaf-cchh 2
1320
1
bdcb-bdca 2
1696
1
bgjf-bgjg 2
2503
1
cfae-cfad 2
3285
2
dcie-dcif 2
dbhd-dcif 2
2501
1
cfac-cfab 2
3440
2
ddgg-deea 2
dfbe-deea 2
3286
1
dcif-dcig 2
3174
1
dcig-dbhe 2
1699
1
bhaa-bgjj 2
2502
1
cfad-cfac 2
2392
1
cfac-cdjc 2
3780
1
difc-dhia 2
3694
1
dhia-dgje 2
786
1
hif-hig 2
5545
1
ffeg-ffef 2
1700
1
bgag-bhaa 2
1773
2
bgjj-bhhd 2
bhhc-bhhd 2
3852
1
difb-difc 2
877
1
hih-ihh 2
5474
1
feac-fehe 2
9489
1
jeii-jeij 2
9719
2
jgeh-jhbj 2
jhca-jhbj 2
9647
1
jfhf-jgeh 2
7404
1
head-heae 2
7872
1
hihb-hihc 2
3517
1
deed-dfbh 2
9132
1
jcag-jbdc 2
7755
1
hhfg-hhff 2
4155
1
eaeb-ebff 2
9205
1
jchj-jcaf 2
4412
1
efbi-eebc 2
775
1
hhe-hhf 2
773
1
ghd-hhd 2
5065
1
fbdj-fagf 2
4991
2
fagf-ejjb 2
eiif-ejjb 2
4518
1
efbh-efbi 2
774
1
hhd-hhe 2
4914
1
eibe-ejbe 2
5139
1
fcbd-fbdj 2
4813
1
eibc-eibd 2
4517
1
efbg-efbh 2
5683
1
fgie-fgid 2
6254
1
gdcg-gcfe 2
6161
1
gbga-gbgb 2
6327
1
gdjj-gdch 2
4554
2
effd-effe 2
egci-effe 2
4555
1
effe-efff 2
4556
1
efff-effg 2
3279
1
dbhb-dchj 2
6407
2
geai-geah 2
gehj-geah 2
4590
1
eggc-efja 2
3366
2
deea-ddgg 2
dcia-ddgg 2
6406
1
geah-geag 2
6478
1
gfig-gehi 2
7182
1
hbib-hbic 2
7184
1
hbif-hbie 2
4727
1
ehcg-ehch 2
2275
1
cchg-cchf 2
9083
1
jaic-jaid 2
7402
1
hejg-heac 2
2346
1
cefi-cdeg 2
5051
1
fbcf-fafb 2
4978
1
ejhh-ejhi 2
4977
1
fafb-ejhh 2
2347
1
cdeg-cdeh 2
9085
1
jaie-jaif 2
2348
2
cdeh-cdei 2
cdej-cdei 2
2459
1
cega-cefj 2
9084
1
jaid-jaie 2
1848
1
bieh-biei 2
9624
1
jgjg-jgce 2
5535
1
ffde-ffdf 2
6987
1
gjig-gjih 2
7080
1
hbfc-haia 2
6841
1
gjbf-gieb 2
7082
1
gjii-haic 2
4475
1
edif-eehf 2
9697
1
jhgj-jgjh 2
4581
1
eehf-efib 2
6716
1
ghbh-ghbg 2
6864
1
gigd-gige 2
393
1
djc-djd 2
1847
1
bhhd-bieh 2
394
2
djd-dje 2
djf-dje 2
392
1
djb-djc 2
4361
1
eedf-edgb 2
7985
1
hjie-hjif 2
8242
1
ibde-icec 2
1849
1
biei-biej 2
4286
1
ecih-ecig 2
7823
1
hjbd-hicd 2
4434
1
effg-eede 2
6411
1
geid-gebb 2
9969
1
jigh-jjgj 2
7280
1
hcib-hcia 2
9867
1
jigi-jigh 2
7209
1
hbdh-hcaj 2
7136
1
hbdf-hbdg 2
7764
1
hhgf-hhge 2
1932
1
bjdb-bjdc 2
7530
1
hfcj-hfda 2
7765
1
hihj-hhgf 2
3772
1
dhhd-dhhc 2
1859
1
bifi-bifj 2
7763
1
hhge-hhgd 2
7005
2
haag-haaf 2
haae-haaf 2
7163
1
hbgc-hbgd 2
3681
1
dgic-dgib 2
5926
1
fjcf-fjcg 2
4325
2
edcg-edcf 2
edce-edcf 2
2607
1
cfdd-cgah 2
8210
1
icbb-icba 2
8311
1
idif-idbb 2
8313
1
icbb-idbd 2
2606
1
cgah-cgag 2
4294
1
ecca-ecje 2
9410
1
jeaj-jeba 2
4446
2
edgi-eeeg 2
eeef-eeeg 2
4368
1
ecje-edgi 2
4324
1
ecfa-edce 2
266
1
cgf-cgg 2
4251
1
edcf-ecfb 2
5905
1
fjag-fjaf 2
4673
1
eghc-eghd 2
7078
1
hbfa-hahi 2
6985
1
hahj-gjif 2
8082
1
ibfe-iaic 2
5906
1
fjia-fjag 2
4808
1
eiaj-eiai 2
6186
1
gbif-gbig 2
4736
1
eiai-ehdg 2
4809
1
ejaf-eiaj 2
6185
1
gahf-gbif 2
4586
1
efif-efig 2
2701
1
chhf-chab 2
8219
1
icca-icbj 2
8010
1
iaic-iaba 2
9078
1
jbge-jahi 2
5546
1
fehe-ffeg 2
9164
2
jcdi-jbge 2
jbgd-jbge 2
9163
1
jahh-jbgd 2
9165
1
jbge-jbgf 2
896
1
jha-ijg 2
3450
1
deej-defa 2
3524
1
defa-dfce 2
7446
1
hdcg-heeg 2
5569
1
fejh-ffgj 2
5271
1
fcha-fchb 2
5640
1
ffgi-fgea 2
3895
1
dije-dijf 2
5388
1
fdih-fdii 2
3127
1
dbci-dbch 2
3515
1
dfbg-dfbf 2
9239
1
jbgf-jcdj 2
3966
1
djgf-djgg 2
3442
1
deeb-deec 2
3264
1
ddfi-dcge 2
9296
1
jdha-jcjg 2
4751
1
eicd-ehfb 2
3088
1
daij-daii 2
6105
1
gbag-gbaf 2
6106
1
gcca-gbag 2
4750
1
ehfb-ehfa 2
6420
1
gejc-geca 2
3061
1
daga-dagb 2
6276
1
gchf-gchg 2
9026
1
jbdc-jacg 2
9024
1
jacf-jace 2
6347
1
gebj-gdeh 2
6753
2
gghj-ghfd 2
gich-ghfd 2
8478
1
iehh-iehi 2
8330
1
icea-idda 2
2552
1
cehe-cffc 2
970
1
jgj-jha 2
2276
1
cdei-cchg 2
6679
2
ghfd-gghj 2
ggia-gghj 2
969
1
baed-jgj 2
2474
1
cehf-cehe 2
4245
1
edbj-ecef 2
2349
2
cchh-cdej 2
cegb-cdej 2
6750
1
gghg-ghfa 2
7749
1
hhfa-hhej 2
7676
1
hghh-hghg 2
7674
1
hhei-hghe 2
1460
1
befj-bega 2
6084
1
gaid-gaie 2
5370
1
fdhb-fdha 2
5995
1
gagj-fjjf 2
5922
1
fjjg-fjcc 2
5678
1
fghh-fghi 2
744
1
hed-hee 2
7507
1
hecb-hfah 2
8392
1
idjb-idjc 2
7508
1
hfah-hfai 2
8393
1
idjc-idjd 2
8977
1
jajd-ijhh 2
9093
1
jaje-jajd 2
2257
1
ccfg-ccfh 2
1980
1
bjhj-bjia 2
1981
2
bjia-bjib 2
cajb-bjib 2
2585
1
cfie-cfif 2
405
1
eae-eaf 2
7877
1
hjej-hihh 2
2510
1
ceae-cfba 2
7762
2
hhgd-hhgc 2
hihg-hhgc 2
8963
1
iijb-ijgd 2
952
1
jfb-jfc 2
2306
1
cdah-cdag 2
8891
1
iija-iijb 2
3204
1
dbce-dcae 2
8553
1
iffc-iffd 2
9831
1
jhfb-jidb 2
2693
1
cgje-cgjd 2
2620
1
cgje-cgca 2
2539
1
cfea-cfdj 2
2538
1
cfdj-cfdi 2
3108
1
dadg-dbai 2
2613
1
cgih-cgbd 2
2540
1
cfeb-cfea 2
7667
1
hggi-hggh 2
291
1
cja-cjb 2
290
1
eai-cja 2
111
1
bif-bbb 2
2086
1
bjhg-caig 2
184
1
cfi-bie 2
443
1
fbf-eed 2
558
1
eig-ffi 2
8058
1
iafj-iafi 2
8059
1
hjih-iafj 2
4850
1
eifb-eifa 2
1913
1
cabb-bjbd 2
7935
1
iaah-hjdf 2
2549
1
cgcd-cfej 2
2355
1
ccid-cdff 2
6371
1
gdhc-gdhb 2
6372
1
geee-gdhc 2
6444
1
gfci-geee 2
8007
1
iahj-iaah 2
8079
1
iahi-iahj 2
5739
1
fgdj-fhdj 2
4023
1
djeh-eacd 2
4261
1
ebih-ecgb 2
3946
1
eacc-djeg 2
4022
2
eacd-eacc 2
eacb-eacc 2
4021
2
eacc-eacb 2
eaca-eacb 2
7873
1
hihc-hihd 2
4335
2
ecgb-eddf 2
eeaj-eddf 2
4187
1
eajh-ebih 2
7057
1
hafg-hafh 2
7128
1
hbcj-hbci 2
2522
1
cfcd-cfcc 2
1939
1
bigf-bjdj 2
2579
1
cgfd-cfhj 2
1866
1
bigh-bigg 2
2425
1
cecg-cecf 2
2054
1
bjea-cafe 2
2049
1
caei-caej 2
2203
2
ccae-ccad 2
cchf-ccad 2
7401
1
hejf-heab 2
525
1
fce-fcf 2
1459
1
befi-befj 2
3260
1
dcfj-dcga 2
596
1
ggi-fjg 2
3049
1
daei-daej 2
5358
1
feea-fdfi 2
5247
1
fcei-fceh 2
5296
1
fcjf-fcjg 2
5295
1
fcje-fcjf 2
5248
1
fdfi-fcei 2
5297
1
fcjg-fcjh 2
2221
2
cbej-cccb 2
cccc-cccb 2
957
1
jfg-jfh 2
1030
1
bacj-bada 2
2149
1
cbei-cbej 2
1613
1
bgbe-bgbd 2
1105
1
badb-bbaf 2
1611
1
bgbc-bgbb 2
1612
1
bgbd-bgbc 2
2148
1
cahg-cbei 2
9793
2
jhjc-jhjd 2
jhje-jhjd 2
4296
1
edha-ecjg 2
4221
1
ecjf-eccb 2
201
1
bch-cab 2
4860
1
ejhi-eiga 2
1927
1
cadd-bjch 2
1779
2
bhia-bhhj 2
bhhi-bhhj 2
9792
1
jjaa-jhjc 2
2169
1
cbgi-cbgj 2
627
1
gjj-gch 2
2168
1
cbgh-cbgi 2
2241
2
cbgj-cceb 2
ccea-cceb 2
4447
1
eeeg-eeeh 2
9794
1
jhjf-jhje 2
9721
1
jhjd-jhcb 2
5273
2
fchc-fchd 2
fdjb-fchd 2
4448
1
eeeh-eeei 2
9795
1
jhcd-jhjf 2
4539
1
efea-efdj 2
7761
1
hhgc-hhgb 2
6937
1
hafb-gjdh 2
6939
2
gjdi-gjdj 2
gifh-gjdj 2
6191
1
gbja-gbjb 2
6938
1
gjdh-gjdi 2
7052
1
hafd-hafc 2
2964
1
cjgd-cjge 2
2965
1
cjgg-cjgf 2
8613
1
igbe-igbd 2
9324
1
jdji-jdce 2
9249
1
jdcd-jcej 2
9176
1
jbhf-jbhg 2
8612
1
igbd-igbc 2
3052
1
cjia-dafc 2
3124
1
dafc-dbce 2
7470
1
hehb-heha 2
7359
1
hegj-hdfj 2
4716
1
ehbf-ehbg 2
8181
1
ibic-ibib 2
3923
1
djcc-djcd 2
785
1
gib-hif 2
192
1
cgg-bjc 2
8182
1
icjg-ibic 2
118
1
bjc-bbi 2
8296
1
idha-icjg 2
787
1
hig-hih 2
1858
1
bjdc-bifi 2
1792
1
bhjd-bhjc 2
2646
1
cfhc-cgeg 2
2452
1
cfdi-cefc 2
128
1
bcj-bci 2
1719
1
bgdh-bhbj 2
1860
1
bifj-biga 2
2572
1
ceji-cfhc 2
691
2
gjc-gjb 2
gbj-gjb 2
5243
1
fbgj-fced 2
1046
1
jhc-baeg 2
7110
1
hbic-hbba 2
2173
1
cbhe-cbhd 2
3953
1
djfc-djfd 2
4070
1
ebhc-eaha 2
387
1
dig-dih 2
9539
1
jfea-jfdj 2
203
1
chh-cad 2
2970
1
cjhb-cjha 2
2897
1
ciji-cijh 2
3913
1
djbc-djbd 2
9429
1
jfdj-jecj 2
6848
1
giej-giei 2
9540
1
jfeb-jfea 2
56
1
bda-fg 2
130
1
bcj-bda 2
2890
1
ciij-cija 2
2889
1
cjgh-ciij 2
7608
1
hgic-hgai 2
7087
1
haig-haih 2
4136
1
ebdh-ebdg 2
668
1
ggh-ggi 2
7682
1
hhga-hgic 2
3944
1
djed-djee 2
9213
1
jcbc-jcbd 2
4015
1
ebdf-eabf 2
9212
1
jcbb-jcbc 2
4712
1
ehie-ehbc 2
2912
1
chji-cjbc 2
2798
1
chjj-chji 2
589
1
fja-fij 2
9139
1
jcbd-jbdj 2
4246
2
eceh-eceg 2
ecef-eceg 2
2799
1
ciaa-chjj 2
9099
1
jbhh-jajj 2
4247
1
edcb-eceh 2
4172
1
eceg-ebhc 2
4298
1
ecjh-ecji 2
2368
1
cdgj-cdgi 2
5294
1
fcai-fcje 2
5208
1
fbde-fcai 2
8945
1
ijee-ijef 2
5134
1
faga-fbde 2
4950
1
fadc-ejfa 2
2369
1
ccjd-cdgj 2
2293
1
cccb-ccjd 2
6793
1
gigh-ghjd 2
5169
1
fajf-fbgj 2
5095
1
facb-fajf 2
3024
1
cjfc-dace 2
2952
1
cigg-cjfc 2
3918
1
djbh-djbi 2
3847
1
diei-dieh 2
3846
1
dieh-dieg 2
3774
2
dieg-dhhe 2
dgie-dhhe 2
5534
1
ffdd-ffde 2
5226
1
fccf-fccg 2
5153
1
fbfc-fbfd 2
5228
1
fbfe-fcci 2
1309
1
bcdb-bdaj 2
5533
1
fgaf-ffdd 2
6201
1
gcaa-gcab 2
7242
1
hced-hcec 2
6083
1
gcab-gaid 2
3532
1
defi-dfdc 2
5027
1
ejef-fach 2
6200
1
gchi-gcaa 2
3606
1
dhci-dgag 2
3533
2
dfdc-dfdd 2
dgah-dfdd 2
3458
2
defj-defi 2
ddie-defi 2
4945
2
ejee-ejef 2
ejeg-ejef 2
3824
1
dicd-dice 2
3825
1
dice-dicf 2
2234
1
cdag-ccde 2
2232
1
cdae-ccdc 2
3897
1
dicf-dijh 2
4699
1
ehhb-egjj 2
7668
1
hggj-hggi 2
199
2
chd-bjj 2
bji-bjj 2
7743
1
higb-hhed 2
866
1
hgi-igg 2
6784
1
ghid-ghie 2
4327
1
edcg-edch 2
7622
1
hfei-hgcc 2
6710
2
ghie-ghba 2
ghbb-ghba 2
4326
2
edcf-edcg 2
eeaa-edcg 2
4401
2
edch-eeab 2
eeac-eeab 2
6709
1
ghba-ghaj 2
7548
1
hehe-hfei 2
6326
1
gdch-gdcg 2
7568
1
hfgh-hfgi 2
7494
1
heaa-heje 2
7400
2
heab-heaa 2
hdjj-heaa 2
1120
1
baeg-bbca 2
4329
3
ecff-edcj 2
edda-edcj 2
eead-edcj 2
8064
1
hjjc-iage 2
4403
2
edcj-eead 2
efaf-eead 2
4255
1
ebib-ecff 2
4330
2
edcj-edda 2
ecfg-edda 2
3176
2
dcii-dbhg 2
dbhf-dbhg 2
3289
1
ddhb-dcij 2
624
1
gcf-gce 2
3288
1
dcij-dcii 2
623
1
gce-gcd 2
6273
1
gbjb-gchd 2
7495
2
heje-hejf 2
hfgj-hejf 2
6345
1
gchd-gdef 2
3477
1
dead-dehh 2
3910
1
djic-djba 2
3915
1
djbe-djbf 2
7592
2
hfbi-hfjc 2
hggg-hfjc 2
7024
1
hacd-hace 2
7025
1
hace-hacf 2
3987
1
djbf-djih 2
7591
1
hfjc-hfjb 2
7517
1
hfjb-hfbh 2
6344
1
gdef-gdee 2
7665
1
hfjb-hggf 2
4087
1
djih-eaih 2
3552
1
dehi-dffc 2
4520
1
eebe-efca 2
6019
1
gaca-gabj 2
5944
1
fjef-fjee 2
4606
2
eghi-egag 2
efca-egag 2
4678
1
ehfa-eghi 2
4607
1
egag-egah 2
3908
1
didg-djai 2
748
1
heh-hei 2
3981
1
djia-djib 2
746
1
hef-heg 2
747
1
heg-heh 2
2091
1
caja-cajb 2
740
1
hdj-hea 2
8097
1
ibhh-iajh 2
849
1
jcd-iej 2
8024
1
iacf-iace 2
2162
1
ccde-cbgc 2
4579
1
efia-efhj 2
5375
1
fdhg-fdhf 2
5376
1
fdhh-fdhg 2
1989
1
bjja-bjij 2
3851
1
djcd-difb 2
3693
1
dgje-dgjd 2
5257
1
fdhf-fcfh 2
8717
1
ihbi-ihbh 2
8718
1
igbc-ihbi 2
8789
1
ihbh-ihij 2
679
1
hid-ghj 2
783
1
hic-hid 2
782
1
hib-hic 2
9158
1
jagi-jbfi 2
7219
1
hcbi-hcbj 2
7218
1
hcja-hcbi 2
7290
1
hdig-hcja 2
9069
1
jaha-jagj 2
1868
1
bjec-bigi 2
3190
1
ddbc-dbja 2
7518
1
heea-hfbi 2
1456
1
bdie-befg 2
1793
1
bhbj-bhjd 2
3312
1
ddig-ddbc 2
3386
1
ddih-ddig 2
7723
1
hgej-hhcd 2
8805
1
iiae-iiaf 2
8876
1
iihf-iihg 2
7729
1
hhda-hhcj 2
7654
1
hgff-hgfe 2
5764
1
fhgf-fhge 2
9493
2
jfhj-jejd 2
jeje-jejd 2
5765
1
fhgg-fhgf 2
9384
1
jdid-jdie 2
6288
1
gdga-gcii 2
7655
1
hhcj-hgff 2
5766
1
fhgh-fhgg 2
9383
1
jejd-jdid 2
2924
1
cjcd-cjce 2
2817
1
cibi-cibh 2
2922
2
cjje-cjcc 2
cibg-cjcc 2
2923
1
cjcc-cjcd 2
6524
1
gfcd-gfce 2
518
1
fbj-fbi 2
6639
1
gfcf-ggdj 2
7014
1
hajg-habe 2
1617
1
bgbi-bgbh 2
7096
1
hajh-hajg 2
1616
1
bgbh-bgbg 2
3175
1
dbhe-dbhf 2
1707
1
bgbh-bhah 2
6525
1
gfce-gfcf 2
7576
1
hfhf-hfhg 2
7194
2
hbcc-hbje 2
hcgg-hbje 2
7123
1
hbce-hbcd 2
5035
1
fade-fadf 2
9618
1
jgja-jgbi 2
5110
1
fbaj-fbba 2
7405
1
heae-heaf 2
3224
1
ddde-dcce 2
7301
1
heaf-hdab 2
653
1
gfc-gfd 2
4020
2
eabj-eaca 2
eacb-eaca 2
1229
1
bcci-bccj 2
4141
1
ecbf-ebeb 2
7575
1
hfhe-hfhf 2
7649
1
hgfa-hgej 2
7574
1
hfaa-hfhe 2
1228
1
bcch-bcci 2
1230
1
bccj-bcda 2
4974
1
eifg-ejhe 2
5881
1
fiah-fiib 2
5808
1
fgje-fiai 2
6823
1
gice-gicd 2
2114
1
cbbf-cbbe 2
6897
2
haad-gijh 2
gicd-gijh 2
2115
1
cacb-cbbf 2
4855
2
eifg-eiff 2
eife-eiff 2
4856
2
eiff-eifg 2
eifh-eifg 2
6896
1
gijh-gijg 2
7003
2
gijh-haad 2
haae-haad 2
5956
1
fjff-fjfg 2
6118
1
gcci-gbbi 2
5804
1
fihi-fiae 2
6227
1
gcjj-gcch 2
6774
1
giei-ghhe 2
1227
1
bccg-bcch 2
2668
1
cfje-cggi 2
3595
1
dfjg-dfjf 2
4570
1
eega-efha 2
1615
1
bgbg-bgbf 2
1614
1
bgbf-bgbe 2
4642
1
efha-egec 2
2595
1
cfjg-cfjf 2
2594
1
cfjf-cfje 2
2279
1
ccia-cchj 2
2351
2
cchj-cdfb 2
cdfc-cdfb 2
362
1
dgb-dgc 2
6994
1
gjjd-gjje 2
2280
1
ccib-ccia 2
9313
1
jcdj-jdbd 2
456
1
eff-efg 2
363
1
dgc-dgd 2
9386
1
jdih-jdig 2
2207
1
ccag-ccah 2
361
1
dga-dgb 2
9238
1
jdbc-jcdi 2
4643
1
egec-eged 2
6531
1
ggeb-gfdb 2
9579
2
jfhi-jfhj 2
jejd-jfhj 2
9578
1
jgfa-jfhi 2
9651
1
jfhj-jgfb 2
3647
1
dgei-dgeh 2
3646
1
dgeh-dgeg 2
4009
1
eaai-eaaj 2
2551
1
cffc-cffb 2
2699
1
cgcf-cgjj 2
3951
2
each-djfb 2
dihj-djfb 2
2625
1
cffb-cgcf 2
1096
1
bajf-bajg 2
1095
1
bbjh-bajf 2
1022
1
bajg-bacc 2
4027
2
djfb-each 2
eaci-each 2
4145
1
each-ebef 2
371
1
dha-dhb 2
8936
1
jace-ijdg 2
268
1
bje-cgi 2
8865
1
iige-iigf 2
370
1
cgi-dha 2
2088
1
cbga-caii 2
9637
1
jfgf-jgdh 2
4826
2
eich-eicg 2
eicf-eicg 2
4825
2
eicg-eicf 2
eice-eicf 2
6021
1
gacc-gacb 2
4827
2
eicg-eich 2
ejdf-eich 2
2742
1
cggi-chec 2
9565
1
jehb-jfgf 2
1979
1
caij-bjhj 2
2089
1
caii-caij 2
9471
1
jehc-jehb 2
2090
1
cbgc-caja 2
411
1
eba-ebb 2
4764
1
eidg-ehge 2
4837
1
eidi-eidh 2
410
1
cjc-eba 2
1787
1
bhii-bhih 2
292
1
cjb-cjc 2
1712
2
bhbd-bhbc 2
bgcg-bhbc 2
3866
1
digf-digg 2
3793
1
dhbf-dhjd 2
1714
2
bhbd-bhbe 2
bgci-bhbe 2
3865
1
dhjd-digf 2
5768
2
fhgj-fhgi 2
fife-fhgi 2
5770
2
fhgj-fhha 2
fhhb-fhha 2
5769
2
fhgi-fhgj 2
fhha-fhgj 2
6713
1
ggdj-ghbd 2
6711
2
ghba-ghbb 2
ghif-ghbb 2
9101
1
jbaa-jbab 2
1771
1
bief-bhhb 2
1697
1
bhhb-bgjh 2
3034
1
dbag-dade 2
2884
1
chha-ciie 2
2963
1
cjgc-cjgd 2
2721
1
cgeh-chcb 2
5960
1
gade-fjga 2
8552
1
iehi-iffc 2
6034
1
gbbg-gade 2
5959
1
fjga-fjfj 2
8390
1
idij-idja 2
2803
1
chcb-ciad 2
1603
1
bgjh-bgad 2
2962
2
dade-cjgc 2
ciie-cjgc 2
8389
1
iegd-idij 2
4385
1
edbb-edif 2
7188
1
hbij-hbii 2
8391
1
idja-idjb 2
7189
1
hbja-hbij 2
7187
1
hbii-hbih 2
547
1
fei-feh 2
1799
1
biaa-bhjj 2
4312
1
ecdi-edbc 2
7260
1
hcfj-hcga 2
7084
1
gjje-haie 2
4840
2
ehgi-eiea 2
ejga-eiea 2
4430
1
efei-eeda 2
1476
1
behf-behg 2
1475
1
bead-behf 2
3812
1
diie-dibc 2
1404
1
beaf-beae 2
3884
1
diid-diie 2
1477
1
behg-behh 2
4595
1
efab-efjf 2
3707
1
dhai-dhah 2
9602
1
jfda-jgac 2
4596
2
efjh-efjg 2
efjf-efjg 2
4597
1
efad-efjh 2
7169
1
hceb-hbgj 2
4668
1
efjg-eggi 2
6825
1
gijj-gicf 2
7097
1
hbgj-hajh 2
7841
1
hiec-hieb 2
6584
1
gghe-gfie 2
6586
2
gfif-gfig 2
gfih-gfig 2
406
1
eaf-eag 2
6585
1
gfie-gfif 2
7657
1
hfid-hgfh 2
7732
1
hgfi-hhdc 2
6827
2
ghfd-gich 2
gici-gich 2
7730
1
hiea-hhda 2
6747
1
gicb-gheh 2
2181
1
cbia-cbib 2
8970
1
ijgj-ijha 2
8969
1
ijgi-ijgj 2
6674
1
gghd-gghe 2
2109
1
cbib-cbaj 2
6822
1
gijg-gicc 2
8968
1
jaia-ijgi 2
8130
1
iafi-ibda 2
5459
1
fefi-fefj 2
5458
1
ffda-fefi 2
2011
1
cbaj-cabb 2
5303
1
feaj-fdad 2
5387
1
fefj-fdih 2
5213
1
fdad-fcbd 2
4992
1
ejjb-ejjc 2
2814
1
cjca-cibe 2
7348
1
hdeh-hdei 2
2727
1
chci-chch 2
2728
1
cibe-chci 2
8700
1
ihhc-ihaa 2
1428
1
becj-beci 2
1501
1
bfac-bfab 2
3123
1
dbjj-dbcd 2
2345
1
cdeg-cdef 2
2344
1
cdef-cdee 2
6414
1
gebd-gebe 2
5924
1
fjcd-fjce 2
1442
1
beeb-beec 2
1513
2
bfbc-bfbd 2
bgcb-bfbd 2
8419
1
iejd-iebj 2
8493
1
ieje-iejd 2
1441
1
bfbd-beeb 2
8345
1
iebj-idef 2
4199
1
echd-ebjj 2
8420
1
iecb-ieca 2
2657
1
chdb-cgfh 2
7529
1
heff-hfcj 2
7604
1
hfda-hgae 2
7677
1
hghi-hghh 2
2656
1
cgfh-cgfg 2
2731
1
chdc-chdb 2
4028
1
eacj-eaci 2
8207
1
icai-icah 2
3723
1
dhjh-dhcd 2
8310
1
idbb-idba 2
4889
1
eiii-eiij 2
8685
1
ifgh-igif 2
4029
1
ebeh-eacj 2
3090
1
dbgc-daja 2
4147
1
eccb-ebeh 2
3798
1
dhjj-dhji 2
6096
1
gcbe-gajg 2
814
1
ibd-ibe 2
2217
2
ccij-ccbh 2
cbef-ccbh 2
799
2
iif-hjj 2
iaa-hjj 2
798
1
hjj-hji 2
699
1
ibf-gjj 2
626
1
gch-gcg 2
4723
1
egfb-ehcd 2
2541
1
cfec-cfeb 2
4585
1
efie-efif 2
621
1
fej-gcb 2
619
1
feh-gbj 2
4484
1
efig-eeie 2
797
1
hji-hjh 2
2456
2
cdee-cefg 2
cfec-cefg 2
6485
2
geie-geif 2
geig-geif 2
6484
1
gfjg-geie 2
548
1
ehg-fei 2
6596
2
gfjh-gfjg 2
ggic-gfjg 2
7735
1
hggb-hhdf 2
7046
1
hbbi-haeg 2
7118
2
hbbj-hbbi 2
hbja-hbbi 2
2166
1
caje-cbgg 2
2238
1
cdba-ccdi 2
2094
2
bjii-caje 2
cajd-caje 2
2165
1
cajd-cbgf 2
6900
1
gjab-gjaa 2
7045
1
haeg-haef 2
7047
1
gjcj-haeh 2
2167
1
cbgg-cbgh 2
4377
1
edhg-edhh 2
5980
1
fjib-fjia 2
4378
1
edhh-edhi 2
4376
1
edac-edhg 2
4791
1
ehja-ehjb 2
3844
1
dhhc-diee 2
7122
2
hbcd-hbcc 2
hbje-hbcc 2
1621
2
bfbd-bgcb 2
bgcc-bgcb 2
6020
1
gacb-gaca 2
6787
1
ghbd-ghih 2
8495
1
ifgj-iejf 2
8569
1
ifha-ifgj 2
6022
1
gajg-gacc 2
7320
1
hcei-hdca 2
7435
1
hedg-hedf 2
4915
1
ejbe-ejbf 2
4814
1
eibd-eibe 2
1607
1
bgai-bgah 2
7436
1
hdca-hedg 2
1013
1
babe-babd 2
7275
1
hdfj-hchf 2
9776
1
jhae-jhhg 2
9588
1
jfih-jfii 2
7203
1
hcac-hcad 2
7274
1
hchf-hche 2
9871
1
jhhf-jihb 2
3662
1
dhga-dggc 2
9586
1
jfai-jfig 2
7261
1
hcga-hcgb 2
9775
1
jhhg-jhhf 2
7716
1
hhbh-hhbg 2
6781
1
giff-ghib 2
6855
1
gjdd-giff 2
7717
1
hhbi-hhbh 2
7718
1
hhbj-hhbi 2
6780
1
ghag-ghia 2
3104
1
dbhg-dbae 2
6707
1
ghib-ghah 2
2960
2
dadc-cjga 2
cjgb-cjga 2
3032
1
dbae-dadc 2
3065
1
dage-dagf 2
760
1
hfj-hga 2
3136
1
dcce-dbdg 2
6492
1
gejd-gejc 2
5925
1
fjce-fjcf 2
5923
1
fiej-fjcd 2
6493
1
geje-gejd 2
6494
1
ggba-geje 2
3167
1
dchf-dbgh 2
4445
2
eeee-eeef 2
eeeg-eeef 2
3530
1
dfcj-dfda 2
4444
2
eeed-eeee 2
eeef-eeee 2
4443
2
eeee-eeed 2
efgb-eeed 2
3059
1
cjih-dafj 2
7094
1
hbgg-haje 2
7165
2
hajd-hbgf 2
hbge-hbgf 2
5106
1
fbaf-fbag 2
3130
1
dcbe-dbda 2
7238
1
hbgg-hcdi 2
1090
1
bbii-baja 2
1188
1
bcic-bbii 2
7847
1
hiei-hieh 2
5032
1
fbag-fadc 2
1016
1
baja-babg 2
7166
1
hbgf-hbgg 2
1653
2
bfdd-bgfd 2
bgfe-bgfd 2
1532
1
bfdd-bfdc 2
4181
1
eaih-ebib 2
1461
1
bega-begb 2
1533
2
bgfd-bfdd 2
begb-bfdd 2
9387
1
jdbd-jdih 2
8114
1
icag-ibbe 2
8206
1
icah-icag 2
6760
1
ghfj-ghga 2
6834
1
ghga-gide 2
6759
1
ghfi-ghfj 2
8113
1
ibbe-ibbd 2
3131
1
dbda-dbdb 2
3060
1
dafj-daga 2
3576
1
dghi-dfhg 2
3679
1
dgia-dghj 2
4944
1
ejed-ejee 2
8946
1
ijef-ijeg 2
4943
1
ejec-ejed 2
5508
1
ffah-ffai 2
6190
1
gbij-gbja 2
6269
1
gcgi-gcgj 2
2352
1
cdfd-cdfc 2
6413
1
geif-gebd 2
8267
2
idef-icgh 2
icgg-icgh 2
2467
1
cdfb-cegh 2
9562
1
jfgd-jfgc 2
9563
1
jgdf-jfgd 2
9468
1
jfgc-jegi 2
6821
1
gicc-gicb 2
790
2
hjb-hja 2
iia-hja 2
9031
1
jada-jadb 2
8940
1
ijdj-ijea 2
683
1
gic-gid 2
3911
1
djba-djbb 2
3912
1
djbb-djbc 2
2679
1
cgaf-cghj 2
9461
1
jegc-jegb 2
2754
1
chfd-chfe 2
8860
1
ihii-iiga 2
3947
2
djeg-djeh 2
djei-djeh 2
2475
1
cehg-cehf 2
2033
1
cadc-cadd 2
1928
1
bjch-bjci 2
3948
2
djeh-djei 2
dihg-djei 2
8964
1
ijgd-ijge 2
3732
1
dhdb-dhdc 2
3734
1
dgbg-dhde 2
2660
1
cfig-cgga 2
2586
1
cfif-cfig 2
2036
3
bjda-cadg 2
cadh-cadg 2
cadf-cadg 2
2734
1
cgga-chde 2
7669
1
hhed-hggj 2
1930
1
bifg-bjda 2
1155
1
bagj-bbff 2
1068
1
bbfe-bagi 2
1929
2
bjda-bjcj 2
bjci-bjcj 2
1856
1
biff-bifg 2
1153
2
bbfe-bbfd 2
bcgd-bbfd 2
4400
1
eeab-eeaa 2
1154
2
bbfd-bbfe 2
bbff-bbfe 2
1263
2
bbfd-bcgd 2
bcgc-bcgd 2
8571
1
igij-ifhb 2
1407
1
behj-beah 2
6528
1
gfcj-gfci 2
9550
1
jffb-jffa 2
815
1
ibe-ibf 2
2698
1
cgjj-cgji 2
9623
1
jgce-jgcd 2
1608
1
bfae-bgai 2
1505
1
bedd-bfaf 2
8804
1
iihg-iiae 2
4207
1
ecag-ecah 2
7666
1
hggh-hggg 2
9119
1
jbjd-jbbj 2
9005
1
jbbj-jaaf 2
1102
1
baci-bbac 2
4212
1
ecig-ecbc 2
690
1
gjb-gja 2
3728
2
dhch-dhci 2
dhcj-dhci 2
1208
1
bbac-bcai 2
3729
1
dgah-dhcj 2
4137
1
ebdi-ebdh 2
3727
2
dhci-dhch 2
diab-dhch 2
1294
2
bcai-bcje 2
bcjf-bcje 2
4142
1
eaca-ebec 2
9037
1
jbdj-jadh 2
9343
1
jdee-jded 2
9038
1
jadh-jadi 2
9269
1
jded-jcgj 2
5853
1
fjch-fifd 2
7837
1
hhch-hidh 2
2366
1
cdgh-cdgg 2
6175
1
gbhg-gbhf 2
6262
1
gcgd-gcgc 2
9231
1
jbfh-jcdb 2
9177
1
jbhg-jbhh 2
1896
1
bijf-bijg 2
9157
1
jbfi-jbfh 2
9100
1
jajj-jbaa 2
9068
1
jagj-jagi 2
7870
1
hhfc-hiha 2
1823
1
bijh-bicd 2
9870
1
jihb-jiha 2
5650
1
fhfi-fgfa 2
9869
1
jiha-jigj 2
1897
1
bijg-bijh 2
4366
1
eeea-edgg 2
4853
1
eifc-eifd 2
5758
1
fiei-fhfi 2
4778
1
ehhj-ehhi 2
4133
1
ebdc-ebdd 2
4132
1
ecba-ebdc 2
4365
1
edgg-edgf 2
4439
1
eedi-eedj 2
4364
1
edgf-edge 2
4013
1
ebdd-eabd 2
4854
1
eifd-eife 2
3040
1
daeb-daea 2
3184
2
dbbc-dbie 2
dbif-dbie 2
3113
1
dbbe-dbbd 2
9426
1
jech-jecg 2
3497
1
decd-dejh 2
3112
1
daea-dbbc 2
8596
1
ifjf-ifjg 2
4611
1
egba-egbb 2
2353
2
cegj-cdfd 2
cdfe-cdfd 2
2281
1
cdfd-ccib 2
6179
1
gbia-gbhj 2
6180
1
gbib-gbia 2
3119
2
daeh-dbbj 2
dbjf-dbbj 2
3048
1
daeh-daei 2
121
1
eh-bcb 2
1504
1
bfaf-bfae 2
8179
1
ibia-ibhj 2
2759
1
cigj-chfj 2
8180
1
ibib-ibia 2
688
1
gij-gii 2
2687
1
chgb-cgih 2
8682
1
igid-igic 2
8002
1
hjda-iaac 2
5685
1
fgig-fgif 2
1674
1
bghf-bghe 2
6751
1
gicf-ghfb 2
3383
1
ddie-ddid 2
5081
1
faic-faib 2
1678
1
bhfc-bghi 2
1676
1
bghh-bghg 2
6988
1
gjih-gjii 2
6989
1
gjii-gjij 2
897
1
ijg-ijh 2
2404
1
cead-ceae 2
2403
1
ceac-cead 2
4610
1
egic-egba 2
1158
1
bbfh-bbfi 2
2853
1
cife-cifd 2
2677
1
cghg-cghh 2
200
1
bjj-caa 2
6923
1
gjce-gjcd 2
477
1
ehg-ehh 2
6788
1
ghih-ghii 2
1992
1
bjjd-bjjc 2
9355
1
jcib-jdff 2
7395
1
hdje-hdjf 2
2448
1
ceej-ceei 2
2340
1
ceei-cdea 2
1356
1
beci-bdfg 2
755
1
hfe-hff 2
7034
1
hadf-hade 2
2876
1
cjfi-cihg 2
4823
1
eice-eicd 2
758
1
iga-hfi 2
983
1
jic-jid 2
756
1
hff-hfg 2
3300
1
ddab-ddaa 2
9275
1
jcab-jchf 2
1322
1
bcfa-bdcc 2
1321
1
bdcc-bdcb 2
3459
1
dfdd-defj 2
661
1
fij-ggb 2
5463
1
ffdf-fegd 2
4185
1
ebie-ebif 2
8567
1
iejd-ifgh 2
5099
1
fbhd-fajj 2
7119
1
haeh-hbbj 2
7190
2
hcgc-hbja 2
hbbi-hbja 2
7825
1
hicg-hicf 2
8554
1
iffd-iffe 2
3054
1
dbcg-dafe 2
3904
1
djaf-djae 2
2675
1
chej-cghf 2
8241
1
icec-iceb 2
2676
1
cghf-cghg 2
4438
2
edge-eedi 2
eedh-eedi 2
3600
1
dfcg-dgaa 2
2307
1
cdjb-cdah 2
536
1
fdh-fdg 2
3599
2
dhbh-dfjj 2
dgaa-dfjj 2
1801
1
bhch-biab 2
4414
1
eebd-eebe 2
4935
2
eich-ejdf 2
ejdg-ejdf 2
5021
1
ejdf-facb 2
204
1
chi-cae 2
3166
1
daje-dbgg 2
3095
2
dbgh-dajf 2
dacd-dajf 2
6916
1
hade-gjbg 2
1285
1
bbjb-bcif 2
4198
1
ebbc-ebji 2
9447
1
jeei-jeeh 2
9506
1
jdjc-jfag 2
9448
1
jffa-jeei 2
9357
1
jeeh-jdfh 2
9392
1
jdbi-jdjc 2
6862
1
ghii-gigc 2
6523
1
ggdh-gfcd 2
4505
3
efag-efaf 2
efae-efaf 2
eead-efaf 2
4506
1
eeae-efag 2
7403
1
heac-head 2
539
1
fea-fdj 2
540
1
gbc-fea 2
1937
1
cafb-bjdh 2
2052
1
cafd-cafc 2
5426
1
fddc-fecg 2
3309
2
ddid-ddaj 2
dbij-ddaj 2
3384
2
ddba-ddie 2
defi-ddie 2
3920
1
djjc-djca 2
2398
1
cdba-cdji 2
3848
1
djca-diei 2
6824
1
ghfa-gice 2
7201
2
hbcj-hcab 2
hcac-hcab 2
7129
2
hafh-hbcj 2
hcab-hbcj 2
8444
1
ieed-ieee 2
3041
1
cjgj-daeb 2
613
1
gbe-gbd 2
4008
1
eaah-eaai 2
6764
1
ggja-ghge 2
6632
2
gfbe-ggdc 2
ghag-ggdc 2
4123
1
ebcc-ebcd 2
1250
1
bcfb-bcfa 2
4620
1
egbj-egca 2
4691
1
egja-egjb 2
2304
1
cdad-cdae 2
7661
1
hggc-hggb 2
7849
1
hhdf-hiej 2
195
1
bcb-bjf 2
269
1
bjf-cgj 2
2806
1
ciah-ciag 2
3066
1
dagf-dagg 2
3807
1
diag-diah 2
7921
1
hidf-hjcb 2
3879
1
diah-dihj 2
3508
1
dede-dfai 2
3435
2
ddgb-dedf 2
dede-dedf 2
3664
1
dggd-dgge 2
1783
1
bhie-bhid 2
1931
1
caeb-bjdb 2
4600
1
efba-egaa 2
7053
1
gjdj-hafd 2
8221
1
iccc-iccb 2
8320
1
idje-idca 2
1392
1
bdca-bdjc 2
7385
1
hdie-hdif 2
9339
1
jddi-jddj 2
2383
1
cdic-cdid 2
2382
1
cdib-cdic 2
4302
1
ecci-edac 2
6706
2
ghah-ghag 2
ggdc-ghag 2
5589
2
ffbh-ffij 2
ffii-ffij 2
5516
1
feee-ffbg 2
5445
1
ffbh-feef 2
2461
2
cega-cegb 2
cegc-cegb 2
5517
2
ffij-ffbh 2
ffbg-ffbh 2
1861
1
biga-bigb 2
9718
1
jhbj-jhbi 2
5250
1
fbhg-fcfa 2
7750
1
hghg-hhfa 2
5783
1
figb-fhid 2
5848
1
fjcc-fiei 2
7748
1
hhej-hhei 2
2031
2
bjcf-cadb 2
cbcb-cadb 2
458
1
efh-efi 2
7471
1
hfef-hehb 2
3502
1
dfhg-dfac 2
7008
1
haje-haai 2
7093
1
haah-hajd 2
5024
1
facf-face 2
4937
1
ejdi-ejdh 2
6507
1
gfag-gfah 2
6432
2
gedb-gedc 2
gfai-gedc 2
1672
1
bffi-bghc 2
8909
1
ijib-ijaj 2
9344
1
jecg-jdee 2
8908
1
ijaj-ijai 2
5371
1
fdhc-fdhb 2
2497
1
cdid-cejh 2
607
1
gag-gah 2
7330
1
hefc-hdda 2
7331
1
hdda-hddb 2
9004
1
jaaf-jaae 2
5686
1
fiae-fgig 2
8660
1
iffe-igga 2
7452
1
hfcg-hefc 2
3977
1
eahd-djhh 2
8459
2
ifdd-iefj 2
idif-iefj 2
4295
1
ecjg-ecjf 2
4370
1
eeei-edha 2
3308
1
ddaj-ddai 2
8218
1
icbj-icbi 2
2975
1
cjhe-cjhf 2
8220
1
iccb-icca 2
3101
1
dbaa-dbab 2
3047
2
cjhf-daeh 2
dbbj-daeh 2
3100
1
daci-dbaa 2
6629
1
gfbb-ggcj 2
1298
1
bcjj-bcji 2
9863
1
jige-jigd 2
2402
1
ceab-ceac 2
6510
2
gfbb-gfba 2
gfaj-gfba 2
1297
1
bcji-bcjh 2
1296
1
bcjh-bcjg 2
8394
1
idjd-idje 2
1374
1
bdhd-bdhe 2
1406
1
beah-beag 2
1405
3
beag-beaf 2
behh-beaf 2
bddd-beaf 2
6899
1
gjaa-gijj 2
2391
1
cdjc-cdjb 2
1622
2
bgcb-bgcc 2
bgcd-bgcc 2
7303
1
hcdb-hdad 2
9568
1
jgea-jfgi 2
9148
1
jccc-jbei 2
7796
1
hiji-hhjg 2
9211
1
jbdh-jcbb 2
2854
1
cjee-cife 2
3669
1
dgha-dggj 2
2449
1
cefa-ceej 2
4138
1
ecbc-ebdi 2
4356
2
eeda-edfg 2
ecic-edfg 2
5854
1
fifd-fife 2
8128
1
ibcj-ibci 2
4608
1
egah-egai 2
2708
1
cgde-chai 2
4680
2
egai-egia 2
eghj-egia 2
9074
1
jahd-jahe 2
257
1
dff-cfh 2
7636
1
hfgc-hgdg 2
1304
1
bdhg-bdae 2
7135
1
hbde-hbdf 2
2800
1
ciab-ciaa 2
2718
1
ciaa-chbi 2
7933
1
hjde-hjdd 2
2801
1
ciac-ciab 2
1606
1
bgah-bgag 2
4337
1
eddg-eddh 2
1376
1
bdhh-bdhg 2
8214
1
icbf-icbe 2
9279
1
jdfd-jchj 2
8213
1
icbe-icbd 2
6601
1
ggaa-ggab 2
3361
2
ddgc-ddgb 2
dedf-ddgb 2
3272
2
dchb-dchc 2
dchd-dchc 2
3362
1
dchc-ddgc 2
9720
1
jhcb-jhca 2
2236
1
cbge-ccdg 2
5391
1
fegd-fdjb 2
8025
1
iajh-iacf 2
4677
1
ehej-eghh 2
4515
1
egaf-efbf 2
3719
1
dhca-dhbj 2
5810
1
fiie-fiba 2
3691
1
dgjc-dgjb 2
355
1
efd-dff 2
3271
1
ddgb-dchb 2
3273
2
dchc-dchd 2
dche-dchd 2
8222
1
idca-iccc 2
3427
1
deci-dech 2
1034
1
bbai-bade 2
1107
1
badd-bbah 2
9826
1
jicf-jicg 2
4779
1
eiff-ehhj 2
9512
1
jfbb-jfbc 2
6703
1
ggcj-ghad 2
6704
1
ghad-ghae 2
6777
1
ghad-ghhh 2
5807
1
fiai-fiah 2
6597
1
geif-gfjh 2
6700
1
ghhe-ghaa 2
6627
1
ggcg-ggch 2
6715
1
ghbg-ghbf 2
6641
1
ghbf-ggeb 2
8780
1
ihhj-ihia 2
4395
1
edjg-edjf 2
2900
1
chhi-cjaa 2
3980
1
djai-djia 2
3979
1
djah-djhj 2
2367
1
cdgi-cdgh 2
6529
1
gfda-gfcj 2
6909
1
gjai-gjaj 2
4319
1
edjd-edbj 2
7239
1
hcdi-hcdj 2
8941
1
ijea-ijeb 2
1303
1
bdae-bdad 2
4460
1
edhi-eega 2
1221
1
bdad-bccb 2
7262
1
hcgb-hcgc 2
2622
1
cfei-cgcc 2
1502
1
bfad-bfac 2
4851
1
eifc-eifb 2
1503
2
bgad-bfad 2
bedb-bfad 2
4121
1
ebca-ebcb 2
1108
1
bcbi-bbai 2
960
1
bade-jga 2
9427
1
jeci-jech 2
1824
1
bicd-bice 2
2704
1
chaf-chae 2
3188
1
ddai-dbii 2
4282
1
ecib-ecic 2
4767
1
egjf-ehgh 2
7221
1
hcca-hccb 2
5588
1
fgga-ffii 2
5661
1
ffij-fggb 2
9201
1
jcaa-jcab 2
5660
1
fgfj-fgga 2
2899
1
cjaa-cijj 2
4164
1
ebgd-ebge 2
401
1
eaa-eab 2
4936
1
ejdh-ejdg 2
5444
2
fdgc-feee 2
feef-feee 2
7389
1
hcjd-hdij 2
8979
1
ijah-ijhj 2
5442
1
fdga-feec 2
7220
1
hcbj-hcca 2
4876
1
eihf-eihg 2
7311
1
hcdj-hdbb 2
9137
1
jadf-jbdh 2
2053
1
cafe-cafd 2
3298
1
dbic-dcji 2
6890
1
gibg-gija 2
2546
1
cgca-cfeg 2
860
1
ifj-iga 2
412
1
ebb-ebc 2
600
2
ghc-gaa 2
fci-gaa 2
1014
1
babf-babe 2
2697
1
cgji-cgjh 2
5369
1
fdha-fdgj 2
9898
1
jhja-jiji 2
486
1
ebc-eig 2
7229
1
hdab-hccj 2
1781
2
bhia-bhib 2
bhah-bhib 2
6944
2
hafe-gjee 2
gigc-gjee 2
5481
1
feia-feib 2
5552
1
fgce-fffc 2
8217
1
icbi-icbh 2
3414
1
ddea-debe 2
7408
1
hdae-heai 2
9353
1
jeed-jdfd 2
270
1
dhg-cha 2
8040
1
ibbc-iaea 2
7600
1
hghe-hgaa 2
210
1
cie-cba 2
7293
1
hccb-hcjd 2
284
1
dji-cie 2
3663
1
dggc-dggd 2
3665
1
dgge-dggf 2
8147
1
iahf-ibeh 2
8075
1
iaad-iahf 2
4347
1
edei-edeh 2
6952
1
gjfb-gjfc 2
6953
1
gjfc-gjfd 2
5708
1
fgca-fhai 2
5595
1
fggh-ffjf 2
5523
1
ffjf-ffcd 2
5667
1
fhid-fggh 2
6508
1
gfaj-gfai 2
6506
1
ggci-gfag 2
7410
1
heaj-heba 2
402
1
eab-eac 2
7384
1
heig-hdie 2
2025
1
bjcd-cacf 2
4206
1
ecaf-ecag 2
4210
1
ecie-ecba 2
3189
1
dbbh-dbij 2
9790
1
jhbi-jhja 2
3604
1
dfda-dgae 2
7202
2
hche-hcac 2
hcab-hcac 2
197
1
bji-bjh 2
3556
1
dfff-dffg 2
2498
1
cejh-ceji 2
6226
1
gbbg-gccg 2
5624
1
fgcd-fgce 2
1625
2
bgcg-bgcf 2
bgce-bgcf 2
3037
2
cjgf-dadh 2
dadg-dadh 2
2490
1
cfge-ceja 2
9487
1
jeii-jeih 2
7231
1
hcda-hcdb 2
2361
2
ceib-cdgb 2
ccij-cdgb 2
874
1
jei-ihe 2
1217
2
bcbg-bcbh 2
bbah-bcbh 2
6814
1
giii-gibe 2
6888
1
giih-giii 2
6887
1
gjij-giih 2
2993
1
cjje-cjjd 2
3434
2
dedf-dede 2
dedd-dede 2
1381
1
bdaj-bdib 2
3871
1
diha-dihb 2
7162
1
hcde-hbgc 2
4288
2
ecbe-ecii 2
edgc-ecii 2
6943
1
gjee-gjed 2
4338
1
eddh-eddi 2
4339
1
eddi-eddj 2
3718
1
dhbj-dhbi 2
754
1
hfd-hfe 2
7546
1
hgca-hfeg 2
7621
1
hgcc-hgcb 2
8699
1
ihaa-igjj 2
1216
1
bbag-bcbg 2
1780
2
bhib-bhia 2
bhhj-bhia 2
7429
1
hfbb-hecj 2
6160
1
gcfe-gbga 2
2164
1
cbgf-cbge 2
2638
1
cgdh-cgdi 2
1242
1
bced-bcec 2
1243
1
bbcb-bced 2
2564
1
cgdi-cfge 2
1121
1
bbcc-bbcb 2
6436
2
gedh-gedg 2
gfbg-gedg 2
4409
1
efbf-eeaj 2
4516
1
eeba-efbg 2
4410
1
eddg-eeba 2
4336
1
eddf-eddg 2
4283
1
edfh-ecid 2
9650
1
jhcc-jgfa 2
9722
1
jhcb-jhcc 2
8683
1
ihgb-igid 2
4824
2
ehfc-eice 2
eicf-eice 2
3872
1
djee-dihc 2
6867
1
gjfd-gigh 2
3403
1
ddcj-dead 2
6993
1
gjjc-gjjd 2
7007
2
haag-haah 2
haai-haah 2
8460
1
iefj-iega 2
6509
2
gfba-gfaj 2
gedd-gfaj 2
4091
1
ebif-eajb 2
3964
1
dijc-djge 2
2240
1
ccdj-ccea 2
6637
1
ghbb-ggdh 2
4413
2
eddj-eebd 2
eebc-eebd 2
9825
1
jice-jicf 2
7266
2
hdeg-hcgg 2
hbje-hcgg 2
9428
1
jecj-jeci 2
9494
1
jejf-jeje 2
187
1
bbd-bih 2
3943
1
djec-djed 2
9827
1
jicg-jich 2
2920
1
cjjc-cjca 2
1367
1
bcjf-bdgh 2
3685
1
dgig-dgif 2
3488
1
debe-deii 2
2775
1
chhe-chhf 2
3686
1
dgih-dgig 2
4906
1
ejah-ejag 2
4907
1
ejai-ejah 2
4908
1
faag-ejai 2
3678
1
dghj-dghi 2
6188
1
gcha-gbii 2
4057
1
djgj-eafh 2
7366
1
hdgh-hdgg 2
3942
1
eabe-djec 2
6223
1
gcce-gccd 2
5363
1
fcej-fdgd 2
455
1
dgb-eff 2
3310
1
ddaj-ddba 2
6837
2
ghgd-gidh 2
gjbb-gidh 2
7349
1
hdei-hdej 2
2974
1
cjac-cjhe 2
2902
1
chie-cjac 2
8907
1
iidf-ijah 2
2881
2
chgh-ciib 2
ciia-ciib 2
3301
1
ddac-ddab 2
461
1
dhb-egb 2
2802
1
ciad-ciac 2
3349
1
dcfb-ddej 2
3094
1
dajf-daje 2
3274
2
dbgg-dche 2
dchd-dche 2
6628
1
ggch-ggci 2
4402
2
efaa-eeac 2
eeab-eeac 2
3185
1
dbbd-dbif 2
9282
1
jcid-jcic 2
9281
1
jcic-jcib 2
867
1
igg-igh 2
768
1
hgh-hgi 2
4281
1
ecah-ecib 2
9095
1
ijhj-jajf 2
8709
1
ihib-ihaj 2
2301
1
cdaa-cdab 2
4553
2
effc-effd 2
effe-effd 2
4715
1
eged-ehbf 2
5636
1
fgdh-fgdg 2
1029
1
jff-bacj 2
7296
1
hcjf-hcjg 2
3870
1
djec-diha 2
8836
1
ijai-iidg 2
4618
1
egja-egbi 2
6292
1
gdge-gcjc 2
7848
1
hiej-hiei 2
7733
1
hieh-hhdd 2
2868
1
cigh-cigi 2
1845
1
bjbj-bief 2
3183
1
dcjj-dbid 2
9073
1
ijgf-jahd 2
8265
2
ibej-icgf 2
icgg-icgf 2
6486
1
geih-geig 2
4229
1
ebff-eccj 2
2035
1
bjcj-cadf 2
7347
1
hdeg-hdeh 2
1728
1
bhcj-bhci 2
5677
1
fghg-fghh 2
4762
2
ehgd-ehgc 2
eide-ehgc 2
4690
1
ehgc-egja 2
1675
1
bghg-bghf 2
2733
1
chde-chdd 2
1862
2
bjdg-bigc 2
bigb-bigc 2
8134
1
ibdf-ibde 2
4510
1
efaj-efba 2
6110
1
gbbb-gbba 2
2289
2
ccbh-ccij 2
cdgb-ccij 2
858
1
hfg-ifi 2
7133
1
hbdc-hbdd 2
8077
1
ibej-iahh 2
1623
3
bgcc-bgcd 2
bhaj-bgcd 2
bgce-bgcd 2
6299
1
gdhb-gcjj 2
5836
1
fhdi-fidg 2
5910
1
fidg-fjba 2
7137
1
hbdg-hbdh 2
1383
1
bdic-bdid 2
9496
1
jdig-jejg 2
4076
1
eahf-eahg 2
8148
1
ibeh-ibei 2
3801
2
diaa-diab 2
dhch-diab 2
6530
1
gfdb-gfda 2
2076
1
cahf-cahg 2
3023
2
dace-dacd 2
dajf-dacd 2
5936
1
gaba-fjdg 2
5935
1
fjdg-fjdf 2
2371
1
cdhc-cdhb 2
4509
1
efai-efaj 2
45
1
ee-ef 2
3329
1
dcbj-ddcj 2
6277
1
gchg-gchh 2
6278
1
gchh-gchi 2
5377
1
fdhi-fdhh 2
9283
1
jdfh-jcid 2
8625
1
ihch-igcf 2
2122
1
cadg-cbcc 2
3692
1
dgjd-dgjc 2
4774
1
eifa-ehhe 2
5861
1
fjdf-figb 2
8835
1
ihgd-iidf 2
6932
1
gjdb-gjdc 2
6933
1
gjdc-gjdd 2
6364
1
gedg-gdge 2
1957
1
bjfg-bjfh 2
1333
2
bcgb-bddd 2
beaf-bddd 2
3292
2
ddhe-dcjc 2
dcjd-dcjc 2
6172
1
gbhb-gbhc 2
5006
1
faah-faag 2
2548
1
cegg-cfei 2
2478
1
cdfi-cehi 2
2358
1
cdfh-cdfi 2
6433
1
gedc-gedd 2
3293
2
dcjc-dcjd 2
dcje-dcjd 2
955
1
iib-jff 2
8208
1
icaj-icai 2
753
1
ggb-hfd 2
3760
1
didc-dhga 2
8781
1
ihia-ihib 2
948
1
bacc-jei 2
4877
1
eihg-eihh 2
211
1
cba-cbb 2
4947
2
facj-ejeh 2
ejeg-ejeh 2
7006
2
haah-haag 2
haaf-haag 2
7332
1
hddb-hddc 2
6992
1
gija-gjjc 2
528
2
efg-fci 2
gaa-fci 2
403
1
eac-ead 2
2075
1
bjfh-cahf 2
9442
1
jfei-jeec 2
3433
1
dfah-dedd 2
924
1
jji-jce 2
1660
1
bfdi-bgga 2
1789
1
bigd-bhij 2
206
1
bdc-cag 2
1072
1
bbfi-bahc 2
7840
1
hieb-hiea 2
46
1
ef-eg 2
467
2
fdj-egh 2
egg-egh 2
1539
1
begd-bfdj 2
1157
1
bbfg-bbfh 2
868
1
igh-igi 2
