391
68
1
gh-gi 2
69
1
gi-gj 2
59
1
fi-fj 2
67
1
gg-gh 2
70
1
gj-ha 2
63
1
gc-gd 2
64
1
gd-ge 2
66
1
gf-gg 2
62
1
gb-gc 2
60
1
fj-ga 2
65
1
ge-gf 2
76
1
hf-hg 2
71
1
ha-hb 2
72
1
hb-hc 2
74
1
hd-he 2
73
1
hc-hd 2
75
1
he-hf 2
78
1
hh-hi 2
77
1
hg-hh 2
472
1
ehb-ehc 2
469
1
egi-egj 2
475
1
ehe-ehf 2
471
1
eha-ehb 2
470
1
egj-eha 2
476
1
ehf-ehg 2
473
1
ehc-ehd 2
478
1
ehh-ehi 2
468
1
egh-egi 2
474
1
ehd-ehe 2
467
1
ejj-egh 2
490
1
eij-eja 2
491
1
eja-ejb 2
484
1
eid-eie 2
485
1
eie-eif 2
488
1
eih-eii 2
486
1
eif-eig 2
480
1
ehj-eia 2
493
1
ejc-ejd 2
494
1
ejd-eje 2
498
1
ejh-eji 2
492
1
ejb-ejc 2
497
1
ejg-ejh 2
496
1
ejf-ejg 2
495
1
eje-ejf 2
499
1
dba-ejj 2
0
1
eji-a 2
31
2
da-db 2
ejj-db 2
29
1
ci-cj 2
30
1
cj-da 2
32
1
db-dc 2
33
1
dc-dd 2
35
1
de-df 2
36
1
df-dg 2
28
1
ch-ci 2
26
1
cf-cg 2
27
1
cg-ch 2
34
1
dd-de 2
241
1
cea-ceb 2
243
1
cec-ced 2
246
1
cef-ceg 2
242
1
ceb-cec 2
247
1
ceg-ceh 2
240
1
cdj-cea 2
244
1
ced-cee 2
250
1
cej-cfa 2
248
1
ceh-cei 2
259
1
cfi-cfj 2
260
1
cfj-cga 2
261
1
cga-cgb 2
262
1
cgb-cgc 2
257
1
cfg-cfh 2
263
2
cgc-cgd 2
ejj-cgd 2
264
1
cgd-cge 2
256
1
cff-cfg 2
258
1
cfh-cfi 2
269
1
cgi-cgj 2
272
1
chb-chc 2
276
1
chf-chg 2
270
1
cgj-cha 2
277
1
chg-chh 2
268
1
cgh-cgi 2
265
1
cge-cgf 2
267
1
cgg-cgh 2
274
1
chd-che 2
275
2
che-chf 2
ejj-chf 2
266
1
cgf-cgg 2
282
1
cib-cic 2
283
1
cic-cid 2
281
1
cia-cib 2
284
1
cid-cie 2
278
1
chh-chi 2
280
1
chj-cia 2
279
2
chi-chj 2
ejj-chj 2
82
1
ib-ic 2
84
1
id-ie 2
86
1
if-ig 2
85
1
ie-if 2
45
1
ee-ef 2
43
1
ec-ed 2
40
1
dj-ea 2
46
1
ef-eg 2
37
1
dg-dh 2
42
1
eb-ec 2
41
1
ea-eb 2
47
1
ejj-eh 2
38
1
dh-di 2
39
2
di-dj 2
ejj-dj 2
44
1
ed-ee 2
49
1
ei-ej 2
50
1
ej-fa 2
51
1
fa-fb 2
53
1
fc-fd 2
52
1
fb-fc 2
48
1
eh-ei 2
54
1
fd-fe 2
16
1
bf-bg 2
25
1
ejj-cf 2
21
1
ca-cb 2
20
1
bj-ca 2
14
1
bd-be 2
22
1
cb-cc 2
15
1
be-bf 2
17
1
bg-bh 2
18
1
bh-bi 2
24
1
cd-ce 2
461
1
ega-egb 2
463
1
egc-egd 2
464
1
egd-ege 2
456
1
eff-efg 2
462
1
egb-egc 2
460
1
efj-ega 2
458
1
efh-efi 2
459
1
efi-efj 2
457
1
efg-efh 2
454
1
efd-efe 2
378
1
dhh-dhi 2
383
1
dic-did 2
382
1
dib-dic 2
385
1
die-dif 2
379
1
dhi-dhj 2
384
1
did-die 2
381
1
dia-dib 2
386
1
dif-dig 2
387
1
dig-dih 2
376
1
dhf-dhg 2
375
1
dhe-dhf 2
380
1
dhj-dia 2
377
1
dhg-dhh 2
390
1
dij-dja 2
398
1
djh-dji 2
393
1
djc-djd 2
396
1
djf-djg 2
399
1
dji-djj 2
388
1
dih-dii 2
395
1
dje-djf 2
400
1
djj-eaa 2
391
1
dja-djb 2
392
1
djb-djc 2
389
1
dii-dij 2
394
1
djd-dje 2
408
1
eah-eai 2
412
1
ebb-ebc 2
402
1
eab-eac 2
407
1
eag-eah 2
405
1
eae-eaf 2
406
1
eaf-eag 2
413
1
ebc-ebd 2
411
1
eba-ebb 2
401
1
eaa-eab 2
403
1
eac-ead 2
409
2
eai-eaj 2
ejj-eaj 2
404
1
ead-eae 2
410
1
eaj-eba 2
426
1
ecf-ecg 2
415
1
ebe-ebf 2
416
1
ebf-ebg 2
418
1
ebh-ebi 2
420
1
ebj-eca 2
421
1
eca-ecb 2
419
1
ebi-ebj 2
423
1
ecc-ecd 2
414
1
ebd-ebe 2
417
1
ebg-ebh 2
424
1
ecd-ece 2
425
1
ece-ecf 2
422
1
ecb-ecc 2
432
1
edb-edc 2
430
1
ecj-eda 2
437
1
edg-edh 2
434
1
edd-ede 2
436
1
edf-edg 2
438
1
edh-edi 2
428
1
ech-eci 2
431
2
eda-edb 2
ejj-edb 2
435
1
ede-edf 2
433
1
edc-edd 2
427
1
ecg-ech 2
442
1
eeb-eec 2
439
1
edi-edj 2
446
1
eef-eeg 2
444
1
eed-eee 2
447
1
eeg-eeh 2
445
1
eee-eef 2
440
1
edj-eea 2
441
1
eea-eeb 2
448
1
eeh-eei 2
443
1
eec-eed 2
158
1
bfh-bfi 2
159
1
bfi-bfj 2
152
1
bfb-bfc 2
156
1
bff-bfg 2
160
1
bfj-bga 2
150
1
bej-bfa 2
149
1
bei-bej 2
154
1
bfd-bfe 2
151
1
bfa-bfb 2
153
1
bfc-bfd 2
164
1
bgd-bge 2
168
1
bgh-bgi 2
166
1
bgf-bgg 2
169
1
bgi-bgj 2
170
1
bgj-bha 2
179
1
bhi-bhj 2
172
1
bhb-bhc 2
174
1
bhd-bhe 2
180
1
bhj-bia 2
173
1
bhc-bhd 2
178
1
bhh-bhi 2
182
1
bib-bic 2
184
1
bid-bie 2
194
1
bjd-bje 2
189
2
bii-bij 2
ejj-bij 2
190
1
bij-bja 2
187
1
big-bih 2
192
1
bjb-bjc 2
191
1
bja-bjb 2
188
1
bih-bii 2
193
1
bjc-bjd 2
186
1
bif-big 2
230
1
ccj-cda 2
233
1
cdc-cdd 2
235
1
cde-cdf 2
231
1
cda-cdb 2
229
1
cci-ccj 2
237
1
cdg-cdh 2
234
1
cdd-cde 2
236
1
cdf-cdg 2
238
1
cdh-cdi 2
227
1
ccg-cch 2
232
1
cdb-cdc 2
228
1
cch-cci 2
239
2
cdi-cdj 2
ejj-cdj 2
204
1
cad-cae 2
200
1
bjj-caa 2
198
1
bjh-bji 2
197
1
bjg-bjh 2
196
1
bjf-bjg 2
199
1
bji-bjj 2
195
1
bje-bjf 2
206
1
caf-cag 2
202
1
cab-cac 2
218
1
cbh-cbi 2
219
1
cbi-cbj 2
222
1
ccb-ccc 2
220
1
cbj-cca 2
221
1
cca-ccb 2
224
1
ccd-cce 2
225
1
cce-ccf 2
226
1
ccf-ccg 2
223
1
ccc-ccd 2
143
1
bec-bed 2
147
1
beg-beh 2
142
1
beb-bec 2
140
1
bdj-bea 2
138
1
bdh-bdi 2
139
1
bdi-bdj 2
144
1
bed-bee 2
146
1
bef-beg 2
141
1
bea-beb 2
145
1
bee-bef 2
148
1
beh-bei 2
323
1
dcc-dcd 2
319
1
dbi-dbj 2
320
1
dbj-dca 2
326
1
dcf-dcg 2
321
1
dca-dcb 2
325
1
dce-dcf 2
322
1
dcb-dcc 2
318
1
dbh-dbi 2
328
1
dch-dci 2
329
1
dci-dcj 2
324
1
dcd-dce 2
317
1
dbg-dbh 2
292
1
cjb-cjc 2
291
1
cja-cjb 2
290
1
cij-cja 2
286
1
cif-cig 2
289
1
cii-cij 2
287
1
cig-cih 2
285
1
cie-cif 2
293
1
cjc-cjd 2
288
1
cih-cii 2
297
1
cjg-cjh 2
294
1
cjd-cje 2
310
1
daj-dba 2
305
1
dae-daf 2
304
1
dad-dae 2
298
1
cjh-cji 2
306
1
daf-dag 2
300
1
cjj-daa 2
308
1
dah-dai 2
312
1
dbb-dbc 2
315
1
dbe-dbf 2
316
1
dbf-dbg 2
313
1
dbc-dbd 2
314
1
dbd-dbe 2
6
1
f-g 2
7
1
ejj-h 2
8
1
h-i 2
10
1
j-ba 2
11
1
ba-bb 2
12
1
bb-bc 2
9
1
i-j 2
13
1
bc-bd 2
106
1
baf-bag 2
105
1
bae-baf 2
108
1
bah-bai 2
107
1
bag-bah 2
113
1
bbc-bbd 2
103
1
bac-bad 2
110
1
baj-bba 2
104
1
bad-bae 2
112
1
bbb-bbc 2
97
1
jg-jh 2
99
1
ji-jj 2
100
1
jj-baa 2
101
1
baa-bab 2
98
1
jh-ji 2
94
1
jd-je 2
93
1
jc-jd 2
95
1
je-jf 2
102
1
bab-bac 2
96
1
jf-jg 2
130
1
bcj-bda 2
133
1
bdc-bdd 2
135
1
bde-bdf 2
134
1
bdd-bde 2
136
1
bdf-bdg 2
131
1
bda-bdb 2
137
1
bdg-bdh 2
132
1
bdb-bdc 2
128
1
bch-bci 2
122
1
bcb-bcc 2
124
1
bcd-bce 2
332
1
ddb-ddc 2
331
1
dda-ddb 2
335
1
dde-ddf 2
337
1
ddg-ddh 2
333
1
ddc-ddd 2
340
1
ddj-dea 2
330
1
dcj-dda 2
338
1
ddh-ddi 2
334
1
ddd-dde 2
336
1
ddf-ddg 2
346
1
def-deg 2
352
1
dfb-dfc 2
349
1
dei-dej 2
345
1
dee-def 2
350
1
dej-dfa 2
344
1
ded-dee 2
347
1
deg-deh 2
348
1
deh-dei 2
343
2
dec-ded 2
ejj-ded 2
351
1
dfa-dfb 2
365
1
dge-dgf 2
363
2
dgc-dgd 2
ejj-dgd 2
367
1
dgg-dgh 2
358
1
dfh-dfi 2
366
1
dgf-dgg 2
368
1
dgh-dgi 2
359
2
dfi-dfj 2
ejj-dfj 2
361
1
dga-dgb 2
362
1
dgb-dgc 2
360
1
dfj-dga 2
364
1
dgd-dge 2
371
1
dha-dhb 2
374
1
dhd-dhe 2
372
1
dhb-dhc 2
370
1
dgj-dha 2
373
1
dhc-dhd 2
369
1
dgi-dgj 2
